{"C:\\Users\\Jayant\\Documents\\projects\\docsshelf\\src\\services\\auth\\index.ts": {"path":"C:\\Users\\Jayant\\Documents\\projects\\docsshelf\\src\\services\\auth\\index.ts","statementMap":{"0":{"start":{"line":20,"column":30},"end":{"line":20,"column":57}},"1":{"start":{"line":24,"column":4},"end":{"line":24,"column":41}},"2":{"start":{"line":29,"column":4},"end":{"line":52,"column":5}},"3":{"start":{"line":31,"column":6},"end":{"line":31,"column":47}},"4":{"start":{"line":34,"column":19},"end":{"line":34,"column":67}},"5":{"start":{"line":35,"column":27},"end":{"line":35,"column":79}},"6":{"start":{"line":38,"column":19},"end":{"line":42,"column":8}},"7":{"start":{"line":45,"column":28},"end":{"line":45,"column":59}},"8":{"start":{"line":46,"column":6},"end":{"line":46,"column":78}},"9":{"start":{"line":48,"column":6},"end":{"line":48,"column":18}},"10":{"start":{"line":50,"column":6},"end":{"line":50,"column":51}},"11":{"start":{"line":51,"column":6},"end":{"line":51,"column":18}},"12":{"start":{"line":57,"column":4},"end":{"line":88,"column":5}},"13":{"start":{"line":58,"column":19},"end":{"line":58,"column":74}},"14":{"start":{"line":59,"column":6},"end":{"line":61,"column":7}},"15":{"start":{"line":60,"column":8},"end":{"line":60,"column":47}},"16":{"start":{"line":64,"column":26},"end":{"line":67,"column":7}},"17":{"start":{"line":68,"column":6},"end":{"line":75,"column":7}},"18":{"start":{"line":69,"column":8},"end":{"line":73,"column":10}},"19":{"start":{"line":74,"column":8},"end":{"line":74,"column":47}},"20":{"start":{"line":78,"column":6},"end":{"line":82,"column":8}},"21":{"start":{"line":84,"column":6},"end":{"line":84,"column":18}},"22":{"start":{"line":86,"column":6},"end":{"line":86,"column":44}},"23":{"start":{"line":87,"column":6},"end":{"line":87,"column":18}},"24":{"start":{"line":93,"column":4},"end":{"line":109,"column":5}},"25":{"start":{"line":94,"column":28},"end":{"line":94,"column":69}},"26":{"start":{"line":96,"column":6},"end":{"line":98,"column":7}},"27":{"start":{"line":97,"column":8},"end":{"line":97,"column":66}},"28":{"start":{"line":100,"column":26},"end":{"line":103,"column":8}},"29":{"start":{"line":105,"column":6},"end":{"line":105,"column":21}},"30":{"start":{"line":107,"column":6},"end":{"line":107,"column":63}},"31":{"start":{"line":108,"column":6},"end":{"line":108,"column":19}},"32":{"start":{"line":114,"column":4},"end":{"line":128,"column":5}},"33":{"start":{"line":115,"column":22},"end":{"line":115,"column":61}},"34":{"start":{"line":116,"column":6},"end":{"line":123,"column":7}},"35":{"start":{"line":117,"column":8},"end":{"line":121,"column":10}},"36":{"start":{"line":122,"column":8},"end":{"line":122,"column":20}},"37":{"start":{"line":124,"column":6},"end":{"line":124,"column":19}},"38":{"start":{"line":126,"column":6},"end":{"line":126,"column":62}},"39":{"start":{"line":127,"column":6},"end":{"line":127,"column":19}},"40":{"start":{"line":133,"column":4},"end":{"line":138,"column":5}},"41":{"start":{"line":134,"column":6},"end":{"line":134,"column":67}},"42":{"start":{"line":136,"column":6},"end":{"line":136,"column":60}},"43":{"start":{"line":137,"column":6},"end":{"line":137,"column":18}},"44":{"start":{"line":143,"column":4},"end":{"line":145,"column":5}},"45":{"start":{"line":144,"column":6},"end":{"line":144,"column":70}},"46":{"start":{"line":147,"column":25},"end":{"line":147,"column":47}},"47":{"start":{"line":148,"column":25},"end":{"line":148,"column":47}},"48":{"start":{"line":149,"column":23},"end":{"line":149,"column":42}},"49":{"start":{"line":150,"column":23},"end":{"line":150,"column":75}},"50":{"start":{"line":152,"column":4},"end":{"line":156,"column":5}},"51":{"start":{"line":153,"column":6},"end":{"line":155,"column":8}},"52":{"start":{"line":161,"column":4},"end":{"line":165,"column":5}},"53":{"start":{"line":162,"column":6},"end":{"line":162,"column":74}},"54":{"start":{"line":164,"column":6},"end":{"line":164,"column":53}},"55":{"start":{"line":174,"column":4},"end":{"line":210,"column":5}},"56":{"start":{"line":175,"column":19},"end":{"line":175,"column":59}},"57":{"start":{"line":176,"column":6},"end":{"line":178,"column":7}},"58":{"start":{"line":177,"column":8},"end":{"line":177,"column":42}},"59":{"start":{"line":181,"column":26},"end":{"line":184,"column":7}},"60":{"start":{"line":185,"column":6},"end":{"line":187,"column":7}},"61":{"start":{"line":186,"column":8},"end":{"line":186,"column":57}},"62":{"start":{"line":190,"column":6},"end":{"line":190,"column":41}},"63":{"start":{"line":193,"column":22},"end":{"line":193,"column":70}},"64":{"start":{"line":194,"column":30},"end":{"line":194,"column":79}},"65":{"start":{"line":197,"column":6},"end":{"line":200,"column":9}},"66":{"start":{"line":202,"column":6},"end":{"line":206,"column":8}},"67":{"start":{"line":208,"column":6},"end":{"line":208,"column":54}},"68":{"start":{"line":209,"column":6},"end":{"line":209,"column":18}},"69":{"start":{"line":218,"column":4},"end":{"line":223,"column":5}},"70":{"start":{"line":219,"column":6},"end":{"line":219,"column":63}},"71":{"start":{"line":221,"column":6},"end":{"line":221,"column":56}},"72":{"start":{"line":222,"column":6},"end":{"line":222,"column":16}}},"fnMap":{"0":{"name":"(anonymous_0)","decl":{"start":{"line":23,"column":2},"end":{"line":23,"column":3}},"loc":{"start":{"line":23,"column":37},"end":{"line":25,"column":3}},"line":23},"1":{"name":"(anonymous_1)","decl":{"start":{"line":28,"column":2},"end":{"line":28,"column":3}},"loc":{"start":{"line":28,"column":63},"end":{"line":53,"column":3}},"line":28},"2":{"name":"(anonymous_2)","decl":{"start":{"line":56,"column":2},"end":{"line":56,"column":3}},"loc":{"start":{"line":56,"column":74},"end":{"line":89,"column":3}},"line":56},"3":{"name":"(anonymous_3)","decl":{"start":{"line":92,"column":2},"end":{"line":92,"column":3}},"loc":{"start":{"line":92,"column":62},"end":{"line":110,"column":3}},"line":92},"4":{"name":"(anonymous_4)","decl":{"start":{"line":113,"column":2},"end":{"line":113,"column":3}},"loc":{"start":{"line":113,"column":68},"end":{"line":129,"column":3}},"line":113},"5":{"name":"(anonymous_5)","decl":{"start":{"line":132,"column":2},"end":{"line":132,"column":3}},"loc":{"start":{"line":132,"column":76},"end":{"line":139,"column":3}},"line":132},"6":{"name":"(anonymous_6)","decl":{"start":{"line":142,"column":2},"end":{"line":142,"column":3}},"loc":{"start":{"line":142,"column":58},"end":{"line":157,"column":3}},"line":142},"7":{"name":"(anonymous_7)","decl":{"start":{"line":160,"column":2},"end":{"line":160,"column":3}},"loc":{"start":{"line":160,"column":53},"end":{"line":166,"column":3}},"line":160},"8":{"name":"(anonymous_8)","decl":{"start":{"line":169,"column":2},"end":{"line":169,"column":3}},"loc":{"start":{"line":173,"column":19},"end":{"line":211,"column":3}},"line":173},"9":{"name":"(anonymous_9)","decl":{"start":{"line":214,"column":2},"end":{"line":214,"column":3}},"loc":{"start":{"line":217,"column":25},"end":{"line":224,"column":3}},"line":217}},"branchMap":{"0":{"loc":{"start":{"line":59,"column":6},"end":{"line":61,"column":7}},"type":"if","locations":[{"start":{"line":59,"column":6},"end":{"line":61,"column":7}},{"start":{},"end":{}}],"line":59},"1":{"loc":{"start":{"line":68,"column":6},"end":{"line":75,"column":7}},"type":"if","locations":[{"start":{"line":68,"column":6},"end":{"line":75,"column":7}},{"start":{},"end":{}}],"line":68},"2":{"loc":{"start":{"line":96,"column":6},"end":{"line":98,"column":7}},"type":"if","locations":[{"start":{"line":96,"column":6},"end":{"line":98,"column":7}},{"start":{},"end":{}}],"line":96},"3":{"loc":{"start":{"line":116,"column":6},"end":{"line":123,"column":7}},"type":"if","locations":[{"start":{"line":116,"column":6},"end":{"line":123,"column":7}},{"start":{},"end":{}}],"line":116},"4":{"loc":{"start":{"line":143,"column":4},"end":{"line":145,"column":5}},"type":"if","locations":[{"start":{"line":143,"column":4},"end":{"line":145,"column":5}},{"start":{},"end":{}}],"line":143},"5":{"loc":{"start":{"line":152,"column":4},"end":{"line":156,"column":5}},"type":"if","locations":[{"start":{"line":152,"column":4},"end":{"line":156,"column":5}},{"start":{},"end":{}}],"line":152},"6":{"loc":{"start":{"line":152,"column":8},"end":{"line":152,"column":68}},"type":"binary-expr","locations":[{"start":{"line":152,"column":8},"end":{"line":152,"column":21}},{"start":{"line":152,"column":25},"end":{"line":152,"column":38}},{"start":{"line":152,"column":42},"end":{"line":152,"column":53}},{"start":{"line":152,"column":57},"end":{"line":152,"column":68}}],"line":152},"7":{"loc":{"start":{"line":176,"column":6},"end":{"line":178,"column":7}},"type":"if","locations":[{"start":{"line":176,"column":6},"end":{"line":178,"column":7}},{"start":{},"end":{}}],"line":176},"8":{"loc":{"start":{"line":176,"column":10},"end":{"line":176,"column":37}},"type":"binary-expr","locations":[{"start":{"line":176,"column":10},"end":{"line":176,"column":15}},{"start":{"line":176,"column":19},"end":{"line":176,"column":37}}],"line":176},"9":{"loc":{"start":{"line":185,"column":6},"end":{"line":187,"column":7}},"type":"if","locations":[{"start":{"line":185,"column":6},"end":{"line":187,"column":7}},{"start":{},"end":{}}],"line":185},"10":{"loc":{"start":{"line":216,"column":4},"end":{"line":216,"column":22}},"type":"default-arg","locations":[{"start":{"line":216,"column":20},"end":{"line":216,"column":22}}],"line":216}},"s":{"0":3,"1":0,"2":2,"3":2,"4":1,"5":1,"6":1,"7":1,"8":1,"9":1,"10":1,"11":1,"12":3,"13":3,"14":3,"15":1,"16":2,"17":2,"18":1,"19":1,"20":1,"21":1,"22":2,"23":2,"24":2,"25":2,"26":2,"27":1,"28":1,"29":1,"30":1,"31":1,"32":0,"33":0,"34":0,"35":0,"36":0,"37":0,"38":0,"39":0,"40":2,"41":2,"42":0,"43":0,"44":3,"45":1,"46":2,"47":2,"48":2,"49":2,"50":2,"51":0,"52":0,"53":0,"54":0,"55":2,"56":2,"57":2,"58":0,"59":2,"60":2,"61":1,"62":1,"63":1,"64":1,"65":1,"66":1,"67":1,"68":1,"69":0,"70":0,"71":0,"72":0},"f":{"0":0,"1":2,"2":3,"3":2,"4":0,"5":2,"6":3,"7":0,"8":2,"9":0},"b":{"0":[1,2],"1":[1,1],"2":[1,1],"3":[0,0],"4":[1,2],"5":[0,2],"6":[2,2,2,2],"7":[0,2],"8":[2,2],"9":[1,1],"10":[0]},"_coverageSchema":"1a1c01bbd47fc00a2c39e90264f33305004495a9","hash":"d4e9aa90fe3e9c0958b0de8bda377bcb6b6f1896"}
,"C:\\Users\\Jayant\\Documents\\projects\\docsshelf\\src\\services\\database\\index.ts": {"path":"C:\\Users\\Jayant\\Documents\\projects\\docsshelf\\src\\services\\database\\index.ts","statementMap":{"0":{"start":{"line":58,"column":52},"end":{"line":58,"column":56}},"1":{"start":{"line":59,"column":36},"end":{"line":59,"column":50}},"2":{"start":{"line":60,"column":39},"end":{"line":60,"column":40}},"3":{"start":{"line":63,"column":43},"end":{"line":166,"column":3}},"4":{"start":{"line":69,"column":8},"end":{"line":81,"column":11}},"5":{"start":{"line":84,"column":8},"end":{"line":94,"column":11}},"6":{"start":{"line":97,"column":8},"end":{"line":112,"column":11}},"7":{"start":{"line":115,"column":8},"end":{"line":121,"column":11}},"8":{"start":{"line":129,"column":8},"end":{"line":139,"column":11}},"9":{"start":{"line":142,"column":8},"end":{"line":144,"column":11}},"10":{"start":{"line":146,"column":8},"end":{"line":148,"column":11}},"11":{"start":{"line":152,"column":8},"end":{"line":154,"column":11}},"12":{"start":{"line":156,"column":8},"end":{"line":158,"column":11}},"13":{"start":{"line":161,"column":8},"end":{"line":163,"column":11}},"14":{"start":{"line":170,"column":4},"end":{"line":181,"column":5}},"15":{"start":{"line":171,"column":6},"end":{"line":174,"column":9}},"16":{"start":{"line":176,"column":6},"end":{"line":176,"column":33}},"17":{"start":{"line":177,"column":6},"end":{"line":177,"column":55}},"18":{"start":{"line":179,"column":6},"end":{"line":179,"column":61}},"19":{"start":{"line":180,"column":6},"end":{"line":180,"column":18}},"20":{"start":{"line":186,"column":4},"end":{"line":186,"column":62}},"21":{"start":{"line":186,"column":18},"end":{"line":186,"column":62}},"22":{"start":{"line":188,"column":4},"end":{"line":222,"column":5}},"23":{"start":{"line":190,"column":6},"end":{"line":196,"column":9}},"24":{"start":{"line":199,"column":23},"end":{"line":201,"column":7}},"25":{"start":{"line":202,"column":29},"end":{"line":202,"column":68}},"26":{"start":{"line":205,"column":6},"end":{"line":216,"column":7}},"27":{"start":{"line":206,"column":8},"end":{"line":215,"column":9}},"28":{"start":{"line":207,"column":10},"end":{"line":207,"column":62}},"29":{"start":{"line":208,"column":10},"end":{"line":208,"column":38}},"30":{"start":{"line":211,"column":10},"end":{"line":214,"column":12}},"31":{"start":{"line":218,"column":6},"end":{"line":218,"column":55}},"32":{"start":{"line":220,"column":6},"end":{"line":220,"column":56}},"33":{"start":{"line":221,"column":6},"end":{"line":221,"column":18}},"34":{"start":{"line":227,"column":4},"end":{"line":227,"column":62}},"35":{"start":{"line":227,"column":18},"end":{"line":227,"column":62}},"36":{"start":{"line":229,"column":4},"end":{"line":254,"column":5}},"37":{"start":{"line":230,"column":23},"end":{"line":233,"column":7}},"38":{"start":{"line":235,"column":6},"end":{"line":248,"column":7}},"39":{"start":{"line":235,"column":19},"end":{"line":235,"column":20}},"40":{"start":{"line":236,"column":26},"end":{"line":236,"column":45}},"41":{"start":{"line":237,"column":29},"end":{"line":237,"column":79}},"42":{"start":{"line":237,"column":57},"end":{"line":237,"column":78}},"43":{"start":{"line":239,"column":8},"end":{"line":242,"column":9}},"44":{"start":{"line":240,"column":10},"end":{"line":240,"column":67}},"45":{"start":{"line":241,"column":10},"end":{"line":241,"column":43}},"46":{"start":{"line":245,"column":8},"end":{"line":247,"column":11}},"47":{"start":{"line":250,"column":6},"end":{"line":250,"column":55}},"48":{"start":{"line":252,"column":6},"end":{"line":252,"column":61}},"49":{"start":{"line":253,"column":6},"end":{"line":253,"column":18}},"50":{"start":{"line":261,"column":4},"end":{"line":261,"column":62}},"51":{"start":{"line":261,"column":18},"end":{"line":261,"column":62}},"52":{"start":{"line":263,"column":15},"end":{"line":263,"column":36}},"53":{"start":{"line":264,"column":16},"end":{"line":264,"column":40}},"54":{"start":{"line":266,"column":23},"end":{"line":271,"column":5}},"55":{"start":{"line":273,"column":4},"end":{"line":299,"column":5}},"56":{"start":{"line":274,"column":6},"end":{"line":288,"column":8}},"57":{"start":{"line":290,"column":6},"end":{"line":294,"column":8}},"58":{"start":{"line":295,"column":6},"end":{"line":295,"column":18}},"59":{"start":{"line":297,"column":6},"end":{"line":297,"column":53}},"60":{"start":{"line":298,"column":6},"end":{"line":298,"column":18}},"61":{"start":{"line":303,"column":4},"end":{"line":303,"column":62}},"62":{"start":{"line":303,"column":18},"end":{"line":303,"column":62}},"63":{"start":{"line":305,"column":4},"end":{"line":322,"column":5}},"64":{"start":{"line":306,"column":24},"end":{"line":309,"column":7}},"65":{"start":{"line":311,"column":6},"end":{"line":317,"column":7}},"66":{"start":{"line":312,"column":20},"end":{"line":312,"column":40}},"67":{"start":{"line":313,"column":8},"end":{"line":316,"column":10}},"68":{"start":{"line":318,"column":6},"end":{"line":318,"column":18}},"69":{"start":{"line":320,"column":6},"end":{"line":320,"column":50}},"70":{"start":{"line":321,"column":6},"end":{"line":321,"column":18}},"71":{"start":{"line":326,"column":4},"end":{"line":326,"column":62}},"72":{"start":{"line":326,"column":18},"end":{"line":326,"column":62}},"73":{"start":{"line":328,"column":16},"end":{"line":328,"column":40}},"74":{"start":{"line":329,"column":19},"end":{"line":329,"column":21}},"75":{"start":{"line":330,"column":19},"end":{"line":330,"column":21}},"76":{"start":{"line":332,"column":4},"end":{"line":335,"column":5}},"77":{"start":{"line":333,"column":6},"end":{"line":333,"column":35}},"78":{"start":{"line":334,"column":6},"end":{"line":334,"column":37}},"79":{"start":{"line":336,"column":4},"end":{"line":339,"column":5}},"80":{"start":{"line":337,"column":6},"end":{"line":337,"column":34}},"81":{"start":{"line":338,"column":6},"end":{"line":338,"column":36}},"82":{"start":{"line":340,"column":4},"end":{"line":343,"column":5}},"83":{"start":{"line":341,"column":6},"end":{"line":341,"column":38}},"84":{"start":{"line":342,"column":6},"end":{"line":342,"column":56}},"85":{"start":{"line":344,"column":4},"end":{"line":347,"column":5}},"86":{"start":{"line":345,"column":6},"end":{"line":345,"column":38}},"87":{"start":{"line":346,"column":6},"end":{"line":346,"column":40}},"88":{"start":{"line":348,"column":4},"end":{"line":351,"column":5}},"89":{"start":{"line":349,"column":6},"end":{"line":349,"column":30}},"90":{"start":{"line":350,"column":6},"end":{"line":350,"column":32}},"91":{"start":{"line":353,"column":4},"end":{"line":353,"column":33}},"92":{"start":{"line":354,"column":4},"end":{"line":354,"column":21}},"93":{"start":{"line":355,"column":4},"end":{"line":355,"column":20}},"94":{"start":{"line":357,"column":4},"end":{"line":367,"column":5}},"95":{"start":{"line":358,"column":6},"end":{"line":361,"column":8}},"96":{"start":{"line":363,"column":6},"end":{"line":363,"column":68}},"97":{"start":{"line":365,"column":6},"end":{"line":365,"column":53}},"98":{"start":{"line":366,"column":6},"end":{"line":366,"column":18}},"99":{"start":{"line":377,"column":4},"end":{"line":377,"column":62}},"100":{"start":{"line":377,"column":18},"end":{"line":377,"column":62}},"101":{"start":{"line":379,"column":15},"end":{"line":379,"column":78}},"102":{"start":{"line":380,"column":22},"end":{"line":380,"column":46}},"103":{"start":{"line":382,"column":4},"end":{"line":390,"column":5}},"104":{"start":{"line":383,"column":6},"end":{"line":386,"column":8}},"105":{"start":{"line":388,"column":6},"end":{"line":388,"column":51}},"106":{"start":{"line":397,"column":4},"end":{"line":397,"column":62}},"107":{"start":{"line":397,"column":18},"end":{"line":397,"column":62}},"108":{"start":{"line":399,"column":4},"end":{"line":413,"column":5}},"109":{"start":{"line":400,"column":24},"end":{"line":403,"column":7}},"110":{"start":{"line":405,"column":31},"end":{"line":405,"column":33}},"111":{"start":{"line":406,"column":6},"end":{"line":408,"column":7}},"112":{"start":{"line":406,"column":19},"end":{"line":406,"column":20}},"113":{"start":{"line":407,"column":8},"end":{"line":407,"column":40}},"114":{"start":{"line":409,"column":6},"end":{"line":409,"column":18}},"115":{"start":{"line":411,"column":6},"end":{"line":411,"column":56}},"116":{"start":{"line":412,"column":6},"end":{"line":412,"column":18}},"117":{"start":{"line":428,"column":4},"end":{"line":428,"column":62}},"118":{"start":{"line":428,"column":18},"end":{"line":428,"column":62}},"119":{"start":{"line":430,"column":15},"end":{"line":430,"column":36}},"120":{"start":{"line":431,"column":16},"end":{"line":431,"column":40}},"121":{"start":{"line":433,"column":4},"end":{"line":463,"column":5}},"122":{"start":{"line":434,"column":6},"end":{"line":452,"column":8}},"123":{"start":{"line":454,"column":6},"end":{"line":458,"column":8}},"124":{"start":{"line":459,"column":6},"end":{"line":459,"column":16}},"125":{"start":{"line":461,"column":6},"end":{"line":461,"column":64}},"126":{"start":{"line":462,"column":6},"end":{"line":462,"column":18}},"127":{"start":{"line":467,"column":4},"end":{"line":467,"column":62}},"128":{"start":{"line":467,"column":18},"end":{"line":467,"column":62}},"129":{"start":{"line":469,"column":4},"end":{"line":488,"column":5}},"130":{"start":{"line":470,"column":24},"end":{"line":473,"column":7}},"131":{"start":{"line":475,"column":36},"end":{"line":475,"column":38}},"132":{"start":{"line":476,"column":6},"end":{"line":483,"column":7}},"133":{"start":{"line":476,"column":19},"end":{"line":476,"column":20}},"134":{"start":{"line":477,"column":20},"end":{"line":477,"column":40}},"135":{"start":{"line":478,"column":8},"end":{"line":482,"column":11}},"136":{"start":{"line":484,"column":6},"end":{"line":484,"column":23}},"137":{"start":{"line":486,"column":6},"end":{"line":486,"column":55}},"138":{"start":{"line":487,"column":6},"end":{"line":487,"column":18}},"139":{"start":{"line":497,"column":4},"end":{"line":497,"column":62}},"140":{"start":{"line":497,"column":18},"end":{"line":497,"column":62}},"141":{"start":{"line":499,"column":4},"end":{"line":530,"column":5}},"142":{"start":{"line":501,"column":28},"end":{"line":504,"column":7}},"143":{"start":{"line":505,"column":25},"end":{"line":505,"column":55}},"144":{"start":{"line":508,"column":21},"end":{"line":508,"column":42}},"145":{"start":{"line":509,"column":24},"end":{"line":512,"column":7}},"146":{"start":{"line":514,"column":36},"end":{"line":514,"column":38}},"147":{"start":{"line":515,"column":6},"end":{"line":522,"column":7}},"148":{"start":{"line":515,"column":19},"end":{"line":515,"column":20}},"149":{"start":{"line":516,"column":20},"end":{"line":516,"column":40}},"150":{"start":{"line":517,"column":8},"end":{"line":521,"column":11}},"151":{"start":{"line":524,"column":22},"end":{"line":524,"column":60}},"152":{"start":{"line":526,"column":6},"end":{"line":526,"column":48}},"153":{"start":{"line":528,"column":6},"end":{"line":528,"column":65}},"154":{"start":{"line":529,"column":6},"end":{"line":529,"column":18}},"155":{"start":{"line":540,"column":4},"end":{"line":540,"column":62}},"156":{"start":{"line":540,"column":18},"end":{"line":540,"column":62}},"157":{"start":{"line":542,"column":4},"end":{"line":584,"column":5}},"158":{"start":{"line":543,"column":25},"end":{"line":543,"column":44}},"159":{"start":{"line":544,"column":28},"end":{"line":544,"column":45}},"160":{"start":{"line":547,"column":28},"end":{"line":554,"column":7}},"161":{"start":{"line":555,"column":25},"end":{"line":555,"column":55}},"162":{"start":{"line":558,"column":21},"end":{"line":558,"column":42}},"163":{"start":{"line":559,"column":24},"end":{"line":566,"column":7}},"164":{"start":{"line":568,"column":36},"end":{"line":568,"column":38}},"165":{"start":{"line":569,"column":6},"end":{"line":576,"column":7}},"166":{"start":{"line":569,"column":19},"end":{"line":569,"column":20}},"167":{"start":{"line":570,"column":20},"end":{"line":570,"column":40}},"168":{"start":{"line":571,"column":8},"end":{"line":575,"column":11}},"169":{"start":{"line":578,"column":22},"end":{"line":578,"column":60}},"170":{"start":{"line":580,"column":6},"end":{"line":580,"column":48}},"171":{"start":{"line":582,"column":6},"end":{"line":582,"column":68}},"172":{"start":{"line":583,"column":6},"end":{"line":583,"column":18}},"173":{"start":{"line":591,"column":4},"end":{"line":591,"column":62}},"174":{"start":{"line":591,"column":18},"end":{"line":591,"column":62}},"175":{"start":{"line":593,"column":16},"end":{"line":593,"column":40}},"176":{"start":{"line":594,"column":19},"end":{"line":594,"column":21}},"177":{"start":{"line":595,"column":19},"end":{"line":595,"column":21}},"178":{"start":{"line":597,"column":4},"end":{"line":600,"column":5}},"179":{"start":{"line":598,"column":6},"end":{"line":598,"column":30}},"180":{"start":{"line":599,"column":6},"end":{"line":599,"column":32}},"181":{"start":{"line":601,"column":4},"end":{"line":604,"column":5}},"182":{"start":{"line":602,"column":6},"end":{"line":602,"column":30}},"183":{"start":{"line":603,"column":6},"end":{"line":603,"column":32}},"184":{"start":{"line":605,"column":4},"end":{"line":608,"column":5}},"185":{"start":{"line":606,"column":6},"end":{"line":606,"column":30}},"186":{"start":{"line":607,"column":6},"end":{"line":607,"column":32}},"187":{"start":{"line":609,"column":4},"end":{"line":612,"column":5}},"188":{"start":{"line":610,"column":6},"end":{"line":610,"column":34}},"189":{"start":{"line":611,"column":6},"end":{"line":611,"column":36}},"190":{"start":{"line":613,"column":4},"end":{"line":616,"column":5}},"191":{"start":{"line":614,"column":6},"end":{"line":614,"column":34}},"192":{"start":{"line":615,"column":6},"end":{"line":615,"column":36}},"193":{"start":{"line":617,"column":4},"end":{"line":620,"column":5}},"194":{"start":{"line":618,"column":6},"end":{"line":618,"column":32}},"195":{"start":{"line":619,"column":6},"end":{"line":619,"column":34}},"196":{"start":{"line":621,"column":4},"end":{"line":624,"column":5}},"197":{"start":{"line":622,"column":6},"end":{"line":622,"column":30}},"198":{"start":{"line":623,"column":6},"end":{"line":623,"column":48}},"199":{"start":{"line":625,"column":4},"end":{"line":628,"column":5}},"200":{"start":{"line":626,"column":6},"end":{"line":626,"column":33}},"201":{"start":{"line":627,"column":6},"end":{"line":627,"column":35}},"202":{"start":{"line":629,"column":4},"end":{"line":632,"column":5}},"203":{"start":{"line":630,"column":6},"end":{"line":630,"column":34}},"204":{"start":{"line":631,"column":6},"end":{"line":631,"column":44}},"205":{"start":{"line":634,"column":4},"end":{"line":634,"column":33}},"206":{"start":{"line":635,"column":4},"end":{"line":635,"column":21}},"207":{"start":{"line":636,"column":4},"end":{"line":636,"column":20}},"208":{"start":{"line":638,"column":4},"end":{"line":652,"column":5}},"209":{"start":{"line":639,"column":6},"end":{"line":642,"column":8}},"210":{"start":{"line":644,"column":6},"end":{"line":648,"column":8}},"211":{"start":{"line":650,"column":6},"end":{"line":650,"column":57}},"212":{"start":{"line":651,"column":6},"end":{"line":651,"column":18}},"213":{"start":{"line":656,"column":4},"end":{"line":656,"column":62}},"214":{"start":{"line":656,"column":18},"end":{"line":656,"column":62}},"215":{"start":{"line":658,"column":4},"end":{"line":665,"column":5}},"216":{"start":{"line":659,"column":6},"end":{"line":659,"column":75}},"217":{"start":{"line":661,"column":6},"end":{"line":661,"column":80}},"218":{"start":{"line":663,"column":6},"end":{"line":663,"column":57}},"219":{"start":{"line":664,"column":6},"end":{"line":664,"column":18}},"220":{"start":{"line":674,"column":4},"end":{"line":674,"column":62}},"221":{"start":{"line":674,"column":18},"end":{"line":674,"column":62}},"222":{"start":{"line":676,"column":15},"end":{"line":676,"column":36}},"223":{"start":{"line":677,"column":16},"end":{"line":677,"column":40}},"224":{"start":{"line":679,"column":4},"end":{"line":695,"column":5}},"225":{"start":{"line":680,"column":6},"end":{"line":684,"column":8}},"226":{"start":{"line":686,"column":6},"end":{"line":690,"column":8}},"227":{"start":{"line":691,"column":6},"end":{"line":691,"column":16}},"228":{"start":{"line":693,"column":6},"end":{"line":693,"column":57}},"229":{"start":{"line":694,"column":6},"end":{"line":694,"column":18}},"230":{"start":{"line":699,"column":4},"end":{"line":699,"column":62}},"231":{"start":{"line":699,"column":18},"end":{"line":699,"column":62}},"232":{"start":{"line":701,"column":4},"end":{"line":715,"column":5}},"233":{"start":{"line":702,"column":24},"end":{"line":705,"column":7}},"234":{"start":{"line":707,"column":37},"end":{"line":707,"column":39}},"235":{"start":{"line":708,"column":6},"end":{"line":710,"column":7}},"236":{"start":{"line":708,"column":19},"end":{"line":708,"column":20}},"237":{"start":{"line":709,"column":8},"end":{"line":709,"column":46}},"238":{"start":{"line":711,"column":6},"end":{"line":711,"column":24}},"239":{"start":{"line":713,"column":6},"end":{"line":713,"column":56}},"240":{"start":{"line":714,"column":6},"end":{"line":714,"column":18}},"241":{"start":{"line":723,"column":4},"end":{"line":723,"column":62}},"242":{"start":{"line":723,"column":18},"end":{"line":723,"column":62}},"243":{"start":{"line":725,"column":16},"end":{"line":725,"column":40}},"244":{"start":{"line":726,"column":19},"end":{"line":726,"column":21}},"245":{"start":{"line":727,"column":19},"end":{"line":727,"column":21}},"246":{"start":{"line":729,"column":4},"end":{"line":732,"column":5}},"247":{"start":{"line":730,"column":6},"end":{"line":730,"column":30}},"248":{"start":{"line":731,"column":6},"end":{"line":731,"column":32}},"249":{"start":{"line":733,"column":4},"end":{"line":736,"column":5}},"250":{"start":{"line":734,"column":6},"end":{"line":734,"column":31}},"251":{"start":{"line":735,"column":6},"end":{"line":735,"column":33}},"252":{"start":{"line":738,"column":4},"end":{"line":738,"column":33}},"253":{"start":{"line":739,"column":4},"end":{"line":739,"column":21}},"254":{"start":{"line":740,"column":4},"end":{"line":740,"column":20}},"255":{"start":{"line":742,"column":4},"end":{"line":752,"column":5}},"256":{"start":{"line":743,"column":6},"end":{"line":746,"column":8}},"257":{"start":{"line":748,"column":6},"end":{"line":748,"column":80}},"258":{"start":{"line":750,"column":6},"end":{"line":750,"column":57}},"259":{"start":{"line":751,"column":6},"end":{"line":751,"column":18}},"260":{"start":{"line":756,"column":4},"end":{"line":756,"column":62}},"261":{"start":{"line":756,"column":18},"end":{"line":756,"column":62}},"262":{"start":{"line":758,"column":4},"end":{"line":765,"column":5}},"263":{"start":{"line":759,"column":6},"end":{"line":759,"column":76}},"264":{"start":{"line":761,"column":6},"end":{"line":761,"column":80}},"265":{"start":{"line":763,"column":6},"end":{"line":763,"column":57}},"266":{"start":{"line":764,"column":6},"end":{"line":764,"column":18}},"267":{"start":{"line":770,"column":4},"end":{"line":770,"column":62}},"268":{"start":{"line":770,"column":18},"end":{"line":770,"column":62}},"269":{"start":{"line":772,"column":4},"end":{"line":791,"column":5}},"270":{"start":{"line":773,"column":24},"end":{"line":776,"column":7}},"271":{"start":{"line":778,"column":36},"end":{"line":778,"column":38}},"272":{"start":{"line":779,"column":6},"end":{"line":786,"column":7}},"273":{"start":{"line":779,"column":19},"end":{"line":779,"column":20}},"274":{"start":{"line":780,"column":20},"end":{"line":780,"column":40}},"275":{"start":{"line":781,"column":8},"end":{"line":785,"column":11}},"276":{"start":{"line":787,"column":6},"end":{"line":787,"column":23}},"277":{"start":{"line":789,"column":6},"end":{"line":789,"column":64}},"278":{"start":{"line":790,"column":6},"end":{"line":790,"column":18}},"279":{"start":{"line":795,"column":4},"end":{"line":795,"column":62}},"280":{"start":{"line":795,"column":18},"end":{"line":795,"column":62}},"281":{"start":{"line":797,"column":4},"end":{"line":806,"column":5}},"282":{"start":{"line":798,"column":27},"end":{"line":798,"column":63}},"283":{"start":{"line":798,"column":49},"end":{"line":798,"column":52}},"284":{"start":{"line":799,"column":6},"end":{"line":802,"column":8}},"285":{"start":{"line":804,"column":6},"end":{"line":804,"column":66}},"286":{"start":{"line":805,"column":6},"end":{"line":805,"column":18}},"287":{"start":{"line":814,"column":4},"end":{"line":814,"column":62}},"288":{"start":{"line":814,"column":18},"end":{"line":814,"column":62}},"289":{"start":{"line":816,"column":26},"end":{"line":816,"column":28}},"290":{"start":{"line":817,"column":16},"end":{"line":817,"column":40}},"291":{"start":{"line":819,"column":4},"end":{"line":860,"column":5}},"292":{"start":{"line":820,"column":6},"end":{"line":820,"column":52}},"293":{"start":{"line":822,"column":6},"end":{"line":846,"column":7}},"294":{"start":{"line":824,"column":10},"end":{"line":824,"column":73}},"295":{"start":{"line":825,"column":8},"end":{"line":825,"column":21}},"296":{"start":{"line":827,"column":8},"end":{"line":845,"column":10}},"297":{"start":{"line":848,"column":6},"end":{"line":848,"column":41}},"298":{"start":{"line":849,"column":6},"end":{"line":853,"column":8}},"299":{"start":{"line":855,"column":6},"end":{"line":855,"column":17}},"300":{"start":{"line":857,"column":6},"end":{"line":857,"column":43}},"301":{"start":{"line":858,"column":6},"end":{"line":858,"column":63}},"302":{"start":{"line":859,"column":6},"end":{"line":859,"column":18}},"303":{"start":{"line":865,"column":4},"end":{"line":868,"column":5}},"304":{"start":{"line":866,"column":6},"end":{"line":866,"column":28}},"305":{"start":{"line":867,"column":6},"end":{"line":867,"column":21}}},"fnMap":{"0":{"name":"(anonymous_0)","decl":{"start":{"line":67,"column":10},"end":{"line":67,"column":11}},"loc":{"start":{"line":67,"column":47},"end":{"line":122,"column":7}},"line":67},"1":{"name":"(anonymous_1)","decl":{"start":{"line":127,"column":10},"end":{"line":127,"column":11}},"loc":{"start":{"line":127,"column":47},"end":{"line":149,"column":7}},"line":127},"2":{"name":"(anonymous_2)","decl":{"start":{"line":150,"column":12},"end":{"line":150,"column":13}},"loc":{"start":{"line":150,"column":49},"end":{"line":164,"column":7}},"line":150},"3":{"name":"(anonymous_3)","decl":{"start":{"line":169,"column":2},"end":{"line":169,"column":3}},"loc":{"start":{"line":169,"column":45},"end":{"line":182,"column":3}},"line":169},"4":{"name":"(anonymous_4)","decl":{"start":{"line":185,"column":2},"end":{"line":185,"column":3}},"loc":{"start":{"line":185,"column":54},"end":{"line":223,"column":3}},"line":185},"5":{"name":"(anonymous_5)","decl":{"start":{"line":226,"column":2},"end":{"line":226,"column":3}},"loc":{"start":{"line":226,"column":58},"end":{"line":255,"column":3}},"line":226},"6":{"name":"(anonymous_6)","decl":{"start":{"line":237,"column":50},"end":{"line":237,"column":51}},"loc":{"start":{"line":237,"column":57},"end":{"line":237,"column":78}},"line":237},"7":{"name":"(anonymous_7)","decl":{"start":{"line":258,"column":2},"end":{"line":258,"column":3}},"loc":{"start":{"line":260,"column":19},"end":{"line":300,"column":3}},"line":260},"8":{"name":"(anonymous_8)","decl":{"start":{"line":302,"column":2},"end":{"line":302,"column":3}},"loc":{"start":{"line":302,"column":67},"end":{"line":323,"column":3}},"line":302},"9":{"name":"(anonymous_9)","decl":{"start":{"line":325,"column":2},"end":{"line":325,"column":3}},"loc":{"start":{"line":325,"column":77},"end":{"line":368,"column":3}},"line":325},"10":{"name":"(anonymous_10)","decl":{"start":{"line":371,"column":2},"end":{"line":371,"column":3}},"loc":{"start":{"line":376,"column":19},"end":{"line":391,"column":3}},"line":376},"11":{"name":"(anonymous_11)","decl":{"start":{"line":393,"column":2},"end":{"line":393,"column":3}},"loc":{"start":{"line":396,"column":25},"end":{"line":414,"column":3}},"line":396},"12":{"name":"(anonymous_12)","decl":{"start":{"line":417,"column":2},"end":{"line":417,"column":3}},"loc":{"start":{"line":427,"column":21},"end":{"line":464,"column":3}},"line":427},"13":{"name":"(anonymous_13)","decl":{"start":{"line":466,"column":2},"end":{"line":466,"column":3}},"loc":{"start":{"line":466,"column":71},"end":{"line":489,"column":3}},"line":466},"14":{"name":"(anonymous_14)","decl":{"start":{"line":492,"column":2},"end":{"line":492,"column":3}},"loc":{"start":{"line":496,"column":78},"end":{"line":531,"column":3}},"line":496},"15":{"name":"(anonymous_15)","decl":{"start":{"line":534,"column":2},"end":{"line":534,"column":3}},"loc":{"start":{"line":539,"column":78},"end":{"line":585,"column":3}},"line":539},"16":{"name":"(anonymous_16)","decl":{"start":{"line":587,"column":2},"end":{"line":587,"column":3}},"loc":{"start":{"line":590,"column":19},"end":{"line":653,"column":3}},"line":590},"17":{"name":"(anonymous_17)","decl":{"start":{"line":655,"column":2},"end":{"line":655,"column":3}},"loc":{"start":{"line":655,"column":73},"end":{"line":666,"column":3}},"line":655},"18":{"name":"(anonymous_18)","decl":{"start":{"line":669,"column":2},"end":{"line":669,"column":3}},"loc":{"start":{"line":673,"column":21},"end":{"line":696,"column":3}},"line":673},"19":{"name":"(anonymous_19)","decl":{"start":{"line":698,"column":2},"end":{"line":698,"column":3}},"loc":{"start":{"line":698,"column":72},"end":{"line":716,"column":3}},"line":698},"20":{"name":"(anonymous_20)","decl":{"start":{"line":718,"column":2},"end":{"line":718,"column":3}},"loc":{"start":{"line":722,"column":19},"end":{"line":753,"column":3}},"line":722},"21":{"name":"(anonymous_21)","decl":{"start":{"line":755,"column":2},"end":{"line":755,"column":3}},"loc":{"start":{"line":755,"column":73},"end":{"line":766,"column":3}},"line":755},"22":{"name":"(anonymous_22)","decl":{"start":{"line":769,"column":2},"end":{"line":769,"column":3}},"loc":{"start":{"line":769,"column":73},"end":{"line":792,"column":3}},"line":769},"23":{"name":"(anonymous_23)","decl":{"start":{"line":794,"column":2},"end":{"line":794,"column":3}},"loc":{"start":{"line":794,"column":75},"end":{"line":807,"column":3}},"line":794},"24":{"name":"(anonymous_24)","decl":{"start":{"line":798,"column":43},"end":{"line":798,"column":44}},"loc":{"start":{"line":798,"column":49},"end":{"line":798,"column":52}},"line":798},"25":{"name":"(anonymous_25)","decl":{"start":{"line":810,"column":2},"end":{"line":810,"column":3}},"loc":{"start":{"line":813,"column":23},"end":{"line":861,"column":3}},"line":813},"26":{"name":"(anonymous_26)","decl":{"start":{"line":864,"column":2},"end":{"line":864,"column":3}},"loc":{"start":{"line":864,"column":46},"end":{"line":869,"column":3}},"line":864}},"branchMap":{"0":{"loc":{"start":{"line":186,"column":4},"end":{"line":186,"column":62}},"type":"if","locations":[{"start":{"line":186,"column":4},"end":{"line":186,"column":62}},{"start":{},"end":{}}],"line":186},"1":{"loc":{"start":{"line":202,"column":29},"end":{"line":202,"column":68}},"type":"binary-expr","locations":[{"start":{"line":202,"column":29},"end":{"line":202,"column":63}},{"start":{"line":202,"column":67},"end":{"line":202,"column":68}}],"line":202},"2":{"loc":{"start":{"line":206,"column":8},"end":{"line":215,"column":9}},"type":"if","locations":[{"start":{"line":206,"column":8},"end":{"line":215,"column":9}},{"start":{},"end":{}}],"line":206},"3":{"loc":{"start":{"line":227,"column":4},"end":{"line":227,"column":62}},"type":"if","locations":[{"start":{"line":227,"column":4},"end":{"line":227,"column":62}},{"start":{},"end":{}}],"line":227},"4":{"loc":{"start":{"line":239,"column":8},"end":{"line":242,"column":9}},"type":"if","locations":[{"start":{"line":239,"column":8},"end":{"line":242,"column":9}},{"start":{},"end":{}}],"line":239},"5":{"loc":{"start":{"line":261,"column":4},"end":{"line":261,"column":62}},"type":"if","locations":[{"start":{"line":261,"column":4},"end":{"line":261,"column":62}},{"start":{},"end":{}}],"line":261},"6":{"loc":{"start":{"line":303,"column":4},"end":{"line":303,"column":62}},"type":"if","locations":[{"start":{"line":303,"column":4},"end":{"line":303,"column":62}},{"start":{},"end":{}}],"line":303},"7":{"loc":{"start":{"line":311,"column":6},"end":{"line":317,"column":7}},"type":"if","locations":[{"start":{"line":311,"column":6},"end":{"line":317,"column":7}},{"start":{},"end":{}}],"line":311},"8":{"loc":{"start":{"line":315,"column":35},"end":{"line":315,"column":59}},"type":"binary-expr","locations":[{"start":{"line":315,"column":35},"end":{"line":315,"column":51}},{"start":{"line":315,"column":55},"end":{"line":315,"column":59}}],"line":315},"9":{"loc":{"start":{"line":326,"column":4},"end":{"line":326,"column":62}},"type":"if","locations":[{"start":{"line":326,"column":4},"end":{"line":326,"column":62}},{"start":{},"end":{}}],"line":326},"10":{"loc":{"start":{"line":332,"column":4},"end":{"line":335,"column":5}},"type":"if","locations":[{"start":{"line":332,"column":4},"end":{"line":335,"column":5}},{"start":{},"end":{}}],"line":332},"11":{"loc":{"start":{"line":336,"column":4},"end":{"line":339,"column":5}},"type":"if","locations":[{"start":{"line":336,"column":4},"end":{"line":339,"column":5}},{"start":{},"end":{}}],"line":336},"12":{"loc":{"start":{"line":340,"column":4},"end":{"line":343,"column":5}},"type":"if","locations":[{"start":{"line":340,"column":4},"end":{"line":343,"column":5}},{"start":{},"end":{}}],"line":340},"13":{"loc":{"start":{"line":344,"column":4},"end":{"line":347,"column":5}},"type":"if","locations":[{"start":{"line":344,"column":4},"end":{"line":347,"column":5}},{"start":{},"end":{}}],"line":344},"14":{"loc":{"start":{"line":348,"column":4},"end":{"line":351,"column":5}},"type":"if","locations":[{"start":{"line":348,"column":4},"end":{"line":351,"column":5}},{"start":{},"end":{}}],"line":348},"15":{"loc":{"start":{"line":377,"column":4},"end":{"line":377,"column":62}},"type":"if","locations":[{"start":{"line":377,"column":4},"end":{"line":377,"column":62}},{"start":{},"end":{}}],"line":377},"16":{"loc":{"start":{"line":385,"column":49},"end":{"line":385,"column":66}},"type":"binary-expr","locations":[{"start":{"line":385,"column":49},"end":{"line":385,"column":58}},{"start":{"line":385,"column":62},"end":{"line":385,"column":66}}],"line":385},"17":{"loc":{"start":{"line":395,"column":4},"end":{"line":395,"column":23}},"type":"default-arg","locations":[{"start":{"line":395,"column":20},"end":{"line":395,"column":23}}],"line":395},"18":{"loc":{"start":{"line":397,"column":4},"end":{"line":397,"column":62}},"type":"if","locations":[{"start":{"line":397,"column":4},"end":{"line":397,"column":62}},{"start":{},"end":{}}],"line":397},"19":{"loc":{"start":{"line":428,"column":4},"end":{"line":428,"column":62}},"type":"if","locations":[{"start":{"line":428,"column":4},"end":{"line":428,"column":62}},{"start":{},"end":{}}],"line":428},"20":{"loc":{"start":{"line":442,"column":10},"end":{"line":442,"column":22}},"type":"binary-expr","locations":[{"start":{"line":442,"column":10},"end":{"line":442,"column":14}},{"start":{"line":442,"column":18},"end":{"line":442,"column":22}}],"line":442},"21":{"loc":{"start":{"line":443,"column":10},"end":{"line":443,"column":26}},"type":"binary-expr","locations":[{"start":{"line":443,"column":10},"end":{"line":443,"column":18}},{"start":{"line":443,"column":22},"end":{"line":443,"column":26}}],"line":443},"22":{"loc":{"start":{"line":444,"column":10},"end":{"line":444,"column":26}},"type":"binary-expr","locations":[{"start":{"line":444,"column":10},"end":{"line":444,"column":18}},{"start":{"line":444,"column":22},"end":{"line":444,"column":26}}],"line":444},"23":{"loc":{"start":{"line":445,"column":10},"end":{"line":445,"column":24}},"type":"binary-expr","locations":[{"start":{"line":445,"column":10},"end":{"line":445,"column":16}},{"start":{"line":445,"column":20},"end":{"line":445,"column":24}}],"line":445},"24":{"loc":{"start":{"line":446,"column":10},"end":{"line":446,"column":44}},"type":"cond-expr","locations":[{"start":{"line":446,"column":17},"end":{"line":446,"column":37}},{"start":{"line":446,"column":40},"end":{"line":446,"column":44}}],"line":446},"25":{"loc":{"start":{"line":447,"column":10},"end":{"line":447,"column":25}},"type":"binary-expr","locations":[{"start":{"line":447,"column":10},"end":{"line":447,"column":17}},{"start":{"line":447,"column":21},"end":{"line":447,"column":25}}],"line":447},"26":{"loc":{"start":{"line":467,"column":4},"end":{"line":467,"column":62}},"type":"if","locations":[{"start":{"line":467,"column":4},"end":{"line":467,"column":62}},{"start":{},"end":{}}],"line":467},"27":{"loc":{"start":{"line":480,"column":27},"end":{"line":480,"column":43}},"type":"binary-expr","locations":[{"start":{"line":480,"column":27},"end":{"line":480,"column":35}},{"start":{"line":480,"column":39},"end":{"line":480,"column":43}}],"line":480},"28":{"loc":{"start":{"line":494,"column":4},"end":{"line":494,"column":20}},"type":"default-arg","locations":[{"start":{"line":494,"column":19},"end":{"line":494,"column":20}}],"line":494},"29":{"loc":{"start":{"line":495,"column":4},"end":{"line":495,"column":25}},"type":"default-arg","locations":[{"start":{"line":495,"column":23},"end":{"line":495,"column":25}}],"line":495},"30":{"loc":{"start":{"line":497,"column":4},"end":{"line":497,"column":62}},"type":"if","locations":[{"start":{"line":497,"column":4},"end":{"line":497,"column":62}},{"start":{},"end":{}}],"line":497},"31":{"loc":{"start":{"line":519,"column":27},"end":{"line":519,"column":43}},"type":"binary-expr","locations":[{"start":{"line":519,"column":27},"end":{"line":519,"column":35}},{"start":{"line":519,"column":39},"end":{"line":519,"column":43}}],"line":519},"32":{"loc":{"start":{"line":537,"column":4},"end":{"line":537,"column":20}},"type":"default-arg","locations":[{"start":{"line":537,"column":19},"end":{"line":537,"column":20}}],"line":537},"33":{"loc":{"start":{"line":538,"column":4},"end":{"line":538,"column":25}},"type":"default-arg","locations":[{"start":{"line":538,"column":23},"end":{"line":538,"column":25}}],"line":538},"34":{"loc":{"start":{"line":540,"column":4},"end":{"line":540,"column":62}},"type":"if","locations":[{"start":{"line":540,"column":4},"end":{"line":540,"column":62}},{"start":{},"end":{}}],"line":540},"35":{"loc":{"start":{"line":573,"column":27},"end":{"line":573,"column":43}},"type":"binary-expr","locations":[{"start":{"line":573,"column":27},"end":{"line":573,"column":35}},{"start":{"line":573,"column":39},"end":{"line":573,"column":43}}],"line":573},"36":{"loc":{"start":{"line":591,"column":4},"end":{"line":591,"column":62}},"type":"if","locations":[{"start":{"line":591,"column":4},"end":{"line":591,"column":62}},{"start":{},"end":{}}],"line":591},"37":{"loc":{"start":{"line":597,"column":4},"end":{"line":600,"column":5}},"type":"if","locations":[{"start":{"line":597,"column":4},"end":{"line":600,"column":5}},{"start":{},"end":{}}],"line":597},"38":{"loc":{"start":{"line":601,"column":4},"end":{"line":604,"column":5}},"type":"if","locations":[{"start":{"line":601,"column":4},"end":{"line":604,"column":5}},{"start":{},"end":{}}],"line":601},"39":{"loc":{"start":{"line":605,"column":4},"end":{"line":608,"column":5}},"type":"if","locations":[{"start":{"line":605,"column":4},"end":{"line":608,"column":5}},{"start":{},"end":{}}],"line":605},"40":{"loc":{"start":{"line":609,"column":4},"end":{"line":612,"column":5}},"type":"if","locations":[{"start":{"line":609,"column":4},"end":{"line":612,"column":5}},{"start":{},"end":{}}],"line":609},"41":{"loc":{"start":{"line":613,"column":4},"end":{"line":616,"column":5}},"type":"if","locations":[{"start":{"line":613,"column":4},"end":{"line":616,"column":5}},{"start":{},"end":{}}],"line":613},"42":{"loc":{"start":{"line":617,"column":4},"end":{"line":620,"column":5}},"type":"if","locations":[{"start":{"line":617,"column":4},"end":{"line":620,"column":5}},{"start":{},"end":{}}],"line":617},"43":{"loc":{"start":{"line":621,"column":4},"end":{"line":624,"column":5}},"type":"if","locations":[{"start":{"line":621,"column":4},"end":{"line":624,"column":5}},{"start":{},"end":{}}],"line":621},"44":{"loc":{"start":{"line":625,"column":4},"end":{"line":628,"column":5}},"type":"if","locations":[{"start":{"line":625,"column":4},"end":{"line":628,"column":5}},{"start":{},"end":{}}],"line":625},"45":{"loc":{"start":{"line":629,"column":4},"end":{"line":632,"column":5}},"type":"if","locations":[{"start":{"line":629,"column":4},"end":{"line":632,"column":5}},{"start":{},"end":{}}],"line":629},"46":{"loc":{"start":{"line":631,"column":18},"end":{"line":631,"column":42}},"type":"cond-expr","locations":[{"start":{"line":631,"column":37},"end":{"line":631,"column":38}},{"start":{"line":631,"column":41},"end":{"line":631,"column":42}}],"line":631},"47":{"loc":{"start":{"line":645,"column":8},"end":{"line":645,"column":35}},"type":"binary-expr","locations":[{"start":{"line":645,"column":8},"end":{"line":645,"column":22}},{"start":{"line":645,"column":26},"end":{"line":645,"column":35}}],"line":645},"48":{"loc":{"start":{"line":656,"column":4},"end":{"line":656,"column":62}},"type":"if","locations":[{"start":{"line":656,"column":4},"end":{"line":656,"column":62}},{"start":{},"end":{}}],"line":656},"49":{"loc":{"start":{"line":674,"column":4},"end":{"line":674,"column":62}},"type":"if","locations":[{"start":{"line":674,"column":4},"end":{"line":674,"column":62}},{"start":{},"end":{}}],"line":674},"50":{"loc":{"start":{"line":699,"column":4},"end":{"line":699,"column":62}},"type":"if","locations":[{"start":{"line":699,"column":4},"end":{"line":699,"column":62}},{"start":{},"end":{}}],"line":699},"51":{"loc":{"start":{"line":723,"column":4},"end":{"line":723,"column":62}},"type":"if","locations":[{"start":{"line":723,"column":4},"end":{"line":723,"column":62}},{"start":{},"end":{}}],"line":723},"52":{"loc":{"start":{"line":729,"column":4},"end":{"line":732,"column":5}},"type":"if","locations":[{"start":{"line":729,"column":4},"end":{"line":732,"column":5}},{"start":{},"end":{}}],"line":729},"53":{"loc":{"start":{"line":733,"column":4},"end":{"line":736,"column":5}},"type":"if","locations":[{"start":{"line":733,"column":4},"end":{"line":736,"column":5}},{"start":{},"end":{}}],"line":733},"54":{"loc":{"start":{"line":756,"column":4},"end":{"line":756,"column":62}},"type":"if","locations":[{"start":{"line":756,"column":4},"end":{"line":756,"column":62}},{"start":{},"end":{}}],"line":756},"55":{"loc":{"start":{"line":770,"column":4},"end":{"line":770,"column":62}},"type":"if","locations":[{"start":{"line":770,"column":4},"end":{"line":770,"column":62}},{"start":{},"end":{}}],"line":770},"56":{"loc":{"start":{"line":783,"column":27},"end":{"line":783,"column":43}},"type":"binary-expr","locations":[{"start":{"line":783,"column":27},"end":{"line":783,"column":35}},{"start":{"line":783,"column":39},"end":{"line":783,"column":43}}],"line":783},"57":{"loc":{"start":{"line":795,"column":4},"end":{"line":795,"column":62}},"type":"if","locations":[{"start":{"line":795,"column":4},"end":{"line":795,"column":62}},{"start":{},"end":{}}],"line":795},"58":{"loc":{"start":{"line":814,"column":4},"end":{"line":814,"column":62}},"type":"if","locations":[{"start":{"line":814,"column":4},"end":{"line":814,"column":62}},{"start":{},"end":{}}],"line":814},"59":{"loc":{"start":{"line":835,"column":12},"end":{"line":835,"column":28}},"type":"binary-expr","locations":[{"start":{"line":835,"column":12},"end":{"line":835,"column":20}},{"start":{"line":835,"column":24},"end":{"line":835,"column":28}}],"line":835},"60":{"loc":{"start":{"line":836,"column":12},"end":{"line":836,"column":32}},"type":"binary-expr","locations":[{"start":{"line":836,"column":12},"end":{"line":836,"column":24}},{"start":{"line":836,"column":28},"end":{"line":836,"column":32}}],"line":836},"61":{"loc":{"start":{"line":837,"column":12},"end":{"line":837,"column":32}},"type":"binary-expr","locations":[{"start":{"line":837,"column":12},"end":{"line":837,"column":24}},{"start":{"line":837,"column":28},"end":{"line":837,"column":32}}],"line":837},"62":{"loc":{"start":{"line":838,"column":12},"end":{"line":838,"column":30}},"type":"binary-expr","locations":[{"start":{"line":838,"column":12},"end":{"line":838,"column":22}},{"start":{"line":838,"column":26},"end":{"line":838,"column":30}}],"line":838},"63":{"loc":{"start":{"line":839,"column":12},"end":{"line":839,"column":54}},"type":"cond-expr","locations":[{"start":{"line":839,"column":23},"end":{"line":839,"column":47}},{"start":{"line":839,"column":50},"end":{"line":839,"column":54}}],"line":839},"64":{"loc":{"start":{"line":840,"column":12},"end":{"line":840,"column":31}},"type":"binary-expr","locations":[{"start":{"line":840,"column":12},"end":{"line":840,"column":23}},{"start":{"line":840,"column":27},"end":{"line":840,"column":31}}],"line":840},"65":{"loc":{"start":{"line":865,"column":4},"end":{"line":868,"column":5}},"type":"if","locations":[{"start":{"line":865,"column":4},"end":{"line":868,"column":5}},{"start":{},"end":{}}],"line":865}},"s":{"0":6,"1":6,"2":6,"3":6,"4":1,"5":1,"6":1,"7":1,"8":1,"9":1,"10":1,"11":0,"12":0,"13":0,"14":1,"15":1,"16":1,"17":1,"18":0,"19":0,"20":1,"21":0,"22":1,"23":1,"24":1,"25":1,"26":1,"27":2,"28":2,"29":2,"30":2,"31":1,"32":0,"33":0,"34":0,"35":0,"36":0,"37":0,"38":0,"39":0,"40":0,"41":0,"42":0,"43":0,"44":0,"45":0,"46":0,"47":0,"48":0,"49":0,"50":1,"51":0,"52":1,"53":1,"54":1,"55":1,"56":1,"57":1,"58":1,"59":0,"60":0,"61":2,"62":0,"63":2,"64":2,"65":2,"66":1,"67":1,"68":1,"69":0,"70":0,"71":0,"72":0,"73":0,"74":0,"75":0,"76":0,"77":0,"78":0,"79":0,"80":0,"81":0,"82":0,"83":0,"84":0,"85":0,"86":0,"87":0,"88":0,"89":0,"90":0,"91":0,"92":0,"93":0,"94":0,"95":0,"96":0,"97":0,"98":0,"99":7,"100":0,"101":7,"102":7,"103":7,"104":7,"105":0,"106":1,"107":0,"108":1,"109":1,"110":1,"111":1,"112":1,"113":1,"114":1,"115":0,"116":0,"117":1,"118":0,"119":1,"120":1,"121":1,"122":1,"123":1,"124":1,"125":0,"126":0,"127":1,"128":0,"129":1,"130":1,"131":1,"132":1,"133":1,"134":1,"135":1,"136":1,"137":0,"138":0,"139":1,"140":0,"141":1,"142":1,"143":1,"144":1,"145":1,"146":1,"147":1,"148":1,"149":1,"150":1,"151":1,"152":1,"153":0,"154":0,"155":1,"156":0,"157":1,"158":1,"159":1,"160":1,"161":1,"162":1,"163":1,"164":1,"165":1,"166":1,"167":1,"168":1,"169":1,"170":1,"171":0,"172":0,"173":1,"174":0,"175":1,"176":1,"177":1,"178":1,"179":1,"180":1,"181":1,"182":0,"183":0,"184":1,"185":0,"186":0,"187":1,"188":0,"189":0,"190":1,"191":1,"192":1,"193":1,"194":0,"195":0,"196":1,"197":0,"198":0,"199":1,"200":0,"201":0,"202":1,"203":0,"204":0,"205":1,"206":1,"207":1,"208":1,"209":1,"210":1,"211":0,"212":0,"213":1,"214":0,"215":1,"216":1,"217":1,"218":0,"219":0,"220":1,"221":0,"222":1,"223":1,"224":1,"225":1,"226":1,"227":1,"228":0,"229":0,"230":1,"231":0,"232":1,"233":1,"234":1,"235":1,"236":1,"237":1,"238":1,"239":0,"240":0,"241":0,"242":0,"243":0,"244":0,"245":0,"246":0,"247":0,"248":0,"249":0,"250":0,"251":0,"252":0,"253":0,"254":0,"255":0,"256":0,"257":0,"258":0,"259":0,"260":0,"261":0,"262":0,"263":0,"264":0,"265":0,"266":0,"267":0,"268":0,"269":0,"270":0,"271":0,"272":0,"273":0,"274":0,"275":0,"276":0,"277":0,"278":0,"279":0,"280":0,"281":0,"282":0,"283":0,"284":0,"285":0,"286":0,"287":2,"288":0,"289":2,"290":2,"291":2,"292":2,"293":2,"294":3,"295":3,"296":3,"297":1,"298":1,"299":1,"300":1,"301":1,"302":1,"303":0,"304":0,"305":0},"f":{"0":1,"1":1,"2":0,"3":1,"4":1,"5":0,"6":0,"7":1,"8":2,"9":0,"10":7,"11":1,"12":1,"13":1,"14":1,"15":1,"16":1,"17":1,"18":1,"19":1,"20":0,"21":0,"22":0,"23":0,"24":0,"25":2,"26":0},"b":{"0":[0,1],"1":[1,1],"2":[2,0],"3":[0,0],"4":[0,0],"5":[0,1],"6":[0,2],"7":[1,1],"8":[1,0],"9":[0,0],"10":[0,0],"11":[0,0],"12":[0,0],"13":[0,0],"14":[0,0],"15":[0,7],"16":[7,7],"17":[0],"18":[0,1],"19":[0,1],"20":[1,0],"21":[1,0],"22":[1,0],"23":[1,0],"24":[1,0],"25":[1,0],"26":[0,1],"27":[1,0],"28":[0],"29":[0],"30":[0,1],"31":[1,0],"32":[0],"33":[0],"34":[0,1],"35":[1,0],"36":[0,1],"37":[1,0],"38":[0,1],"39":[0,1],"40":[0,1],"41":[1,0],"42":[0,1],"43":[0,1],"44":[0,1],"45":[0,1],"46":[0,0],"47":[1,1],"48":[0,1],"49":[0,1],"50":[0,1],"51":[0,0],"52":[0,0],"53":[0,0],"54":[0,0],"55":[0,0],"56":[0,0],"57":[0,0],"58":[0,2],"59":[3,0],"60":[3,3],"61":[3,3],"62":[3,3],"63":[3,0],"64":[3,3],"65":[0,0]},"_coverageSchema":"1a1c01bbd47fc00a2c39e90264f33305004495a9","hash":"acf4054a2c37fd04787386b7084befa99c079da1"}
,"C:\\Users\\Jayant\\Documents\\projects\\docsshelf\\src\\services\\documents\\index.ts": {"path":"C:\\Users\\Jayant\\Documents\\projects\\docsshelf\\src\\services\\documents\\index.ts","statementMap":{"0":{"start":{"line":22,"column":29},"end":{"line":22,"column":73}},"1":{"start":{"line":24,"column":6},"end":{"line":24,"column":61}},"2":{"start":{"line":26,"column":4},"end":{"line":29,"column":6}},"3":{"start":{"line":37,"column":4},"end":{"line":84,"column":5}},"4":{"start":{"line":38,"column":21},"end":{"line":42,"column":8}},"5":{"start":{"line":44,"column":6},"end":{"line":46,"column":7}},"6":{"start":{"line":45,"column":8},"end":{"line":45,"column":20}},"7":{"start":{"line":48,"column":20},"end":{"line":48,"column":36}},"8":{"start":{"line":49,"column":23},"end":{"line":49,"column":68}},"9":{"start":{"line":51,"column":8},"end":{"line":53,"column":52}},"10":{"start":{"line":56,"column":23},"end":{"line":58,"column":8}},"11":{"start":{"line":61,"column":23},"end":{"line":69,"column":7}},"12":{"start":{"line":72,"column":23},"end":{"line":72,"column":65}},"13":{"start":{"line":74,"column":6},"end":{"line":80,"column":8}},"14":{"start":{"line":82,"column":6},"end":{"line":82,"column":60}},"15":{"start":{"line":83,"column":6},"end":{"line":83,"column":18}},"16":{"start":{"line":92,"column":4},"end":{"line":136,"column":5}},"17":{"start":{"line":93,"column":21},"end":{"line":97,"column":8}},"18":{"start":{"line":99,"column":6},"end":{"line":101,"column":7}},"19":{"start":{"line":100,"column":8},"end":{"line":100,"column":20}},"20":{"start":{"line":103,"column":20},"end":{"line":103,"column":36}},"21":{"start":{"line":104,"column":23},"end":{"line":104,"column":47}},"22":{"start":{"line":105,"column":23},"end":{"line":105,"column":35}},"23":{"start":{"line":108,"column":23},"end":{"line":110,"column":8}},"24":{"start":{"line":113,"column":23},"end":{"line":121,"column":7}},"25":{"start":{"line":124,"column":23},"end":{"line":124,"column":65}},"26":{"start":{"line":126,"column":6},"end":{"line":132,"column":8}},"27":{"start":{"line":134,"column":6},"end":{"line":134,"column":58}},"28":{"start":{"line":135,"column":6},"end":{"line":135,"column":18}},"29":{"start":{"line":144,"column":4},"end":{"line":153,"column":5}},"30":{"start":{"line":145,"column":24},"end":{"line":145,"column":72}},"31":{"start":{"line":146,"column":6},"end":{"line":148,"column":7}},"32":{"start":{"line":147,"column":8},"end":{"line":147,"column":78}},"33":{"start":{"line":147,"column":51},"end":{"line":147,"column":76}},"34":{"start":{"line":149,"column":6},"end":{"line":149,"column":23}},"35":{"start":{"line":151,"column":6},"end":{"line":151,"column":67}},"36":{"start":{"line":152,"column":6},"end":{"line":152,"column":18}},"37":{"start":{"line":162,"column":4},"end":{"line":171,"column":5}},"38":{"start":{"line":163,"column":6},"end":{"line":167,"column":8}},"39":{"start":{"line":169,"column":6},"end":{"line":169,"column":65}},"40":{"start":{"line":170,"column":6},"end":{"line":170,"column":18}},"41":{"start":{"line":179,"column":4},"end":{"line":194,"column":5}},"42":{"start":{"line":180,"column":24},"end":{"line":180,"column":72}},"43":{"start":{"line":181,"column":25},"end":{"line":181,"column":44}},"44":{"start":{"line":182,"column":6},"end":{"line":190,"column":8}},"45":{"start":{"line":184,"column":10},"end":{"line":189,"column":14}},"46":{"start":{"line":188,"column":14},"end":{"line":188,"column":52}},"47":{"start":{"line":192,"column":6},"end":{"line":192,"column":58}},"48":{"start":{"line":193,"column":6},"end":{"line":193,"column":18}},"49":{"start":{"line":204,"column":4},"end":{"line":214,"column":5}},"50":{"start":{"line":205,"column":6},"end":{"line":210,"column":8}},"51":{"start":{"line":212,"column":6},"end":{"line":212,"column":68}},"52":{"start":{"line":213,"column":6},"end":{"line":213,"column":18}},"53":{"start":{"line":223,"column":4},"end":{"line":231,"column":5}},"54":{"start":{"line":226,"column":17},"end":{"line":226,"column":38}},"55":{"start":{"line":227,"column":6},"end":{"line":227,"column":16}},"56":{"start":{"line":229,"column":6},"end":{"line":229,"column":57}},"57":{"start":{"line":230,"column":6},"end":{"line":230,"column":18}},"58":{"start":{"line":240,"column":4},"end":{"line":250,"column":5}},"59":{"start":{"line":242,"column":6},"end":{"line":246,"column":8}},"60":{"start":{"line":248,"column":6},"end":{"line":248,"column":66}},"61":{"start":{"line":249,"column":6},"end":{"line":249,"column":18}}},"fnMap":{"0":{"name":"(anonymous_0)","decl":{"start":{"line":18,"column":2},"end":{"line":18,"column":3}},"loc":{"start":{"line":21,"column":5},"end":{"line":30,"column":3}},"line":21},"1":{"name":"(anonymous_1)","decl":{"start":{"line":33,"column":2},"end":{"line":33,"column":3}},"loc":{"start":{"line":36,"column":34},"end":{"line":85,"column":3}},"line":36},"2":{"name":"(anonymous_2)","decl":{"start":{"line":88,"column":2},"end":{"line":88,"column":3}},"loc":{"start":{"line":91,"column":34},"end":{"line":137,"column":3}},"line":91},"3":{"name":"(anonymous_3)","decl":{"start":{"line":140,"column":2},"end":{"line":140,"column":3}},"loc":{"start":{"line":143,"column":25},"end":{"line":154,"column":3}},"line":143},"4":{"name":"(anonymous_4)","decl":{"start":{"line":147,"column":32},"end":{"line":147,"column":33}},"loc":{"start":{"line":147,"column":51},"end":{"line":147,"column":76}},"line":147},"5":{"name":"(anonymous_5)","decl":{"start":{"line":157,"column":2},"end":{"line":157,"column":3}},"loc":{"start":{"line":161,"column":78},"end":{"line":172,"column":3}},"line":161},"6":{"name":"(anonymous_6)","decl":{"start":{"line":175,"column":2},"end":{"line":175,"column":3}},"loc":{"start":{"line":178,"column":25},"end":{"line":195,"column":3}},"line":178},"7":{"name":"(anonymous_7)","decl":{"start":{"line":183,"column":8},"end":{"line":183,"column":9}},"loc":{"start":{"line":184,"column":10},"end":{"line":189,"column":14}},"line":184},"8":{"name":"(anonymous_8)","decl":{"start":{"line":187,"column":26},"end":{"line":187,"column":27}},"loc":{"start":{"line":188,"column":14},"end":{"line":188,"column":52}},"line":188},"9":{"name":"(anonymous_9)","decl":{"start":{"line":198,"column":2},"end":{"line":198,"column":3}},"loc":{"start":{"line":203,"column":78},"end":{"line":215,"column":3}},"line":203},"10":{"name":"(anonymous_10)","decl":{"start":{"line":218,"column":2},"end":{"line":218,"column":3}},"loc":{"start":{"line":222,"column":21},"end":{"line":232,"column":3}},"line":222},"11":{"name":"(anonymous_11)","decl":{"start":{"line":235,"column":2},"end":{"line":235,"column":3}},"loc":{"start":{"line":239,"column":19},"end":{"line":251,"column":3}},"line":239}},"branchMap":{"0":{"loc":{"start":{"line":44,"column":6},"end":{"line":46,"column":7}},"type":"if","locations":[{"start":{"line":44,"column":6},"end":{"line":46,"column":7}},{"start":{},"end":{}}],"line":44},"1":{"loc":{"start":{"line":49,"column":23},"end":{"line":49,"column":68}},"type":"binary-expr","locations":[{"start":{"line":49,"column":23},"end":{"line":49,"column":49}},{"start":{"line":49,"column":53},"end":{"line":49,"column":68}}],"line":49},"2":{"loc":{"start":{"line":51,"column":8},"end":{"line":53,"column":52}},"type":"cond-expr","locations":[{"start":{"line":52,"column":12},"end":{"line":52,"column":24}},{"start":{"line":53,"column":12},"end":{"line":53,"column":52}}],"line":51},"3":{"loc":{"start":{"line":53,"column":12},"end":{"line":53,"column":52}},"type":"binary-expr","locations":[{"start":{"line":53,"column":12},"end":{"line":53,"column":22}},{"start":{"line":53,"column":26},"end":{"line":53,"column":52}}],"line":53},"4":{"loc":{"start":{"line":75,"column":12},"end":{"line":75,"column":43}},"type":"binary-expr","locations":[{"start":{"line":75,"column":12},"end":{"line":75,"column":37}},{"start":{"line":75,"column":41},"end":{"line":75,"column":43}}],"line":75},"5":{"loc":{"start":{"line":99,"column":6},"end":{"line":101,"column":7}},"type":"if","locations":[{"start":{"line":99,"column":6},"end":{"line":101,"column":7}},{"start":{},"end":{}}],"line":99},"6":{"loc":{"start":{"line":127,"column":12},"end":{"line":127,"column":43}},"type":"binary-expr","locations":[{"start":{"line":127,"column":12},"end":{"line":127,"column":37}},{"start":{"line":127,"column":41},"end":{"line":127,"column":43}}],"line":127},"7":{"loc":{"start":{"line":146,"column":6},"end":{"line":148,"column":7}},"type":"if","locations":[{"start":{"line":146,"column":6},"end":{"line":148,"column":7}},{"start":{},"end":{}}],"line":146},"8":{"loc":{"start":{"line":159,"column":4},"end":{"line":159,"column":20}},"type":"default-arg","locations":[{"start":{"line":159,"column":19},"end":{"line":159,"column":20}}],"line":159},"9":{"loc":{"start":{"line":160,"column":4},"end":{"line":160,"column":25}},"type":"default-arg","locations":[{"start":{"line":160,"column":23},"end":{"line":160,"column":25}}],"line":160},"10":{"loc":{"start":{"line":184,"column":10},"end":{"line":189,"column":14}},"type":"binary-expr","locations":[{"start":{"line":184,"column":10},"end":{"line":184,"column":53}},{"start":{"line":185,"column":11},"end":{"line":185,"column":23}},{"start":{"line":185,"column":27},"end":{"line":185,"column":74}},{"start":{"line":186,"column":11},"end":{"line":186,"column":19}},{"start":{"line":187,"column":12},"end":{"line":189,"column":13}}],"line":184},"11":{"loc":{"start":{"line":201,"column":4},"end":{"line":201,"column":20}},"type":"default-arg","locations":[{"start":{"line":201,"column":19},"end":{"line":201,"column":20}}],"line":201},"12":{"loc":{"start":{"line":202,"column":4},"end":{"line":202,"column":25}},"type":"default-arg","locations":[{"start":{"line":202,"column":23},"end":{"line":202,"column":25}}],"line":202},"13":{"loc":{"start":{"line":221,"column":4},"end":{"line":221,"column":29}},"type":"default-arg","locations":[{"start":{"line":221,"column":20},"end":{"line":221,"column":29}}],"line":221}},"s":{"0":2,"1":2,"2":2,"3":2,"4":2,"5":2,"6":1,"7":1,"8":1,"9":1,"10":1,"11":1,"12":1,"13":1,"14":0,"15":0,"16":1,"17":1,"18":1,"19":0,"20":1,"21":1,"22":1,"23":1,"24":1,"25":1,"26":1,"27":0,"28":0,"29":2,"30":2,"31":2,"32":1,"33":3,"34":1,"35":0,"36":0,"37":1,"38":1,"39":0,"40":0,"41":2,"42":2,"43":2,"44":2,"45":4,"46":0,"47":0,"48":0,"49":1,"50":1,"51":0,"52":0,"53":1,"54":1,"55":1,"56":0,"57":0,"58":1,"59":1,"60":0,"61":0},"f":{"0":2,"1":2,"2":1,"3":2,"4":3,"5":1,"6":2,"7":4,"8":0,"9":1,"10":1,"11":1},"b":{"0":[1,1],"1":[1,0],"2":[0,1],"3":[1,0],"4":[1,0],"5":[0,1],"6":[1,0],"7":[1,1],"8":[0],"9":[0],"10":[4,3,3,2,0],"11":[0],"12":[0],"13":[0]},"_coverageSchema":"1a1c01bbd47fc00a2c39e90264f33305004495a9","hash":"cc5b265b33247ec51ddb97fb58c487a8a8273ccc"}
,"C:\\Users\\Jayant\\Documents\\projects\\docsshelf\\src\\services\\encryption\\index.ts": {"path":"C:\\Users\\Jayant\\Documents\\projects\\docsshelf\\src\\services\\encryption\\index.ts","statementMap":{"0":{"start":{"line":6,"column":38},"end":{"line":6,"column":51}},"1":{"start":{"line":7,"column":37},"end":{"line":7,"column":40}},"2":{"start":{"line":8,"column":36},"end":{"line":8,"column":39}},"3":{"start":{"line":12,"column":4},"end":{"line":12,"column":71}},"4":{"start":{"line":18,"column":4},"end":{"line":29,"column":5}},"5":{"start":{"line":20,"column":6},"end":{"line":25,"column":7}},"6":{"start":{"line":21,"column":8},"end":{"line":21,"column":53}},"7":{"start":{"line":24,"column":8},"end":{"line":24,"column":54}},"8":{"start":{"line":28,"column":6},"end":{"line":28,"column":61}},"9":{"start":{"line":31,"column":16},"end":{"line":34,"column":6}},"10":{"start":{"line":35,"column":4},"end":{"line":35,"column":26}},"11":{"start":{"line":40,"column":15},"end":{"line":40,"column":62}},"12":{"start":{"line":41,"column":22},"end":{"line":45,"column":6}},"13":{"start":{"line":48,"column":19},"end":{"line":51,"column":5}},"14":{"start":{"line":52,"column":4},"end":{"line":52,"column":34}},"15":{"start":{"line":60,"column":4},"end":{"line":75,"column":5}},"16":{"start":{"line":61,"column":21},"end":{"line":61,"column":46}},"17":{"start":{"line":62,"column":17},"end":{"line":62,"column":50}},"18":{"start":{"line":64,"column":24},"end":{"line":68,"column":8}},"19":{"start":{"line":70,"column":21},"end":{"line":70,"column":58}},"20":{"start":{"line":72,"column":6},"end":{"line":72,"column":20}},"21":{"start":{"line":74,"column":6},"end":{"line":74,"column":74}},"22":{"start":{"line":83,"column":4},"end":{"line":92,"column":5}},"23":{"start":{"line":84,"column":6},"end":{"line":88,"column":9}},"24":{"start":{"line":90,"column":6},"end":{"line":90,"column":51}},"25":{"start":{"line":91,"column":6},"end":{"line":91,"column":18}},"26":{"start":{"line":97,"column":4},"end":{"line":103,"column":5}},"27":{"start":{"line":98,"column":26},"end":{"line":98,"column":72}},"28":{"start":{"line":99,"column":6},"end":{"line":99,"column":55}},"29":{"start":{"line":101,"column":6},"end":{"line":101,"column":49}},"30":{"start":{"line":102,"column":6},"end":{"line":102,"column":18}},"31":{"start":{"line":108,"column":4},"end":{"line":113,"column":5}},"32":{"start":{"line":109,"column":6},"end":{"line":109,"column":55}},"33":{"start":{"line":111,"column":6},"end":{"line":111,"column":52}},"34":{"start":{"line":112,"column":6},"end":{"line":112,"column":18}},"35":{"start":{"line":118,"column":4},"end":{"line":118,"column":43}},"36":{"start":{"line":126,"column":4},"end":{"line":126,"column":52}}},"fnMap":{"0":{"name":"(anonymous_0)","decl":{"start":{"line":11,"column":2},"end":{"line":11,"column":3}},"loc":{"start":{"line":11,"column":31},"end":{"line":13,"column":3}},"line":11},"1":{"name":"(anonymous_1)","decl":{"start":{"line":16,"column":2},"end":{"line":16,"column":3}},"loc":{"start":{"line":16,"column":60},"end":{"line":36,"column":3}},"line":16},"2":{"name":"(anonymous_2)","decl":{"start":{"line":39,"column":2},"end":{"line":39,"column":3}},"loc":{"start":{"line":39,"column":71},"end":{"line":53,"column":3}},"line":39},"3":{"name":"(anonymous_3)","decl":{"start":{"line":56,"column":2},"end":{"line":56,"column":3}},"loc":{"start":{"line":59,"column":21},"end":{"line":76,"column":3}},"line":59},"4":{"name":"(anonymous_4)","decl":{"start":{"line":79,"column":2},"end":{"line":79,"column":3}},"loc":{"start":{"line":82,"column":19},"end":{"line":93,"column":3}},"line":82},"5":{"name":"(anonymous_5)","decl":{"start":{"line":96,"column":2},"end":{"line":96,"column":3}},"loc":{"start":{"line":96,"column":77},"end":{"line":104,"column":3}},"line":96},"6":{"name":"(anonymous_6)","decl":{"start":{"line":107,"column":2},"end":{"line":107,"column":3}},"loc":{"start":{"line":107,"column":71},"end":{"line":114,"column":3}},"line":107},"7":{"name":"(anonymous_7)","decl":{"start":{"line":117,"column":2},"end":{"line":117,"column":3}},"loc":{"start":{"line":117,"column":75},"end":{"line":119,"column":3}},"line":117},"8":{"name":"(anonymous_8)","decl":{"start":{"line":122,"column":2},"end":{"line":122,"column":3}},"loc":{"start":{"line":125,"column":21},"end":{"line":127,"column":3}},"line":125}},"branchMap":{"0":{"loc":{"start":{"line":18,"column":4},"end":{"line":29,"column":5}},"type":"if","locations":[{"start":{"line":18,"column":4},"end":{"line":29,"column":5}},{"start":{"line":26,"column":11},"end":{"line":29,"column":5}}],"line":18},"1":{"loc":{"start":{"line":20,"column":6},"end":{"line":25,"column":7}},"type":"if","locations":[{"start":{"line":20,"column":6},"end":{"line":25,"column":7}},{"start":{"line":22,"column":13},"end":{"line":25,"column":7}}],"line":20},"2":{"loc":{"start":{"line":81,"column":4},"end":{"line":81,"column":33}},"type":"default-arg","locations":[{"start":{"line":81,"column":22},"end":{"line":81,"column":33}}],"line":81},"3":{"loc":{"start":{"line":96,"column":22},"end":{"line":96,"column":51}},"type":"default-arg","locations":[{"start":{"line":96,"column":40},"end":{"line":96,"column":51}}],"line":96},"4":{"loc":{"start":{"line":99,"column":13},"end":{"line":99,"column":54}},"type":"cond-expr","locations":[{"start":{"line":99,"column":27},"end":{"line":99,"column":47}},{"start":{"line":99,"column":50},"end":{"line":99,"column":54}}],"line":99},"5":{"loc":{"start":{"line":107,"column":25},"end":{"line":107,"column":54}},"type":"default-arg","locations":[{"start":{"line":107,"column":43},"end":{"line":107,"column":54}}],"line":107}},"s":{"0":7,"1":7,"2":7,"3":3,"4":13,"5":11,"6":0,"7":11,"8":2,"9":13,"10":13,"11":8,"12":8,"13":8,"14":8,"15":6,"16":6,"17":6,"18":6,"19":6,"20":6,"21":0,"22":1,"23":1,"24":0,"25":0,"26":2,"27":2,"28":2,"29":0,"30":0,"31":1,"32":1,"33":0,"34":0,"35":2,"36":2},"f":{"0":3,"1":13,"2":8,"3":6,"4":1,"5":2,"6":1,"7":2,"8":2},"b":{"0":[11,2],"1":[0,11],"2":[0],"3":[0],"4":[1,1],"5":[0]},"_coverageSchema":"1a1c01bbd47fc00a2c39e90264f33305004495a9","hash":"a4138244cc583e79eede17c42ef223654e7bee9c"}
,"C:\\Users\\Jayant\\Documents\\projects\\docsshelf\\src\\services\\storage\\index.ts": {"path":"C:\\Users\\Jayant\\Documents\\projects\\docsshelf\\src\\services\\storage\\index.ts","statementMap":{"0":{"start":{"line":8,"column":4},"end":{"line":8,"column":47}},"1":{"start":{"line":12,"column":4},"end":{"line":22,"column":5}},"2":{"start":{"line":13,"column":22},"end":{"line":13,"column":71}},"3":{"start":{"line":14,"column":6},"end":{"line":18,"column":7}},"4":{"start":{"line":15,"column":8},"end":{"line":17,"column":11}},"5":{"start":{"line":20,"column":6},"end":{"line":20,"column":60}},"6":{"start":{"line":21,"column":6},"end":{"line":21,"column":18}},"7":{"start":{"line":35,"column":4},"end":{"line":66,"column":5}},"8":{"start":{"line":37,"column":28},"end":{"line":40,"column":7}},"9":{"start":{"line":43,"column":23},"end":{"line":43,"column":81}},"10":{"start":{"line":46,"column":6},"end":{"line":48,"column":9}},"11":{"start":{"line":51,"column":23},"end":{"line":51,"column":62}},"12":{"start":{"line":52,"column":6},"end":{"line":60,"column":8}},"13":{"start":{"line":62,"column":6},"end":{"line":62,"column":22}},"14":{"start":{"line":64,"column":6},"end":{"line":64,"column":61}},"15":{"start":{"line":65,"column":6},"end":{"line":65,"column":18}},"16":{"start":{"line":74,"column":4},"end":{"line":90,"column":5}},"17":{"start":{"line":76,"column":28},"end":{"line":78,"column":8}},"18":{"start":{"line":81,"column":28},"end":{"line":84,"column":7}},"19":{"start":{"line":86,"column":6},"end":{"line":86,"column":27}},"20":{"start":{"line":88,"column":6},"end":{"line":88,"column":61}},"21":{"start":{"line":89,"column":6},"end":{"line":89,"column":18}},"22":{"start":{"line":95,"column":4},"end":{"line":108,"column":5}},"23":{"start":{"line":97,"column":6},"end":{"line":97,"column":45}},"24":{"start":{"line":100,"column":6},"end":{"line":104,"column":8}},"25":{"start":{"line":106,"column":6},"end":{"line":106,"column":53}},"26":{"start":{"line":107,"column":6},"end":{"line":107,"column":18}},"27":{"start":{"line":114,"column":4},"end":{"line":123,"column":5}},"28":{"start":{"line":115,"column":23},"end":{"line":115,"column":62}},"29":{"start":{"line":116,"column":6},"end":{"line":119,"column":8}},"30":{"start":{"line":121,"column":6},"end":{"line":121,"column":55}},"31":{"start":{"line":122,"column":6},"end":{"line":122,"column":18}},"32":{"start":{"line":128,"column":4},"end":{"line":136,"column":5}},"33":{"start":{"line":129,"column":20},"end":{"line":129,"column":75}},"34":{"start":{"line":130,"column":6},"end":{"line":132,"column":55}},"35":{"start":{"line":131,"column":26},"end":{"line":131,"column":55}},"36":{"start":{"line":132,"column":23},"end":{"line":132,"column":53}},"37":{"start":{"line":134,"column":6},"end":{"line":134,"column":57}},"38":{"start":{"line":135,"column":6},"end":{"line":135,"column":16}},"39":{"start":{"line":145,"column":4},"end":{"line":158,"column":5}},"40":{"start":{"line":146,"column":6},"end":{"line":149,"column":9}},"41":{"start":{"line":150,"column":6},"end":{"line":154,"column":8}},"42":{"start":{"line":156,"column":6},"end":{"line":156,"column":51}},"43":{"start":{"line":157,"column":6},"end":{"line":157,"column":18}},"44":{"start":{"line":167,"column":4},"end":{"line":180,"column":5}},"45":{"start":{"line":168,"column":6},"end":{"line":171,"column":9}},"46":{"start":{"line":172,"column":6},"end":{"line":176,"column":8}},"47":{"start":{"line":178,"column":6},"end":{"line":178,"column":51}},"48":{"start":{"line":179,"column":6},"end":{"line":179,"column":18}}},"fnMap":{"0":{"name":"(anonymous_0)","decl":{"start":{"line":11,"column":2},"end":{"line":11,"column":3}},"loc":{"start":{"line":11,"column":44},"end":{"line":23,"column":3}},"line":11},"1":{"name":"(anonymous_1)","decl":{"start":{"line":26,"column":2},"end":{"line":26,"column":3}},"loc":{"start":{"line":34,"column":21},"end":{"line":67,"column":3}},"line":34},"2":{"name":"(anonymous_2)","decl":{"start":{"line":70,"column":2},"end":{"line":70,"column":3}},"loc":{"start":{"line":73,"column":21},"end":{"line":91,"column":3}},"line":73},"3":{"name":"(anonymous_3)","decl":{"start":{"line":94,"column":2},"end":{"line":94,"column":3}},"loc":{"start":{"line":94,"column":75},"end":{"line":109,"column":3}},"line":94},"4":{"name":"(anonymous_4)","decl":{"start":{"line":111,"column":2},"end":{"line":111,"column":3}},"loc":{"start":{"line":113,"column":57},"end":{"line":124,"column":3}},"line":113},"5":{"name":"(anonymous_5)","decl":{"start":{"line":127,"column":2},"end":{"line":127,"column":3}},"loc":{"start":{"line":127,"column":64},"end":{"line":137,"column":3}},"line":127},"6":{"name":"(anonymous_6)","decl":{"start":{"line":131,"column":16},"end":{"line":131,"column":17}},"loc":{"start":{"line":131,"column":26},"end":{"line":131,"column":55}},"line":131},"7":{"name":"(anonymous_7)","decl":{"start":{"line":132,"column":13},"end":{"line":132,"column":14}},"loc":{"start":{"line":132,"column":23},"end":{"line":132,"column":53}},"line":132},"8":{"name":"(anonymous_8)","decl":{"start":{"line":140,"column":2},"end":{"line":140,"column":3}},"loc":{"start":{"line":144,"column":19},"end":{"line":159,"column":3}},"line":144},"9":{"name":"(anonymous_9)","decl":{"start":{"line":162,"column":2},"end":{"line":162,"column":3}},"loc":{"start":{"line":166,"column":19},"end":{"line":181,"column":3}},"line":166}},"branchMap":{"0":{"loc":{"start":{"line":14,"column":6},"end":{"line":18,"column":7}},"type":"if","locations":[{"start":{"line":14,"column":6},"end":{"line":18,"column":7}},{"start":{},"end":{}}],"line":14},"1":{"loc":{"start":{"line":56,"column":8},"end":{"line":56,"column":48}},"type":"cond-expr","locations":[{"start":{"line":56,"column":26},"end":{"line":56,"column":44}},{"start":{"line":56,"column":47},"end":{"line":56,"column":48}}],"line":56},"2":{"loc":{"start":{"line":56,"column":26},"end":{"line":56,"column":44}},"type":"binary-expr","locations":[{"start":{"line":56,"column":26},"end":{"line":56,"column":39}},{"start":{"line":56,"column":43},"end":{"line":56,"column":44}}],"line":56},"3":{"loc":{"start":{"line":117,"column":14},"end":{"line":117,"column":54}},"type":"cond-expr","locations":[{"start":{"line":117,"column":32},"end":{"line":117,"column":50}},{"start":{"line":117,"column":53},"end":{"line":117,"column":54}}],"line":117},"4":{"loc":{"start":{"line":117,"column":32},"end":{"line":117,"column":50}},"type":"binary-expr","locations":[{"start":{"line":117,"column":32},"end":{"line":117,"column":45}},{"start":{"line":117,"column":49},"end":{"line":117,"column":50}}],"line":117},"5":{"loc":{"start":{"line":118,"column":26},"end":{"line":118,"column":78}},"type":"cond-expr","locations":[{"start":{"line":118,"column":44},"end":{"line":118,"column":74}},{"start":{"line":118,"column":77},"end":{"line":118,"column":78}}],"line":118},"6":{"loc":{"start":{"line":118,"column":44},"end":{"line":118,"column":74}},"type":"binary-expr","locations":[{"start":{"line":118,"column":44},"end":{"line":118,"column":69}},{"start":{"line":118,"column":73},"end":{"line":118,"column":74}}],"line":118}},"s":{"0":4,"1":2,"2":2,"3":2,"4":1,"5":0,"6":0,"7":1,"8":1,"9":1,"10":1,"11":1,"12":1,"13":1,"14":0,"15":0,"16":1,"17":1,"18":1,"19":1,"20":0,"21":0,"22":1,"23":1,"24":1,"25":0,"26":0,"27":2,"28":2,"29":2,"30":0,"31":0,"32":2,"33":2,"34":2,"35":3,"36":2,"37":0,"38":0,"39":1,"40":1,"41":1,"42":0,"43":0,"44":1,"45":1,"46":1,"47":0,"48":0},"f":{"0":2,"1":1,"2":1,"3":1,"4":2,"5":2,"6":3,"7":2,"8":1,"9":1},"b":{"0":[1,1],"1":[1,0],"2":[1,0],"3":[1,1],"4":[1,0],"5":[1,1],"6":[1,0]},"_coverageSchema":"1a1c01bbd47fc00a2c39e90264f33305004495a9","hash":"92876e553aa700587a987eebe5df5ce2aeddb7fa"}
,"C:\\Users\\Jayant\\Documents\\projects\\docsshelf\\src\\utils\\performance.ts": {"path":"C:\\Users\\Jayant\\Documents\\projects\\docsshelf\\src\\utils\\performance.ts","statementMap":{"0":{"start":{"line":3,"column":51},"end":{"line":3,"column":60}},"1":{"start":{"line":7,"column":4},"end":{"line":7,"column":47}},"2":{"start":{"line":12,"column":22},"end":{"line":12,"column":52}},"3":{"start":{"line":13,"column":4},"end":{"line":27,"column":5}},"4":{"start":{"line":14,"column":23},"end":{"line":14,"column":45}},"5":{"start":{"line":15,"column":6},"end":{"line":15,"column":63}},"6":{"start":{"line":18,"column":6},"end":{"line":24,"column":7}},"7":{"start":{"line":26,"column":6},"end":{"line":26,"column":40}},"8":{"start":{"line":33,"column":4},"end":{"line":35,"column":5}},"9":{"start":{"line":34,"column":6},"end":{"line":34,"column":56}},"10":{"start":{"line":38,"column":34},"end":{"line":42,"column":5}},"11":{"start":{"line":44,"column":4},"end":{"line":51,"column":5}},"12":{"start":{"line":45,"column":22},"end":{"line":45,"column":62}},"13":{"start":{"line":46,"column":6},"end":{"line":50,"column":8}},"14":{"start":{"line":56,"column":4},"end":{"line":56,"column":34}},"15":{"start":{"line":61,"column":4},"end":{"line":61,"column":47}},"16":{"start":{"line":66,"column":4},"end":{"line":66,"column":40}}},"fnMap":{"0":{"name":"(anonymous_0)","decl":{"start":{"line":6,"column":2},"end":{"line":6,"column":3}},"loc":{"start":{"line":6,"column":45},"end":{"line":8,"column":3}},"line":6},"1":{"name":"(anonymous_1)","decl":{"start":{"line":11,"column":2},"end":{"line":11,"column":3}},"loc":{"start":{"line":11,"column":43},"end":{"line":28,"column":3}},"line":11},"2":{"name":"(anonymous_2)","decl":{"start":{"line":31,"column":2},"end":{"line":31,"column":3}},"loc":{"start":{"line":31,"column":62},"end":{"line":52,"column":3}},"line":31},"3":{"name":"(anonymous_3)","decl":{"start":{"line":55,"column":2},"end":{"line":55,"column":3}},"loc":{"start":{"line":55,"column":34},"end":{"line":57,"column":3}},"line":55},"4":{"name":"(anonymous_4)","decl":{"start":{"line":60,"column":2},"end":{"line":60,"column":3}},"loc":{"start":{"line":60,"column":50},"end":{"line":62,"column":3}},"line":60},"5":{"name":"(anonymous_5)","decl":{"start":{"line":65,"column":2},"end":{"line":65,"column":3}},"loc":{"start":{"line":65,"column":44},"end":{"line":67,"column":3}},"line":65}},"branchMap":{"0":{"loc":{"start":{"line":13,"column":4},"end":{"line":27,"column":5}},"type":"if","locations":[{"start":{"line":13,"column":4},"end":{"line":27,"column":5}},{"start":{},"end":{}}],"line":13},"1":{"loc":{"start":{"line":18,"column":6},"end":{"line":24,"column":7}},"type":"if","locations":[{"start":{"line":18,"column":6},"end":{"line":24,"column":7}},{"start":{},"end":{}}],"line":18},"2":{"loc":{"start":{"line":19,"column":8},"end":{"line":20,"column":60}},"type":"binary-expr","locations":[{"start":{"line":19,"column":8},"end":{"line":19,"column":46}},{"start":{"line":20,"column":8},"end":{"line":20,"column":60}}],"line":19},"3":{"loc":{"start":{"line":31,"column":24},"end":{"line":31,"column":54}},"type":"default-arg","locations":[{"start":{"line":31,"column":40},"end":{"line":31,"column":54}}],"line":31},"4":{"loc":{"start":{"line":33,"column":4},"end":{"line":35,"column":5}},"type":"if","locations":[{"start":{"line":33,"column":4},"end":{"line":35,"column":5}},{"start":{},"end":{}}],"line":33},"5":{"loc":{"start":{"line":44,"column":4},"end":{"line":51,"column":5}},"type":"if","locations":[{"start":{"line":44,"column":4},"end":{"line":51,"column":5}},{"start":{},"end":{}}],"line":44}},"s":{"0":1,"1":26,"2":26,"3":26,"4":26,"5":26,"6":26,"7":26,"8":6,"9":0,"10":6,"11":6,"12":0,"13":0,"14":0,"15":0,"16":0},"f":{"0":26,"1":26,"2":6,"3":0,"4":0,"5":0},"b":{"0":[26,0],"1":[0,26],"2":[26,0],"3":[0],"4":[0,6],"5":[0,6]},"_coverageSchema":"1a1c01bbd47fc00a2c39e90264f33305004495a9","hash":"fa815cc0c2a96bcf71b73a07fd04a7bec147784d"}
}
