{"C:\\Users\\Jayant\\Documents\\projects\\docsshelf\\src\\screens\\Auth\\Login.tsx": {"path":"C:\\Users\\Jayant\\Documents\\projects\\docsshelf\\src\\screens\\Auth\\Login.tsx","statementMap":{"0":{"start":{"line":27,"column":28},"end":{"line":27,"column":40}},"1":{"start":{"line":28,"column":34},"end":{"line":28,"column":46}},"2":{"start":{"line":29,"column":58},"end":{"line":29,"column":73}},"3":{"start":{"line":30,"column":48},"end":{"line":30,"column":63}},"4":{"start":{"line":31,"column":48},"end":{"line":31,"column":60}},"5":{"start":{"line":32,"column":36},"end":{"line":32,"column":51}},"6":{"start":{"line":33,"column":19},"end":{"line":33,"column":32}},"7":{"start":{"line":34,"column":16},"end":{"line":34,"column":26}},"8":{"start":{"line":36,"column":2},"end":{"line":38,"column":9}},"9":{"start":{"line":37,"column":4},"end":{"line":37,"column":33}},"10":{"start":{"line":40,"column":37},"end":{"line":47,"column":3}},"11":{"start":{"line":41,"column":4},"end":{"line":46,"column":5}},"12":{"start":{"line":42,"column":24},"end":{"line":42,"column":70}},"13":{"start":{"line":43,"column":6},"end":{"line":43,"column":41}},"14":{"start":{"line":45,"column":6},"end":{"line":45,"column":45}},"15":{"start":{"line":49,"column":23},"end":{"line":52,"column":3}},"16":{"start":{"line":50,"column":4},"end":{"line":50,"column":32}},"17":{"start":{"line":51,"column":4},"end":{"line":51,"column":29}},"18":{"start":{"line":54,"column":31},"end":{"line":68,"column":3}},"19":{"start":{"line":55,"column":4},"end":{"line":55,"column":42}},"20":{"start":{"line":56,"column":4},"end":{"line":67,"column":5}},"21":{"start":{"line":57,"column":22},"end":{"line":57,"column":68}},"22":{"start":{"line":58,"column":6},"end":{"line":63,"column":7}},"23":{"start":{"line":59,"column":8},"end":{"line":61,"column":10}},"24":{"start":{"line":62,"column":8},"end":{"line":62,"column":54}},"25":{"start":{"line":65,"column":6},"end":{"line":65,"column":54}},"26":{"start":{"line":66,"column":6},"end":{"line":66,"column":50}},"27":{"start":{"line":70,"column":22},"end":{"line":99,"column":3}},"28":{"start":{"line":71,"column":4},"end":{"line":75,"column":5}},"29":{"start":{"line":72,"column":6},"end":{"line":72,"column":45}},"30":{"start":{"line":73,"column":6},"end":{"line":73,"column":50}},"31":{"start":{"line":74,"column":6},"end":{"line":74,"column":13}},"32":{"start":{"line":77,"column":4},"end":{"line":77,"column":43}},"33":{"start":{"line":78,"column":4},"end":{"line":78,"column":23}},"34":{"start":{"line":79,"column":4},"end":{"line":79,"column":27}},"35":{"start":{"line":81,"column":4},"end":{"line":98,"column":5}},"36":{"start":{"line":82,"column":19},"end":{"line":82,"column":63}},"37":{"start":{"line":83,"column":6},"end":{"line":91,"column":7}},"38":{"start":{"line":84,"column":8},"end":{"line":84,"column":37}},"39":{"start":{"line":85,"column":8},"end":{"line":85,"column":42}},"40":{"start":{"line":86,"column":8},"end":{"line":86,"column":54}},"41":{"start":{"line":88,"column":8},"end":{"line":88,"column":54}},"42":{"start":{"line":89,"column":8},"end":{"line":89,"column":44}},"43":{"start":{"line":90,"column":8},"end":{"line":90,"column":52}},"44":{"start":{"line":93,"column":6},"end":{"line":93,"column":45}},"45":{"start":{"line":94,"column":6},"end":{"line":94,"column":54}},"46":{"start":{"line":95,"column":6},"end":{"line":95,"column":50}},"47":{"start":{"line":97,"column":6},"end":{"line":97,"column":26}},"48":{"start":{"line":101,"column":2},"end":{"line":187,"column":4}},"49":{"start":{"line":164,"column":14},"end":{"line":164,"column":52}},"50":{"start":{"line":165,"column":14},"end":{"line":165,"column":46}},"51":{"start":{"line":179,"column":25},"end":{"line":179,"column":50}},"52":{"start":{"line":190,"column":15},"end":{"line":210,"column":2}}},"fnMap":{"0":{"name":"LoginScreen","decl":{"start":{"line":26,"column":24},"end":{"line":26,"column":35}},"loc":{"start":{"line":26,"column":70},"end":{"line":188,"column":1}},"line":26},"1":{"name":"(anonymous_1)","decl":{"start":{"line":36,"column":12},"end":{"line":36,"column":13}},"loc":{"start":{"line":36,"column":18},"end":{"line":38,"column":3}},"line":36},"2":{"name":"(anonymous_2)","decl":{"start":{"line":40,"column":37},"end":{"line":40,"column":38}},"loc":{"start":{"line":40,"column":49},"end":{"line":47,"column":3}},"line":40},"3":{"name":"(anonymous_3)","decl":{"start":{"line":49,"column":23},"end":{"line":49,"column":24}},"loc":{"start":{"line":49,"column":44},"end":{"line":52,"column":3}},"line":49},"4":{"name":"(anonymous_4)","decl":{"start":{"line":54,"column":31},"end":{"line":54,"column":32}},"loc":{"start":{"line":54,"column":43},"end":{"line":68,"column":3}},"line":54},"5":{"name":"(anonymous_5)","decl":{"start":{"line":70,"column":22},"end":{"line":70,"column":23}},"loc":{"start":{"line":70,"column":34},"end":{"line":99,"column":3}},"line":70},"6":{"name":"(anonymous_6)","decl":{"start":{"line":163,"column":21},"end":{"line":163,"column":22}},"loc":{"start":{"line":163,"column":27},"end":{"line":166,"column":13}},"line":163},"7":{"name":"(anonymous_7)","decl":{"start":{"line":179,"column":19},"end":{"line":179,"column":20}},"loc":{"start":{"line":179,"column":25},"end":{"line":179,"column":50}},"line":179}},"branchMap":{"0":{"loc":{"start":{"line":58,"column":6},"end":{"line":63,"column":7}},"type":"if","locations":[{"start":{"line":58,"column":6},"end":{"line":63,"column":7}},{"start":{},"end":{}}],"line":58},"1":{"loc":{"start":{"line":71,"column":4},"end":{"line":75,"column":5}},"type":"if","locations":[{"start":{"line":71,"column":4},"end":{"line":75,"column":5}},{"start":{},"end":{}}],"line":71},"2":{"loc":{"start":{"line":71,"column":8},"end":{"line":71,"column":27}},"type":"binary-expr","locations":[{"start":{"line":71,"column":8},"end":{"line":71,"column":14}},{"start":{"line":71,"column":18},"end":{"line":71,"column":27}}],"line":71},"3":{"loc":{"start":{"line":83,"column":6},"end":{"line":91,"column":7}},"type":"if","locations":[{"start":{"line":83,"column":6},"end":{"line":91,"column":7}},{"start":{"line":87,"column":13},"end":{"line":91,"column":7}}],"line":83},"4":{"loc":{"start":{"line":146,"column":13},"end":{"line":146,"column":50}},"type":"cond-expr","locations":[{"start":{"line":146,"column":25},"end":{"line":146,"column":40}},{"start":{"line":146,"column":43},"end":{"line":146,"column":50}}],"line":146},"5":{"loc":{"start":{"line":148,"column":11},"end":{"line":160,"column":11}},"type":"binary-expr","locations":[{"start":{"line":148,"column":11},"end":{"line":148,"column":31}},{"start":{"line":149,"column":12},"end":{"line":159,"column":21}}],"line":148}},"s":{"0":0,"1":0,"2":0,"3":0,"4":0,"5":0,"6":0,"7":0,"8":0,"9":0,"10":0,"11":0,"12":0,"13":0,"14":0,"15":0,"16":0,"17":0,"18":0,"19":0,"20":0,"21":0,"22":0,"23":0,"24":0,"25":0,"26":0,"27":0,"28":0,"29":0,"30":0,"31":0,"32":0,"33":0,"34":0,"35":0,"36":0,"37":0,"38":0,"39":0,"40":0,"41":0,"42":0,"43":0,"44":0,"45":0,"46":0,"47":0,"48":0,"49":0,"50":0,"51":0,"52":1},"f":{"0":0,"1":0,"2":0,"3":0,"4":0,"5":0,"6":0,"7":0},"b":{"0":[0,0],"1":[0,0],"2":[0,0],"3":[0,0],"4":[0,0],"5":[0,0]},"_coverageSchema":"1a1c01bbd47fc00a2c39e90264f33305004495a9","hash":"418c10c243c9cca3508af823fc2a877b686a3dc9"}
,"C:\\Users\\Jayant\\Documents\\projects\\docsshelf\\src\\screens\\Documents\\DocumentsList.tsx": {"path":"C:\\Users\\Jayant\\Documents\\projects\\docsshelf\\src\\screens\\Documents\\DocumentsList.tsx","statementMap":{"0":{"start":{"line":25,"column":40},"end":{"line":25,"column":52}},"1":{"start":{"line":26,"column":36},"end":{"line":26,"column":60}},"2":{"start":{"line":27,"column":40},"end":{"line":27,"column":55}},"3":{"start":{"line":28,"column":38},"end":{"line":28,"column":53}},"4":{"start":{"line":29,"column":48},"end":{"line":29,"column":63}},"5":{"start":{"line":30,"column":48},"end":{"line":30,"column":60}},"6":{"start":{"line":31,"column":42},"end":{"line":33,"column":3}},"7":{"start":{"line":36,"column":40},"end":{"line":36,"column":51}},"8":{"start":{"line":37,"column":36},"end":{"line":37,"column":51}},"9":{"start":{"line":38,"column":44},"end":{"line":38,"column":59}},"10":{"start":{"line":39,"column":32},"end":{"line":39,"column":46}},"11":{"start":{"line":40,"column":20},"end":{"line":40,"column":22}},"12":{"start":{"line":42,"column":17},"end":{"line":42,"column":71}},"13":{"start":{"line":42,"column":51},"end":{"line":42,"column":70}},"14":{"start":{"line":43,"column":19},"end":{"line":43,"column":32}},"15":{"start":{"line":44,"column":16},"end":{"line":44,"column":26}},"16":{"start":{"line":47,"column":24},"end":{"line":84,"column":3}},"17":{"start":{"line":49,"column":6},"end":{"line":49,"column":26}},"18":{"start":{"line":49,"column":19},"end":{"line":49,"column":26}},"19":{"start":{"line":51,"column":6},"end":{"line":81,"column":7}},"20":{"start":{"line":52,"column":8},"end":{"line":57,"column":9}},"21":{"start":{"line":53,"column":10},"end":{"line":53,"column":33}},"22":{"start":{"line":55,"column":10},"end":{"line":55,"column":29}},"23":{"start":{"line":56,"column":10},"end":{"line":56,"column":71}},"24":{"start":{"line":59,"column":23},"end":{"line":63,"column":9}},"25":{"start":{"line":65,"column":8},"end":{"line":71,"column":9}},"26":{"start":{"line":66,"column":10},"end":{"line":66,"column":65}},"27":{"start":{"line":66,"column":33},"end":{"line":66,"column":63}},"28":{"start":{"line":68,"column":10},"end":{"line":68,"column":41}},"29":{"start":{"line":69,"column":10},"end":{"line":69,"column":69}},"30":{"start":{"line":70,"column":10},"end":{"line":70,"column":67}},"31":{"start":{"line":73,"column":8},"end":{"line":73,"column":35}},"32":{"start":{"line":74,"column":8},"end":{"line":74,"column":29}},"33":{"start":{"line":76,"column":8},"end":{"line":76,"column":58}},"34":{"start":{"line":77,"column":8},"end":{"line":77,"column":58}},"35":{"start":{"line":79,"column":8},"end":{"line":79,"column":28}},"36":{"start":{"line":80,"column":8},"end":{"line":80,"column":32}},"37":{"start":{"line":87,"column":28},"end":{"line":91,"column":69}},"38":{"start":{"line":88,"column":4},"end":{"line":90,"column":5}},"39":{"start":{"line":89,"column":6},"end":{"line":89,"column":43}},"40":{"start":{"line":94,"column":26},"end":{"line":134,"column":3}},"41":{"start":{"line":96,"column":6},"end":{"line":96,"column":26}},"42":{"start":{"line":96,"column":19},"end":{"line":96,"column":26}},"43":{"start":{"line":98,"column":6},"end":{"line":131,"column":7}},"44":{"start":{"line":99,"column":8},"end":{"line":104,"column":9}},"45":{"start":{"line":100,"column":10},"end":{"line":100,"column":33}},"46":{"start":{"line":102,"column":10},"end":{"line":102,"column":29}},"47":{"start":{"line":103,"column":10},"end":{"line":103,"column":60}},"48":{"start":{"line":106,"column":23},"end":{"line":106,"column":75}},"49":{"start":{"line":107,"column":27},"end":{"line":107,"column":49}},"50":{"start":{"line":108,"column":25},"end":{"line":108,"column":47}},"51":{"start":{"line":109,"column":32},"end":{"line":113,"column":9}},"52":{"start":{"line":115,"column":8},"end":{"line":121,"column":9}},"53":{"start":{"line":116,"column":10},"end":{"line":116,"column":74}},"54":{"start":{"line":116,"column":33},"end":{"line":116,"column":72}},"55":{"start":{"line":118,"column":10},"end":{"line":118,"column":50}},"56":{"start":{"line":119,"column":10},"end":{"line":119,"column":58}},"57":{"start":{"line":120,"column":10},"end":{"line":120,"column":60}},"58":{"start":{"line":123,"column":8},"end":{"line":123,"column":44}},"59":{"start":{"line":124,"column":8},"end":{"line":124,"column":29}},"60":{"start":{"line":126,"column":8},"end":{"line":126,"column":60}},"61":{"start":{"line":127,"column":8},"end":{"line":127,"column":60}},"62":{"start":{"line":129,"column":8},"end":{"line":129,"column":28}},"63":{"start":{"line":130,"column":8},"end":{"line":130,"column":32}},"64":{"start":{"line":137,"column":2},"end":{"line":147,"column":52}},"65":{"start":{"line":138,"column":22},"end":{"line":144,"column":11}},"66":{"start":{"line":139,"column":6},"end":{"line":143,"column":7}},"67":{"start":{"line":140,"column":8},"end":{"line":140,"column":44}},"68":{"start":{"line":142,"column":8},"end":{"line":142,"column":25}},"69":{"start":{"line":146,"column":4},"end":{"line":146,"column":41}},"70":{"start":{"line":146,"column":17},"end":{"line":146,"column":40}},"71":{"start":{"line":150,"column":2},"end":{"line":154,"column":30}},"72":{"start":{"line":151,"column":4},"end":{"line":153,"column":5}},"73":{"start":{"line":152,"column":6},"end":{"line":152,"column":23}},"74":{"start":{"line":156,"column":23},"end":{"line":163,"column":3}},"75":{"start":{"line":160,"column":4},"end":{"line":160,"column":32}},"76":{"start":{"line":161,"column":4},"end":{"line":161,"column":26}},"77":{"start":{"line":162,"column":4},"end":{"line":162,"column":29}},"78":{"start":{"line":165,"column":23},"end":{"line":214,"column":3}},"79":{"start":{"line":166,"column":4},"end":{"line":169,"column":5}},"80":{"start":{"line":167,"column":6},"end":{"line":167,"column":54}},"81":{"start":{"line":168,"column":6},"end":{"line":168,"column":13}},"82":{"start":{"line":171,"column":4},"end":{"line":171,"column":43}},"83":{"start":{"line":172,"column":4},"end":{"line":172,"column":25}},"84":{"start":{"line":174,"column":4},"end":{"line":213,"column":5}},"85":{"start":{"line":176,"column":26},"end":{"line":176,"column":68}},"86":{"start":{"line":177,"column":6},"end":{"line":180,"column":7}},"87":{"start":{"line":178,"column":8},"end":{"line":178,"column":67}},"88":{"start":{"line":179,"column":8},"end":{"line":179,"column":15}},"89":{"start":{"line":183,"column":28},"end":{"line":183,"column":44}},"90":{"start":{"line":185,"column":21},"end":{"line":188,"column":7}},"91":{"start":{"line":189,"column":6},"end":{"line":206,"column":7}},"92":{"start":{"line":191,"column":30},"end":{"line":202,"column":9}},"93":{"start":{"line":203,"column":8},"end":{"line":203,"column":35}},"94":{"start":{"line":204,"column":8},"end":{"line":204,"column":55}},"95":{"start":{"line":205,"column":8},"end":{"line":205,"column":54}},"96":{"start":{"line":208,"column":6},"end":{"line":208,"column":45}},"97":{"start":{"line":209,"column":6},"end":{"line":209,"column":57}},"98":{"start":{"line":210,"column":6},"end":{"line":210,"column":50}},"99":{"start":{"line":212,"column":6},"end":{"line":212,"column":28}},"100":{"start":{"line":216,"column":21},"end":{"line":265,"column":3}},"101":{"start":{"line":217,"column":4},"end":{"line":220,"column":5}},"102":{"start":{"line":218,"column":6},"end":{"line":218,"column":54}},"103":{"start":{"line":219,"column":6},"end":{"line":219,"column":13}},"104":{"start":{"line":222,"column":4},"end":{"line":222,"column":43}},"105":{"start":{"line":223,"column":4},"end":{"line":223,"column":24}},"106":{"start":{"line":225,"column":4},"end":{"line":264,"column":5}},"107":{"start":{"line":227,"column":26},"end":{"line":227,"column":68}},"108":{"start":{"line":228,"column":6},"end":{"line":231,"column":7}},"109":{"start":{"line":229,"column":8},"end":{"line":229,"column":60}},"110":{"start":{"line":230,"column":8},"end":{"line":230,"column":15}},"111":{"start":{"line":234,"column":28},"end":{"line":234,"column":44}},"112":{"start":{"line":236,"column":21},"end":{"line":239,"column":7}},"113":{"start":{"line":240,"column":6},"end":{"line":257,"column":7}},"114":{"start":{"line":242,"column":30},"end":{"line":253,"column":9}},"115":{"start":{"line":254,"column":8},"end":{"line":254,"column":35}},"116":{"start":{"line":255,"column":8},"end":{"line":255,"column":54}},"117":{"start":{"line":256,"column":8},"end":{"line":256,"column":54}},"118":{"start":{"line":259,"column":6},"end":{"line":259,"column":43}},"119":{"start":{"line":260,"column":6},"end":{"line":260,"column":55}},"120":{"start":{"line":261,"column":6},"end":{"line":261,"column":50}},"121":{"start":{"line":263,"column":6},"end":{"line":263,"column":27}},"122":{"start":{"line":267,"column":25},"end":{"line":286,"column":3}},"123":{"start":{"line":268,"column":4},"end":{"line":285,"column":11}},"124":{"start":{"line":288,"column":2},"end":{"line":422,"column":4}},"125":{"start":{"line":367,"column":34},"end":{"line":367,"column":41}},"126":{"start":{"line":394,"column":10},"end":{"line":394,"column":48}},"127":{"start":{"line":395,"column":10},"end":{"line":399,"column":13}},"128":{"start":{"line":408,"column":25},"end":{"line":408,"column":50}},"129":{"start":{"line":425,"column":15},"end":{"line":474,"column":2}}},"fnMap":{"0":{"name":"DocumentsListScreen","decl":{"start":{"line":24,"column":24},"end":{"line":24,"column":43}},"loc":{"start":{"line":24,"column":46},"end":{"line":423,"column":1}},"line":24},"1":{"name":"(anonymous_1)","decl":{"start":{"line":42,"column":29},"end":{"line":42,"column":30}},"loc":{"start":{"line":42,"column":51},"end":{"line":42,"column":70}},"line":42},"2":{"name":"(anonymous_2)","decl":{"start":{"line":48,"column":4},"end":{"line":48,"column":5}},"loc":{"start":{"line":48,"column":61},"end":{"line":82,"column":5}},"line":48},"3":{"name":"(anonymous_3)","decl":{"start":{"line":66,"column":23},"end":{"line":66,"column":24}},"loc":{"start":{"line":66,"column":33},"end":{"line":66,"column":63}},"line":66},"4":{"name":"(anonymous_4)","decl":{"start":{"line":87,"column":40},"end":{"line":87,"column":41}},"loc":{"start":{"line":87,"column":46},"end":{"line":91,"column":3}},"line":87},"5":{"name":"(anonymous_5)","decl":{"start":{"line":95,"column":4},"end":{"line":95,"column":5}},"loc":{"start":{"line":95,"column":76},"end":{"line":132,"column":5}},"line":95},"6":{"name":"(anonymous_6)","decl":{"start":{"line":116,"column":23},"end":{"line":116,"column":24}},"loc":{"start":{"line":116,"column":33},"end":{"line":116,"column":72}},"line":116},"7":{"name":"(anonymous_7)","decl":{"start":{"line":137,"column":12},"end":{"line":137,"column":13}},"loc":{"start":{"line":137,"column":18},"end":{"line":147,"column":3}},"line":137},"8":{"name":"(anonymous_8)","decl":{"start":{"line":138,"column":33},"end":{"line":138,"column":34}},"loc":{"start":{"line":138,"column":39},"end":{"line":144,"column":5}},"line":138},"9":{"name":"(anonymous_9)","decl":{"start":{"line":146,"column":11},"end":{"line":146,"column":12}},"loc":{"start":{"line":146,"column":17},"end":{"line":146,"column":40}},"line":146},"10":{"name":"(anonymous_10)","decl":{"start":{"line":150,"column":12},"end":{"line":150,"column":13}},"loc":{"start":{"line":150,"column":18},"end":{"line":154,"column":3}},"line":150},"11":{"name":"(anonymous_11)","decl":{"start":{"line":156,"column":23},"end":{"line":156,"column":24}},"loc":{"start":{"line":159,"column":7},"end":{"line":163,"column":3}},"line":159},"12":{"name":"(anonymous_12)","decl":{"start":{"line":165,"column":23},"end":{"line":165,"column":24}},"loc":{"start":{"line":165,"column":35},"end":{"line":214,"column":3}},"line":165},"13":{"name":"(anonymous_13)","decl":{"start":{"line":216,"column":21},"end":{"line":216,"column":22}},"loc":{"start":{"line":216,"column":33},"end":{"line":265,"column":3}},"line":216},"14":{"name":"(anonymous_14)","decl":{"start":{"line":267,"column":25},"end":{"line":267,"column":26}},"loc":{"start":{"line":268,"column":4},"end":{"line":285,"column":11}},"line":268},"15":{"name":"(anonymous_15)","decl":{"start":{"line":367,"column":24},"end":{"line":367,"column":25}},"loc":{"start":{"line":367,"column":34},"end":{"line":367,"column":41}},"line":367},"16":{"name":"(anonymous_16)","decl":{"start":{"line":393,"column":17},"end":{"line":393,"column":18}},"loc":{"start":{"line":393,"column":23},"end":{"line":400,"column":9}},"line":393},"17":{"name":"(anonymous_17)","decl":{"start":{"line":408,"column":19},"end":{"line":408,"column":20}},"loc":{"start":{"line":408,"column":25},"end":{"line":408,"column":50}},"line":408}},"branchMap":{"0":{"loc":{"start":{"line":48,"column":11},"end":{"line":48,"column":27}},"type":"default-arg","locations":[{"start":{"line":48,"column":26},"end":{"line":48,"column":27}}],"line":48},"1":{"loc":{"start":{"line":48,"column":29},"end":{"line":48,"column":56}},"type":"default-arg","locations":[{"start":{"line":48,"column":51},"end":{"line":48,"column":56}}],"line":48},"2":{"loc":{"start":{"line":49,"column":6},"end":{"line":49,"column":26}},"type":"if","locations":[{"start":{"line":49,"column":6},"end":{"line":49,"column":26}},{"start":{},"end":{}}],"line":49},"3":{"loc":{"start":{"line":52,"column":8},"end":{"line":57,"column":9}},"type":"if","locations":[{"start":{"line":52,"column":8},"end":{"line":57,"column":9}},{"start":{"line":54,"column":15},"end":{"line":57,"column":9}}],"line":52},"4":{"loc":{"start":{"line":65,"column":8},"end":{"line":71,"column":9}},"type":"if","locations":[{"start":{"line":65,"column":8},"end":{"line":71,"column":9}},{"start":{"line":67,"column":15},"end":{"line":71,"column":9}}],"line":65},"5":{"loc":{"start":{"line":88,"column":4},"end":{"line":90,"column":5}},"type":"if","locations":[{"start":{"line":88,"column":4},"end":{"line":90,"column":5}},{"start":{},"end":{}}],"line":88},"6":{"loc":{"start":{"line":88,"column":8},"end":{"line":88,"column":47}},"type":"binary-expr","locations":[{"start":{"line":88,"column":8},"end":{"line":88,"column":22}},{"start":{"line":88,"column":26},"end":{"line":88,"column":33}},{"start":{"line":88,"column":37},"end":{"line":88,"column":47}}],"line":88},"7":{"loc":{"start":{"line":95,"column":26},"end":{"line":95,"column":42}},"type":"default-arg","locations":[{"start":{"line":95,"column":41},"end":{"line":95,"column":42}}],"line":95},"8":{"loc":{"start":{"line":95,"column":44},"end":{"line":95,"column":71}},"type":"default-arg","locations":[{"start":{"line":95,"column":66},"end":{"line":95,"column":71}}],"line":95},"9":{"loc":{"start":{"line":96,"column":6},"end":{"line":96,"column":26}},"type":"if","locations":[{"start":{"line":96,"column":6},"end":{"line":96,"column":26}},{"start":{},"end":{}}],"line":96},"10":{"loc":{"start":{"line":99,"column":8},"end":{"line":104,"column":9}},"type":"if","locations":[{"start":{"line":99,"column":8},"end":{"line":104,"column":9}},{"start":{"line":101,"column":15},"end":{"line":104,"column":9}}],"line":99},"11":{"loc":{"start":{"line":115,"column":8},"end":{"line":121,"column":9}},"type":"if","locations":[{"start":{"line":115,"column":8},"end":{"line":121,"column":9}},{"start":{"line":117,"column":15},"end":{"line":121,"column":9}}],"line":115},"12":{"loc":{"start":{"line":139,"column":6},"end":{"line":143,"column":7}},"type":"if","locations":[{"start":{"line":139,"column":6},"end":{"line":143,"column":7}},{"start":{"line":141,"column":13},"end":{"line":143,"column":7}}],"line":139},"13":{"loc":{"start":{"line":151,"column":4},"end":{"line":153,"column":5}},"type":"if","locations":[{"start":{"line":151,"column":4},"end":{"line":153,"column":5}},{"start":{},"end":{}}],"line":151},"14":{"loc":{"start":{"line":158,"column":4},"end":{"line":158,"column":41}},"type":"default-arg","locations":[{"start":{"line":158,"column":32},"end":{"line":158,"column":41}}],"line":158},"15":{"loc":{"start":{"line":166,"column":4},"end":{"line":169,"column":5}},"type":"if","locations":[{"start":{"line":166,"column":4},"end":{"line":169,"column":5}},{"start":{},"end":{}}],"line":166},"16":{"loc":{"start":{"line":177,"column":6},"end":{"line":180,"column":7}},"type":"if","locations":[{"start":{"line":177,"column":6},"end":{"line":180,"column":7}},{"start":{},"end":{}}],"line":177},"17":{"loc":{"start":{"line":189,"column":6},"end":{"line":206,"column":7}},"type":"if","locations":[{"start":{"line":189,"column":6},"end":{"line":206,"column":7}},{"start":{},"end":{}}],"line":189},"18":{"loc":{"start":{"line":217,"column":4},"end":{"line":220,"column":5}},"type":"if","locations":[{"start":{"line":217,"column":4},"end":{"line":220,"column":5}},{"start":{},"end":{}}],"line":217},"19":{"loc":{"start":{"line":228,"column":6},"end":{"line":231,"column":7}},"type":"if","locations":[{"start":{"line":228,"column":6},"end":{"line":231,"column":7}},{"start":{},"end":{}}],"line":228},"20":{"loc":{"start":{"line":240,"column":6},"end":{"line":257,"column":7}},"type":"if","locations":[{"start":{"line":240,"column":6},"end":{"line":257,"column":7}},{"start":{},"end":{}}],"line":240},"21":{"loc":{"start":{"line":271,"column":63},"end":{"line":271,"column":95}},"type":"binary-expr","locations":[{"start":{"line":271,"column":63},"end":{"line":271,"column":76}},{"start":{"line":271,"column":80},"end":{"line":271,"column":95}}],"line":271},"22":{"loc":{"start":{"line":271,"column":106},"end":{"line":271,"column":167}},"type":"cond-expr","locations":[{"start":{"line":271,"column":118},"end":{"line":271,"column":155}},{"start":{"line":271,"column":158},"end":{"line":271,"column":167}}],"line":271},"23":{"loc":{"start":{"line":276,"column":21},"end":{"line":276,"column":53}},"type":"binary-expr","locations":[{"start":{"line":276,"column":21},"end":{"line":276,"column":34}},{"start":{"line":276,"column":38},"end":{"line":276,"column":53}}],"line":276},"24":{"loc":{"start":{"line":279,"column":19},"end":{"line":279,"column":45}},"type":"binary-expr","locations":[{"start":{"line":279,"column":19},"end":{"line":279,"column":30}},{"start":{"line":279,"column":34},"end":{"line":279,"column":45}}],"line":279},"25":{"loc":{"start":{"line":282,"column":17},"end":{"line":282,"column":78}},"type":"cond-expr","locations":[{"start":{"line":282,"column":29},"end":{"line":282,"column":66}},{"start":{"line":282,"column":69},"end":{"line":282,"column":78}}],"line":282},"26":{"loc":{"start":{"line":320,"column":11},"end":{"line":320,"column":59}},"type":"cond-expr","locations":[{"start":{"line":320,"column":25},"end":{"line":320,"column":39}},{"start":{"line":320,"column":42},"end":{"line":320,"column":59}}],"line":320},"27":{"loc":{"start":{"line":331,"column":11},"end":{"line":331,"column":55}},"type":"cond-expr","locations":[{"start":{"line":331,"column":24},"end":{"line":331,"column":37}},{"start":{"line":331,"column":40},"end":{"line":331,"column":55}}],"line":331},"28":{"loc":{"start":{"line":335,"column":7},"end":{"line":388,"column":7}},"type":"cond-expr","locations":[{"start":{"line":336,"column":8},"end":{"line":362,"column":9}},{"start":{"line":364,"column":8},"end":{"line":387,"column":10}}],"line":335},"29":{"loc":{"start":{"line":336,"column":8},"end":{"line":362,"column":9}},"type":"cond-expr","locations":[{"start":{"line":337,"column":10},"end":{"line":347,"column":17}},{"start":{"line":349,"column":10},"end":{"line":361,"column":17}}],"line":336},"30":{"loc":{"start":{"line":353,"column":14},"end":{"line":355,"column":61}},"type":"cond-expr","locations":[{"start":{"line":354,"column":18},"end":{"line":354,"column":50}},{"start":{"line":355,"column":18},"end":{"line":355,"column":61}}],"line":353},"31":{"loc":{"start":{"line":358,"column":13},"end":{"line":360,"column":59}},"type":"cond-expr","locations":[{"start":{"line":359,"column":16},"end":{"line":359,"column":48}},{"start":{"line":360,"column":16},"end":{"line":360,"column":59}}],"line":358},"32":{"loc":{"start":{"line":371,"column":12},"end":{"line":383,"column":20}},"type":"cond-expr","locations":[{"start":{"line":372,"column":14},"end":{"line":382,"column":21}},{"start":{"line":383,"column":16},"end":{"line":383,"column":20}}],"line":371},"33":{"loc":{"start":{"line":412,"column":12},"end":{"line":414,"column":36}},"type":"cond-expr","locations":[{"start":{"line":413,"column":16},"end":{"line":413,"column":34}},{"start":{"line":414,"column":16},"end":{"line":414,"column":36}}],"line":412}},"s":{"0":0,"1":0,"2":0,"3":0,"4":0,"5":0,"6":0,"7":0,"8":0,"9":0,"10":0,"11":0,"12":0,"13":0,"14":0,"15":0,"16":0,"17":0,"18":0,"19":0,"20":0,"21":0,"22":0,"23":0,"24":0,"25":0,"26":0,"27":0,"28":0,"29":0,"30":0,"31":0,"32":0,"33":0,"34":0,"35":0,"36":0,"37":0,"38":0,"39":0,"40":0,"41":0,"42":0,"43":0,"44":0,"45":0,"46":0,"47":0,"48":0,"49":0,"50":0,"51":0,"52":0,"53":0,"54":0,"55":0,"56":0,"57":0,"58":0,"59":0,"60":0,"61":0,"62":0,"63":0,"64":0,"65":0,"66":0,"67":0,"68":0,"69":0,"70":0,"71":0,"72":0,"73":0,"74":0,"75":0,"76":0,"77":0,"78":0,"79":0,"80":0,"81":0,"82":0,"83":0,"84":0,"85":0,"86":0,"87":0,"88":0,"89":0,"90":0,"91":0,"92":0,"93":0,"94":0,"95":0,"96":0,"97":0,"98":0,"99":0,"100":0,"101":0,"102":0,"103":0,"104":0,"105":0,"106":0,"107":0,"108":0,"109":0,"110":0,"111":0,"112":0,"113":0,"114":0,"115":0,"116":0,"117":0,"118":0,"119":0,"120":0,"121":0,"122":0,"123":0,"124":0,"125":0,"126":0,"127":0,"128":0,"129":1},"f":{"0":0,"1":0,"2":0,"3":0,"4":0,"5":0,"6":0,"7":0,"8":0,"9":0,"10":0,"11":0,"12":0,"13":0,"14":0,"15":0,"16":0,"17":0},"b":{"0":[0],"1":[0],"2":[0,0],"3":[0,0],"4":[0,0],"5":[0,0],"6":[0,0,0],"7":[0],"8":[0],"9":[0,0],"10":[0,0],"11":[0,0],"12":[0,0],"13":[0,0],"14":[0],"15":[0,0],"16":[0,0],"17":[0,0],"18":[0,0],"19":[0,0],"20":[0,0],"21":[0,0],"22":[0,0],"23":[0,0],"24":[0,0],"25":[0,0],"26":[0,0],"27":[0,0],"28":[0,0],"29":[0,0],"30":[0,0],"31":[0,0],"32":[0,0],"33":[0,0]},"_coverageSchema":"1a1c01bbd47fc00a2c39e90264f33305004495a9","hash":"bf887d349988c10b40badd583b40891018fefc2f"}
,"C:\\Users\\Jayant\\Documents\\projects\\docsshelf\\src\\services\\auth\\index.ts": {"path":"C:\\Users\\Jayant\\Documents\\projects\\docsshelf\\src\\services\\auth\\index.ts","statementMap":{"0":{"start":{"line":20,"column":30},"end":{"line":20,"column":57}},"1":{"start":{"line":24,"column":4},"end":{"line":24,"column":41}},"2":{"start":{"line":29,"column":4},"end":{"line":52,"column":5}},"3":{"start":{"line":31,"column":6},"end":{"line":31,"column":47}},"4":{"start":{"line":34,"column":19},"end":{"line":34,"column":67}},"5":{"start":{"line":35,"column":27},"end":{"line":35,"column":79}},"6":{"start":{"line":38,"column":19},"end":{"line":42,"column":8}},"7":{"start":{"line":45,"column":28},"end":{"line":45,"column":59}},"8":{"start":{"line":46,"column":6},"end":{"line":46,"column":78}},"9":{"start":{"line":48,"column":6},"end":{"line":48,"column":18}},"10":{"start":{"line":50,"column":6},"end":{"line":50,"column":51}},"11":{"start":{"line":51,"column":6},"end":{"line":51,"column":18}},"12":{"start":{"line":57,"column":4},"end":{"line":88,"column":5}},"13":{"start":{"line":58,"column":19},"end":{"line":58,"column":74}},"14":{"start":{"line":59,"column":6},"end":{"line":61,"column":7}},"15":{"start":{"line":60,"column":8},"end":{"line":60,"column":47}},"16":{"start":{"line":64,"column":26},"end":{"line":67,"column":7}},"17":{"start":{"line":68,"column":6},"end":{"line":75,"column":7}},"18":{"start":{"line":69,"column":8},"end":{"line":73,"column":10}},"19":{"start":{"line":74,"column":8},"end":{"line":74,"column":47}},"20":{"start":{"line":78,"column":6},"end":{"line":82,"column":8}},"21":{"start":{"line":84,"column":6},"end":{"line":84,"column":18}},"22":{"start":{"line":86,"column":6},"end":{"line":86,"column":44}},"23":{"start":{"line":87,"column":6},"end":{"line":87,"column":18}},"24":{"start":{"line":93,"column":4},"end":{"line":109,"column":5}},"25":{"start":{"line":94,"column":28},"end":{"line":94,"column":69}},"26":{"start":{"line":96,"column":6},"end":{"line":98,"column":7}},"27":{"start":{"line":97,"column":8},"end":{"line":97,"column":66}},"28":{"start":{"line":100,"column":26},"end":{"line":103,"column":8}},"29":{"start":{"line":105,"column":6},"end":{"line":105,"column":21}},"30":{"start":{"line":107,"column":6},"end":{"line":107,"column":63}},"31":{"start":{"line":108,"column":6},"end":{"line":108,"column":19}},"32":{"start":{"line":114,"column":4},"end":{"line":128,"column":5}},"33":{"start":{"line":115,"column":22},"end":{"line":115,"column":61}},"34":{"start":{"line":116,"column":6},"end":{"line":123,"column":7}},"35":{"start":{"line":117,"column":8},"end":{"line":121,"column":10}},"36":{"start":{"line":122,"column":8},"end":{"line":122,"column":20}},"37":{"start":{"line":124,"column":6},"end":{"line":124,"column":19}},"38":{"start":{"line":126,"column":6},"end":{"line":126,"column":62}},"39":{"start":{"line":127,"column":6},"end":{"line":127,"column":19}},"40":{"start":{"line":133,"column":4},"end":{"line":138,"column":5}},"41":{"start":{"line":134,"column":6},"end":{"line":134,"column":67}},"42":{"start":{"line":136,"column":6},"end":{"line":136,"column":60}},"43":{"start":{"line":137,"column":6},"end":{"line":137,"column":18}},"44":{"start":{"line":143,"column":4},"end":{"line":145,"column":5}},"45":{"start":{"line":144,"column":6},"end":{"line":144,"column":70}},"46":{"start":{"line":147,"column":25},"end":{"line":147,"column":47}},"47":{"start":{"line":148,"column":25},"end":{"line":148,"column":47}},"48":{"start":{"line":149,"column":23},"end":{"line":149,"column":42}},"49":{"start":{"line":150,"column":23},"end":{"line":150,"column":75}},"50":{"start":{"line":152,"column":4},"end":{"line":156,"column":5}},"51":{"start":{"line":153,"column":6},"end":{"line":155,"column":8}},"52":{"start":{"line":161,"column":4},"end":{"line":165,"column":5}},"53":{"start":{"line":162,"column":6},"end":{"line":162,"column":74}},"54":{"start":{"line":164,"column":6},"end":{"line":164,"column":53}},"55":{"start":{"line":174,"column":4},"end":{"line":210,"column":5}},"56":{"start":{"line":175,"column":19},"end":{"line":175,"column":60}},"57":{"start":{"line":176,"column":6},"end":{"line":178,"column":7}},"58":{"start":{"line":177,"column":8},"end":{"line":177,"column":42}},"59":{"start":{"line":181,"column":26},"end":{"line":184,"column":7}},"60":{"start":{"line":185,"column":6},"end":{"line":187,"column":7}},"61":{"start":{"line":186,"column":8},"end":{"line":186,"column":57}},"62":{"start":{"line":190,"column":6},"end":{"line":190,"column":41}},"63":{"start":{"line":193,"column":22},"end":{"line":193,"column":70}},"64":{"start":{"line":194,"column":30},"end":{"line":194,"column":79}},"65":{"start":{"line":197,"column":6},"end":{"line":200,"column":9}},"66":{"start":{"line":202,"column":6},"end":{"line":206,"column":8}},"67":{"start":{"line":208,"column":6},"end":{"line":208,"column":54}},"68":{"start":{"line":209,"column":6},"end":{"line":209,"column":18}},"69":{"start":{"line":218,"column":4},"end":{"line":223,"column":5}},"70":{"start":{"line":219,"column":6},"end":{"line":219,"column":63}},"71":{"start":{"line":221,"column":6},"end":{"line":221,"column":56}},"72":{"start":{"line":222,"column":6},"end":{"line":222,"column":16}}},"fnMap":{"0":{"name":"(anonymous_0)","decl":{"start":{"line":23,"column":2},"end":{"line":23,"column":3}},"loc":{"start":{"line":23,"column":37},"end":{"line":25,"column":3}},"line":23},"1":{"name":"(anonymous_1)","decl":{"start":{"line":28,"column":2},"end":{"line":28,"column":3}},"loc":{"start":{"line":28,"column":63},"end":{"line":53,"column":3}},"line":28},"2":{"name":"(anonymous_2)","decl":{"start":{"line":56,"column":2},"end":{"line":56,"column":3}},"loc":{"start":{"line":56,"column":74},"end":{"line":89,"column":3}},"line":56},"3":{"name":"(anonymous_3)","decl":{"start":{"line":92,"column":2},"end":{"line":92,"column":3}},"loc":{"start":{"line":92,"column":62},"end":{"line":110,"column":3}},"line":92},"4":{"name":"(anonymous_4)","decl":{"start":{"line":113,"column":2},"end":{"line":113,"column":3}},"loc":{"start":{"line":113,"column":68},"end":{"line":129,"column":3}},"line":113},"5":{"name":"(anonymous_5)","decl":{"start":{"line":132,"column":2},"end":{"line":132,"column":3}},"loc":{"start":{"line":132,"column":76},"end":{"line":139,"column":3}},"line":132},"6":{"name":"(anonymous_6)","decl":{"start":{"line":142,"column":2},"end":{"line":142,"column":3}},"loc":{"start":{"line":142,"column":58},"end":{"line":157,"column":3}},"line":142},"7":{"name":"(anonymous_7)","decl":{"start":{"line":160,"column":2},"end":{"line":160,"column":3}},"loc":{"start":{"line":160,"column":53},"end":{"line":166,"column":3}},"line":160},"8":{"name":"(anonymous_8)","decl":{"start":{"line":169,"column":2},"end":{"line":169,"column":3}},"loc":{"start":{"line":173,"column":19},"end":{"line":211,"column":3}},"line":173},"9":{"name":"(anonymous_9)","decl":{"start":{"line":214,"column":2},"end":{"line":214,"column":3}},"loc":{"start":{"line":217,"column":25},"end":{"line":224,"column":3}},"line":217}},"branchMap":{"0":{"loc":{"start":{"line":59,"column":6},"end":{"line":61,"column":7}},"type":"if","locations":[{"start":{"line":59,"column":6},"end":{"line":61,"column":7}},{"start":{},"end":{}}],"line":59},"1":{"loc":{"start":{"line":68,"column":6},"end":{"line":75,"column":7}},"type":"if","locations":[{"start":{"line":68,"column":6},"end":{"line":75,"column":7}},{"start":{},"end":{}}],"line":68},"2":{"loc":{"start":{"line":96,"column":6},"end":{"line":98,"column":7}},"type":"if","locations":[{"start":{"line":96,"column":6},"end":{"line":98,"column":7}},{"start":{},"end":{}}],"line":96},"3":{"loc":{"start":{"line":116,"column":6},"end":{"line":123,"column":7}},"type":"if","locations":[{"start":{"line":116,"column":6},"end":{"line":123,"column":7}},{"start":{},"end":{}}],"line":116},"4":{"loc":{"start":{"line":143,"column":4},"end":{"line":145,"column":5}},"type":"if","locations":[{"start":{"line":143,"column":4},"end":{"line":145,"column":5}},{"start":{},"end":{}}],"line":143},"5":{"loc":{"start":{"line":152,"column":4},"end":{"line":156,"column":5}},"type":"if","locations":[{"start":{"line":152,"column":4},"end":{"line":156,"column":5}},{"start":{},"end":{}}],"line":152},"6":{"loc":{"start":{"line":152,"column":8},"end":{"line":152,"column":68}},"type":"binary-expr","locations":[{"start":{"line":152,"column":8},"end":{"line":152,"column":21}},{"start":{"line":152,"column":25},"end":{"line":152,"column":38}},{"start":{"line":152,"column":42},"end":{"line":152,"column":53}},{"start":{"line":152,"column":57},"end":{"line":152,"column":68}}],"line":152},"7":{"loc":{"start":{"line":176,"column":6},"end":{"line":178,"column":7}},"type":"if","locations":[{"start":{"line":176,"column":6},"end":{"line":178,"column":7}},{"start":{},"end":{}}],"line":176},"8":{"loc":{"start":{"line":185,"column":6},"end":{"line":187,"column":7}},"type":"if","locations":[{"start":{"line":185,"column":6},"end":{"line":187,"column":7}},{"start":{},"end":{}}],"line":185},"9":{"loc":{"start":{"line":216,"column":4},"end":{"line":216,"column":22}},"type":"default-arg","locations":[{"start":{"line":216,"column":20},"end":{"line":216,"column":22}}],"line":216}},"s":{"0":1,"1":0,"2":2,"3":2,"4":1,"5":1,"6":1,"7":1,"8":1,"9":1,"10":1,"11":1,"12":3,"13":3,"14":3,"15":1,"16":2,"17":2,"18":1,"19":1,"20":1,"21":1,"22":2,"23":2,"24":2,"25":2,"26":2,"27":1,"28":1,"29":1,"30":1,"31":1,"32":0,"33":0,"34":0,"35":0,"36":0,"37":0,"38":0,"39":0,"40":2,"41":2,"42":0,"43":0,"44":2,"45":1,"46":1,"47":1,"48":1,"49":1,"50":1,"51":0,"52":0,"53":0,"54":0,"55":2,"56":2,"57":2,"58":2,"59":0,"60":0,"61":0,"62":0,"63":0,"64":0,"65":0,"66":0,"67":2,"68":2,"69":0,"70":0,"71":0,"72":0},"f":{"0":0,"1":2,"2":3,"3":2,"4":0,"5":2,"6":2,"7":0,"8":2,"9":0},"b":{"0":[1,2],"1":[1,1],"2":[1,1],"3":[0,0],"4":[1,1],"5":[0,1],"6":[1,1,1,1],"7":[2,0],"8":[0,0],"9":[0]},"_coverageSchema":"1a1c01bbd47fc00a2c39e90264f33305004495a9","hash":"bb5f5324edb98c988ff9ffde349014ab38724221"}
,"C:\\Users\\Jayant\\Documents\\projects\\docsshelf\\src\\services\\database\\index.ts": {"path":"C:\\Users\\Jayant\\Documents\\projects\\docsshelf\\src\\services\\database\\index.ts","statementMap":{"0":{"start":{"line":58,"column":52},"end":{"line":58,"column":56}},"1":{"start":{"line":59,"column":36},"end":{"line":59,"column":50}},"2":{"start":{"line":60,"column":39},"end":{"line":60,"column":40}},"3":{"start":{"line":63,"column":43},"end":{"line":166,"column":3}},"4":{"start":{"line":69,"column":8},"end":{"line":81,"column":11}},"5":{"start":{"line":84,"column":8},"end":{"line":94,"column":11}},"6":{"start":{"line":97,"column":8},"end":{"line":112,"column":11}},"7":{"start":{"line":115,"column":8},"end":{"line":121,"column":11}},"8":{"start":{"line":129,"column":8},"end":{"line":139,"column":11}},"9":{"start":{"line":142,"column":8},"end":{"line":144,"column":11}},"10":{"start":{"line":146,"column":8},"end":{"line":148,"column":11}},"11":{"start":{"line":152,"column":8},"end":{"line":154,"column":11}},"12":{"start":{"line":156,"column":8},"end":{"line":158,"column":11}},"13":{"start":{"line":161,"column":8},"end":{"line":163,"column":11}},"14":{"start":{"line":170,"column":4},"end":{"line":181,"column":5}},"15":{"start":{"line":171,"column":6},"end":{"line":174,"column":9}},"16":{"start":{"line":176,"column":6},"end":{"line":176,"column":33}},"17":{"start":{"line":177,"column":6},"end":{"line":177,"column":55}},"18":{"start":{"line":179,"column":6},"end":{"line":179,"column":61}},"19":{"start":{"line":180,"column":6},"end":{"line":180,"column":18}},"20":{"start":{"line":186,"column":4},"end":{"line":186,"column":62}},"21":{"start":{"line":186,"column":18},"end":{"line":186,"column":62}},"22":{"start":{"line":188,"column":4},"end":{"line":222,"column":5}},"23":{"start":{"line":190,"column":6},"end":{"line":196,"column":9}},"24":{"start":{"line":199,"column":23},"end":{"line":201,"column":7}},"25":{"start":{"line":202,"column":29},"end":{"line":202,"column":68}},"26":{"start":{"line":205,"column":6},"end":{"line":216,"column":7}},"27":{"start":{"line":206,"column":8},"end":{"line":215,"column":9}},"28":{"start":{"line":207,"column":10},"end":{"line":207,"column":62}},"29":{"start":{"line":208,"column":10},"end":{"line":208,"column":38}},"30":{"start":{"line":211,"column":10},"end":{"line":214,"column":12}},"31":{"start":{"line":218,"column":6},"end":{"line":218,"column":55}},"32":{"start":{"line":220,"column":6},"end":{"line":220,"column":56}},"33":{"start":{"line":221,"column":6},"end":{"line":221,"column":18}},"34":{"start":{"line":227,"column":4},"end":{"line":227,"column":62}},"35":{"start":{"line":227,"column":18},"end":{"line":227,"column":62}},"36":{"start":{"line":229,"column":4},"end":{"line":254,"column":5}},"37":{"start":{"line":230,"column":23},"end":{"line":233,"column":7}},"38":{"start":{"line":235,"column":6},"end":{"line":248,"column":7}},"39":{"start":{"line":235,"column":19},"end":{"line":235,"column":20}},"40":{"start":{"line":236,"column":26},"end":{"line":236,"column":45}},"41":{"start":{"line":237,"column":29},"end":{"line":237,"column":79}},"42":{"start":{"line":237,"column":57},"end":{"line":237,"column":78}},"43":{"start":{"line":239,"column":8},"end":{"line":242,"column":9}},"44":{"start":{"line":240,"column":10},"end":{"line":240,"column":67}},"45":{"start":{"line":241,"column":10},"end":{"line":241,"column":43}},"46":{"start":{"line":245,"column":8},"end":{"line":247,"column":11}},"47":{"start":{"line":250,"column":6},"end":{"line":250,"column":55}},"48":{"start":{"line":252,"column":6},"end":{"line":252,"column":61}},"49":{"start":{"line":253,"column":6},"end":{"line":253,"column":18}},"50":{"start":{"line":261,"column":4},"end":{"line":261,"column":62}},"51":{"start":{"line":261,"column":18},"end":{"line":261,"column":62}},"52":{"start":{"line":263,"column":15},"end":{"line":263,"column":36}},"53":{"start":{"line":264,"column":16},"end":{"line":264,"column":40}},"54":{"start":{"line":266,"column":23},"end":{"line":271,"column":5}},"55":{"start":{"line":273,"column":4},"end":{"line":299,"column":5}},"56":{"start":{"line":274,"column":6},"end":{"line":288,"column":8}},"57":{"start":{"line":290,"column":6},"end":{"line":294,"column":8}},"58":{"start":{"line":295,"column":6},"end":{"line":295,"column":18}},"59":{"start":{"line":297,"column":6},"end":{"line":297,"column":53}},"60":{"start":{"line":298,"column":6},"end":{"line":298,"column":18}},"61":{"start":{"line":303,"column":4},"end":{"line":303,"column":62}},"62":{"start":{"line":303,"column":18},"end":{"line":303,"column":62}},"63":{"start":{"line":305,"column":4},"end":{"line":322,"column":5}},"64":{"start":{"line":306,"column":24},"end":{"line":309,"column":7}},"65":{"start":{"line":311,"column":6},"end":{"line":317,"column":7}},"66":{"start":{"line":312,"column":20},"end":{"line":312,"column":40}},"67":{"start":{"line":313,"column":8},"end":{"line":316,"column":10}},"68":{"start":{"line":318,"column":6},"end":{"line":318,"column":18}},"69":{"start":{"line":320,"column":6},"end":{"line":320,"column":50}},"70":{"start":{"line":321,"column":6},"end":{"line":321,"column":18}},"71":{"start":{"line":326,"column":4},"end":{"line":326,"column":62}},"72":{"start":{"line":326,"column":18},"end":{"line":326,"column":62}},"73":{"start":{"line":328,"column":4},"end":{"line":345,"column":5}},"74":{"start":{"line":329,"column":24},"end":{"line":332,"column":7}},"75":{"start":{"line":334,"column":6},"end":{"line":340,"column":7}},"76":{"start":{"line":335,"column":20},"end":{"line":335,"column":40}},"77":{"start":{"line":336,"column":8},"end":{"line":339,"column":10}},"78":{"start":{"line":341,"column":6},"end":{"line":341,"column":18}},"79":{"start":{"line":343,"column":6},"end":{"line":343,"column":56}},"80":{"start":{"line":344,"column":6},"end":{"line":344,"column":18}},"81":{"start":{"line":349,"column":4},"end":{"line":349,"column":62}},"82":{"start":{"line":349,"column":18},"end":{"line":349,"column":62}},"83":{"start":{"line":351,"column":16},"end":{"line":351,"column":40}},"84":{"start":{"line":352,"column":19},"end":{"line":352,"column":21}},"85":{"start":{"line":353,"column":19},"end":{"line":353,"column":21}},"86":{"start":{"line":355,"column":4},"end":{"line":358,"column":5}},"87":{"start":{"line":356,"column":6},"end":{"line":356,"column":35}},"88":{"start":{"line":357,"column":6},"end":{"line":357,"column":37}},"89":{"start":{"line":359,"column":4},"end":{"line":362,"column":5}},"90":{"start":{"line":360,"column":6},"end":{"line":360,"column":34}},"91":{"start":{"line":361,"column":6},"end":{"line":361,"column":36}},"92":{"start":{"line":363,"column":4},"end":{"line":366,"column":5}},"93":{"start":{"line":364,"column":6},"end":{"line":364,"column":38}},"94":{"start":{"line":365,"column":6},"end":{"line":365,"column":56}},"95":{"start":{"line":367,"column":4},"end":{"line":370,"column":5}},"96":{"start":{"line":368,"column":6},"end":{"line":368,"column":38}},"97":{"start":{"line":369,"column":6},"end":{"line":369,"column":40}},"98":{"start":{"line":371,"column":4},"end":{"line":374,"column":5}},"99":{"start":{"line":372,"column":6},"end":{"line":372,"column":30}},"100":{"start":{"line":373,"column":6},"end":{"line":373,"column":32}},"101":{"start":{"line":376,"column":4},"end":{"line":376,"column":33}},"102":{"start":{"line":377,"column":4},"end":{"line":377,"column":21}},"103":{"start":{"line":378,"column":4},"end":{"line":378,"column":20}},"104":{"start":{"line":380,"column":4},"end":{"line":390,"column":5}},"105":{"start":{"line":381,"column":6},"end":{"line":384,"column":8}},"106":{"start":{"line":386,"column":6},"end":{"line":386,"column":68}},"107":{"start":{"line":388,"column":6},"end":{"line":388,"column":53}},"108":{"start":{"line":389,"column":6},"end":{"line":389,"column":18}},"109":{"start":{"line":400,"column":4},"end":{"line":400,"column":62}},"110":{"start":{"line":400,"column":18},"end":{"line":400,"column":62}},"111":{"start":{"line":402,"column":15},"end":{"line":402,"column":78}},"112":{"start":{"line":403,"column":22},"end":{"line":403,"column":46}},"113":{"start":{"line":405,"column":4},"end":{"line":413,"column":5}},"114":{"start":{"line":406,"column":6},"end":{"line":409,"column":8}},"115":{"start":{"line":411,"column":6},"end":{"line":411,"column":51}},"116":{"start":{"line":420,"column":4},"end":{"line":420,"column":62}},"117":{"start":{"line":420,"column":18},"end":{"line":420,"column":62}},"118":{"start":{"line":422,"column":4},"end":{"line":436,"column":5}},"119":{"start":{"line":423,"column":24},"end":{"line":426,"column":7}},"120":{"start":{"line":428,"column":31},"end":{"line":428,"column":33}},"121":{"start":{"line":429,"column":6},"end":{"line":431,"column":7}},"122":{"start":{"line":429,"column":19},"end":{"line":429,"column":20}},"123":{"start":{"line":430,"column":8},"end":{"line":430,"column":40}},"124":{"start":{"line":432,"column":6},"end":{"line":432,"column":18}},"125":{"start":{"line":434,"column":6},"end":{"line":434,"column":56}},"126":{"start":{"line":435,"column":6},"end":{"line":435,"column":18}},"127":{"start":{"line":451,"column":4},"end":{"line":451,"column":62}},"128":{"start":{"line":451,"column":18},"end":{"line":451,"column":62}},"129":{"start":{"line":453,"column":15},"end":{"line":453,"column":36}},"130":{"start":{"line":454,"column":16},"end":{"line":454,"column":40}},"131":{"start":{"line":456,"column":4},"end":{"line":486,"column":5}},"132":{"start":{"line":457,"column":6},"end":{"line":475,"column":8}},"133":{"start":{"line":477,"column":6},"end":{"line":481,"column":8}},"134":{"start":{"line":482,"column":6},"end":{"line":482,"column":16}},"135":{"start":{"line":484,"column":6},"end":{"line":484,"column":64}},"136":{"start":{"line":485,"column":6},"end":{"line":485,"column":18}},"137":{"start":{"line":490,"column":4},"end":{"line":490,"column":62}},"138":{"start":{"line":490,"column":18},"end":{"line":490,"column":62}},"139":{"start":{"line":492,"column":4},"end":{"line":511,"column":5}},"140":{"start":{"line":493,"column":24},"end":{"line":496,"column":7}},"141":{"start":{"line":498,"column":36},"end":{"line":498,"column":38}},"142":{"start":{"line":499,"column":6},"end":{"line":506,"column":7}},"143":{"start":{"line":499,"column":19},"end":{"line":499,"column":20}},"144":{"start":{"line":500,"column":20},"end":{"line":500,"column":40}},"145":{"start":{"line":501,"column":8},"end":{"line":505,"column":11}},"146":{"start":{"line":507,"column":6},"end":{"line":507,"column":23}},"147":{"start":{"line":509,"column":6},"end":{"line":509,"column":55}},"148":{"start":{"line":510,"column":6},"end":{"line":510,"column":18}},"149":{"start":{"line":520,"column":4},"end":{"line":520,"column":62}},"150":{"start":{"line":520,"column":18},"end":{"line":520,"column":62}},"151":{"start":{"line":522,"column":4},"end":{"line":553,"column":5}},"152":{"start":{"line":524,"column":28},"end":{"line":527,"column":7}},"153":{"start":{"line":528,"column":25},"end":{"line":528,"column":55}},"154":{"start":{"line":531,"column":21},"end":{"line":531,"column":42}},"155":{"start":{"line":532,"column":24},"end":{"line":535,"column":7}},"156":{"start":{"line":537,"column":36},"end":{"line":537,"column":38}},"157":{"start":{"line":538,"column":6},"end":{"line":545,"column":7}},"158":{"start":{"line":538,"column":19},"end":{"line":538,"column":20}},"159":{"start":{"line":539,"column":20},"end":{"line":539,"column":40}},"160":{"start":{"line":540,"column":8},"end":{"line":544,"column":11}},"161":{"start":{"line":547,"column":22},"end":{"line":547,"column":60}},"162":{"start":{"line":549,"column":6},"end":{"line":549,"column":48}},"163":{"start":{"line":551,"column":6},"end":{"line":551,"column":65}},"164":{"start":{"line":552,"column":6},"end":{"line":552,"column":18}},"165":{"start":{"line":563,"column":4},"end":{"line":563,"column":62}},"166":{"start":{"line":563,"column":18},"end":{"line":563,"column":62}},"167":{"start":{"line":565,"column":4},"end":{"line":607,"column":5}},"168":{"start":{"line":566,"column":25},"end":{"line":566,"column":44}},"169":{"start":{"line":567,"column":28},"end":{"line":567,"column":45}},"170":{"start":{"line":570,"column":28},"end":{"line":577,"column":7}},"171":{"start":{"line":578,"column":25},"end":{"line":578,"column":55}},"172":{"start":{"line":581,"column":21},"end":{"line":581,"column":42}},"173":{"start":{"line":582,"column":24},"end":{"line":589,"column":7}},"174":{"start":{"line":591,"column":36},"end":{"line":591,"column":38}},"175":{"start":{"line":592,"column":6},"end":{"line":599,"column":7}},"176":{"start":{"line":592,"column":19},"end":{"line":592,"column":20}},"177":{"start":{"line":593,"column":20},"end":{"line":593,"column":40}},"178":{"start":{"line":594,"column":8},"end":{"line":598,"column":11}},"179":{"start":{"line":601,"column":22},"end":{"line":601,"column":60}},"180":{"start":{"line":603,"column":6},"end":{"line":603,"column":48}},"181":{"start":{"line":605,"column":6},"end":{"line":605,"column":68}},"182":{"start":{"line":606,"column":6},"end":{"line":606,"column":18}},"183":{"start":{"line":614,"column":4},"end":{"line":614,"column":62}},"184":{"start":{"line":614,"column":18},"end":{"line":614,"column":62}},"185":{"start":{"line":616,"column":16},"end":{"line":616,"column":40}},"186":{"start":{"line":617,"column":19},"end":{"line":617,"column":21}},"187":{"start":{"line":618,"column":19},"end":{"line":618,"column":21}},"188":{"start":{"line":620,"column":4},"end":{"line":623,"column":5}},"189":{"start":{"line":621,"column":6},"end":{"line":621,"column":30}},"190":{"start":{"line":622,"column":6},"end":{"line":622,"column":32}},"191":{"start":{"line":624,"column":4},"end":{"line":627,"column":5}},"192":{"start":{"line":625,"column":6},"end":{"line":625,"column":30}},"193":{"start":{"line":626,"column":6},"end":{"line":626,"column":32}},"194":{"start":{"line":628,"column":4},"end":{"line":631,"column":5}},"195":{"start":{"line":629,"column":6},"end":{"line":629,"column":30}},"196":{"start":{"line":630,"column":6},"end":{"line":630,"column":32}},"197":{"start":{"line":632,"column":4},"end":{"line":635,"column":5}},"198":{"start":{"line":633,"column":6},"end":{"line":633,"column":34}},"199":{"start":{"line":634,"column":6},"end":{"line":634,"column":36}},"200":{"start":{"line":636,"column":4},"end":{"line":639,"column":5}},"201":{"start":{"line":637,"column":6},"end":{"line":637,"column":34}},"202":{"start":{"line":638,"column":6},"end":{"line":638,"column":36}},"203":{"start":{"line":640,"column":4},"end":{"line":643,"column":5}},"204":{"start":{"line":641,"column":6},"end":{"line":641,"column":32}},"205":{"start":{"line":642,"column":6},"end":{"line":642,"column":34}},"206":{"start":{"line":644,"column":4},"end":{"line":647,"column":5}},"207":{"start":{"line":645,"column":6},"end":{"line":645,"column":30}},"208":{"start":{"line":646,"column":6},"end":{"line":646,"column":48}},"209":{"start":{"line":648,"column":4},"end":{"line":651,"column":5}},"210":{"start":{"line":649,"column":6},"end":{"line":649,"column":33}},"211":{"start":{"line":650,"column":6},"end":{"line":650,"column":35}},"212":{"start":{"line":652,"column":4},"end":{"line":655,"column":5}},"213":{"start":{"line":653,"column":6},"end":{"line":653,"column":34}},"214":{"start":{"line":654,"column":6},"end":{"line":654,"column":44}},"215":{"start":{"line":657,"column":4},"end":{"line":657,"column":33}},"216":{"start":{"line":658,"column":4},"end":{"line":658,"column":21}},"217":{"start":{"line":659,"column":4},"end":{"line":659,"column":20}},"218":{"start":{"line":661,"column":4},"end":{"line":675,"column":5}},"219":{"start":{"line":662,"column":6},"end":{"line":665,"column":8}},"220":{"start":{"line":667,"column":6},"end":{"line":671,"column":8}},"221":{"start":{"line":673,"column":6},"end":{"line":673,"column":57}},"222":{"start":{"line":674,"column":6},"end":{"line":674,"column":18}},"223":{"start":{"line":679,"column":4},"end":{"line":679,"column":62}},"224":{"start":{"line":679,"column":18},"end":{"line":679,"column":62}},"225":{"start":{"line":681,"column":4},"end":{"line":688,"column":5}},"226":{"start":{"line":682,"column":6},"end":{"line":682,"column":75}},"227":{"start":{"line":684,"column":6},"end":{"line":684,"column":80}},"228":{"start":{"line":686,"column":6},"end":{"line":686,"column":57}},"229":{"start":{"line":687,"column":6},"end":{"line":687,"column":18}},"230":{"start":{"line":697,"column":4},"end":{"line":697,"column":62}},"231":{"start":{"line":697,"column":18},"end":{"line":697,"column":62}},"232":{"start":{"line":699,"column":15},"end":{"line":699,"column":36}},"233":{"start":{"line":700,"column":16},"end":{"line":700,"column":40}},"234":{"start":{"line":702,"column":4},"end":{"line":718,"column":5}},"235":{"start":{"line":703,"column":6},"end":{"line":707,"column":8}},"236":{"start":{"line":709,"column":6},"end":{"line":713,"column":8}},"237":{"start":{"line":714,"column":6},"end":{"line":714,"column":16}},"238":{"start":{"line":716,"column":6},"end":{"line":716,"column":57}},"239":{"start":{"line":717,"column":6},"end":{"line":717,"column":18}},"240":{"start":{"line":722,"column":4},"end":{"line":722,"column":62}},"241":{"start":{"line":722,"column":18},"end":{"line":722,"column":62}},"242":{"start":{"line":724,"column":4},"end":{"line":738,"column":5}},"243":{"start":{"line":725,"column":24},"end":{"line":728,"column":7}},"244":{"start":{"line":730,"column":37},"end":{"line":730,"column":39}},"245":{"start":{"line":731,"column":6},"end":{"line":733,"column":7}},"246":{"start":{"line":731,"column":19},"end":{"line":731,"column":20}},"247":{"start":{"line":732,"column":8},"end":{"line":732,"column":46}},"248":{"start":{"line":734,"column":6},"end":{"line":734,"column":24}},"249":{"start":{"line":736,"column":6},"end":{"line":736,"column":56}},"250":{"start":{"line":737,"column":6},"end":{"line":737,"column":18}},"251":{"start":{"line":746,"column":4},"end":{"line":746,"column":62}},"252":{"start":{"line":746,"column":18},"end":{"line":746,"column":62}},"253":{"start":{"line":748,"column":16},"end":{"line":748,"column":40}},"254":{"start":{"line":749,"column":19},"end":{"line":749,"column":21}},"255":{"start":{"line":750,"column":19},"end":{"line":750,"column":21}},"256":{"start":{"line":752,"column":4},"end":{"line":755,"column":5}},"257":{"start":{"line":753,"column":6},"end":{"line":753,"column":30}},"258":{"start":{"line":754,"column":6},"end":{"line":754,"column":32}},"259":{"start":{"line":756,"column":4},"end":{"line":759,"column":5}},"260":{"start":{"line":757,"column":6},"end":{"line":757,"column":31}},"261":{"start":{"line":758,"column":6},"end":{"line":758,"column":33}},"262":{"start":{"line":761,"column":4},"end":{"line":761,"column":33}},"263":{"start":{"line":762,"column":4},"end":{"line":762,"column":21}},"264":{"start":{"line":763,"column":4},"end":{"line":763,"column":20}},"265":{"start":{"line":765,"column":4},"end":{"line":775,"column":5}},"266":{"start":{"line":766,"column":6},"end":{"line":769,"column":8}},"267":{"start":{"line":771,"column":6},"end":{"line":771,"column":80}},"268":{"start":{"line":773,"column":6},"end":{"line":773,"column":57}},"269":{"start":{"line":774,"column":6},"end":{"line":774,"column":18}},"270":{"start":{"line":779,"column":4},"end":{"line":779,"column":62}},"271":{"start":{"line":779,"column":18},"end":{"line":779,"column":62}},"272":{"start":{"line":781,"column":4},"end":{"line":788,"column":5}},"273":{"start":{"line":782,"column":6},"end":{"line":782,"column":76}},"274":{"start":{"line":784,"column":6},"end":{"line":784,"column":80}},"275":{"start":{"line":786,"column":6},"end":{"line":786,"column":57}},"276":{"start":{"line":787,"column":6},"end":{"line":787,"column":18}},"277":{"start":{"line":793,"column":4},"end":{"line":793,"column":62}},"278":{"start":{"line":793,"column":18},"end":{"line":793,"column":62}},"279":{"start":{"line":795,"column":4},"end":{"line":814,"column":5}},"280":{"start":{"line":796,"column":24},"end":{"line":799,"column":7}},"281":{"start":{"line":801,"column":36},"end":{"line":801,"column":38}},"282":{"start":{"line":802,"column":6},"end":{"line":809,"column":7}},"283":{"start":{"line":802,"column":19},"end":{"line":802,"column":20}},"284":{"start":{"line":803,"column":20},"end":{"line":803,"column":40}},"285":{"start":{"line":804,"column":8},"end":{"line":808,"column":11}},"286":{"start":{"line":810,"column":6},"end":{"line":810,"column":23}},"287":{"start":{"line":812,"column":6},"end":{"line":812,"column":64}},"288":{"start":{"line":813,"column":6},"end":{"line":813,"column":18}},"289":{"start":{"line":818,"column":4},"end":{"line":818,"column":62}},"290":{"start":{"line":818,"column":18},"end":{"line":818,"column":62}},"291":{"start":{"line":820,"column":4},"end":{"line":829,"column":5}},"292":{"start":{"line":821,"column":27},"end":{"line":821,"column":63}},"293":{"start":{"line":821,"column":49},"end":{"line":821,"column":52}},"294":{"start":{"line":822,"column":6},"end":{"line":825,"column":8}},"295":{"start":{"line":827,"column":6},"end":{"line":827,"column":66}},"296":{"start":{"line":828,"column":6},"end":{"line":828,"column":18}},"297":{"start":{"line":837,"column":4},"end":{"line":837,"column":62}},"298":{"start":{"line":837,"column":18},"end":{"line":837,"column":62}},"299":{"start":{"line":839,"column":26},"end":{"line":839,"column":28}},"300":{"start":{"line":840,"column":16},"end":{"line":840,"column":40}},"301":{"start":{"line":842,"column":4},"end":{"line":883,"column":5}},"302":{"start":{"line":843,"column":6},"end":{"line":843,"column":52}},"303":{"start":{"line":845,"column":6},"end":{"line":869,"column":7}},"304":{"start":{"line":847,"column":10},"end":{"line":847,"column":73}},"305":{"start":{"line":848,"column":8},"end":{"line":848,"column":21}},"306":{"start":{"line":850,"column":8},"end":{"line":868,"column":10}},"307":{"start":{"line":871,"column":6},"end":{"line":871,"column":41}},"308":{"start":{"line":872,"column":6},"end":{"line":876,"column":8}},"309":{"start":{"line":878,"column":6},"end":{"line":878,"column":17}},"310":{"start":{"line":880,"column":6},"end":{"line":880,"column":43}},"311":{"start":{"line":881,"column":6},"end":{"line":881,"column":63}},"312":{"start":{"line":882,"column":6},"end":{"line":882,"column":18}},"313":{"start":{"line":888,"column":4},"end":{"line":891,"column":5}},"314":{"start":{"line":889,"column":6},"end":{"line":889,"column":28}},"315":{"start":{"line":890,"column":6},"end":{"line":890,"column":21}}},"fnMap":{"0":{"name":"(anonymous_0)","decl":{"start":{"line":67,"column":10},"end":{"line":67,"column":11}},"loc":{"start":{"line":67,"column":47},"end":{"line":122,"column":7}},"line":67},"1":{"name":"(anonymous_1)","decl":{"start":{"line":127,"column":10},"end":{"line":127,"column":11}},"loc":{"start":{"line":127,"column":47},"end":{"line":149,"column":7}},"line":127},"2":{"name":"(anonymous_2)","decl":{"start":{"line":150,"column":12},"end":{"line":150,"column":13}},"loc":{"start":{"line":150,"column":49},"end":{"line":164,"column":7}},"line":150},"3":{"name":"(anonymous_3)","decl":{"start":{"line":169,"column":2},"end":{"line":169,"column":3}},"loc":{"start":{"line":169,"column":45},"end":{"line":182,"column":3}},"line":169},"4":{"name":"(anonymous_4)","decl":{"start":{"line":185,"column":2},"end":{"line":185,"column":3}},"loc":{"start":{"line":185,"column":54},"end":{"line":223,"column":3}},"line":185},"5":{"name":"(anonymous_5)","decl":{"start":{"line":226,"column":2},"end":{"line":226,"column":3}},"loc":{"start":{"line":226,"column":58},"end":{"line":255,"column":3}},"line":226},"6":{"name":"(anonymous_6)","decl":{"start":{"line":237,"column":50},"end":{"line":237,"column":51}},"loc":{"start":{"line":237,"column":57},"end":{"line":237,"column":78}},"line":237},"7":{"name":"(anonymous_7)","decl":{"start":{"line":258,"column":2},"end":{"line":258,"column":3}},"loc":{"start":{"line":260,"column":19},"end":{"line":300,"column":3}},"line":260},"8":{"name":"(anonymous_8)","decl":{"start":{"line":302,"column":2},"end":{"line":302,"column":3}},"loc":{"start":{"line":302,"column":67},"end":{"line":323,"column":3}},"line":302},"9":{"name":"(anonymous_9)","decl":{"start":{"line":325,"column":2},"end":{"line":325,"column":3}},"loc":{"start":{"line":325,"column":61},"end":{"line":346,"column":3}},"line":325},"10":{"name":"(anonymous_10)","decl":{"start":{"line":348,"column":2},"end":{"line":348,"column":3}},"loc":{"start":{"line":348,"column":77},"end":{"line":391,"column":3}},"line":348},"11":{"name":"(anonymous_11)","decl":{"start":{"line":394,"column":2},"end":{"line":394,"column":3}},"loc":{"start":{"line":399,"column":19},"end":{"line":414,"column":3}},"line":399},"12":{"name":"(anonymous_12)","decl":{"start":{"line":416,"column":2},"end":{"line":416,"column":3}},"loc":{"start":{"line":419,"column":25},"end":{"line":437,"column":3}},"line":419},"13":{"name":"(anonymous_13)","decl":{"start":{"line":440,"column":2},"end":{"line":440,"column":3}},"loc":{"start":{"line":450,"column":21},"end":{"line":487,"column":3}},"line":450},"14":{"name":"(anonymous_14)","decl":{"start":{"line":489,"column":2},"end":{"line":489,"column":3}},"loc":{"start":{"line":489,"column":71},"end":{"line":512,"column":3}},"line":489},"15":{"name":"(anonymous_15)","decl":{"start":{"line":515,"column":2},"end":{"line":515,"column":3}},"loc":{"start":{"line":519,"column":78},"end":{"line":554,"column":3}},"line":519},"16":{"name":"(anonymous_16)","decl":{"start":{"line":557,"column":2},"end":{"line":557,"column":3}},"loc":{"start":{"line":562,"column":78},"end":{"line":608,"column":3}},"line":562},"17":{"name":"(anonymous_17)","decl":{"start":{"line":610,"column":2},"end":{"line":610,"column":3}},"loc":{"start":{"line":613,"column":19},"end":{"line":676,"column":3}},"line":613},"18":{"name":"(anonymous_18)","decl":{"start":{"line":678,"column":2},"end":{"line":678,"column":3}},"loc":{"start":{"line":678,"column":73},"end":{"line":689,"column":3}},"line":678},"19":{"name":"(anonymous_19)","decl":{"start":{"line":692,"column":2},"end":{"line":692,"column":3}},"loc":{"start":{"line":696,"column":21},"end":{"line":719,"column":3}},"line":696},"20":{"name":"(anonymous_20)","decl":{"start":{"line":721,"column":2},"end":{"line":721,"column":3}},"loc":{"start":{"line":721,"column":72},"end":{"line":739,"column":3}},"line":721},"21":{"name":"(anonymous_21)","decl":{"start":{"line":741,"column":2},"end":{"line":741,"column":3}},"loc":{"start":{"line":745,"column":19},"end":{"line":776,"column":3}},"line":745},"22":{"name":"(anonymous_22)","decl":{"start":{"line":778,"column":2},"end":{"line":778,"column":3}},"loc":{"start":{"line":778,"column":73},"end":{"line":789,"column":3}},"line":778},"23":{"name":"(anonymous_23)","decl":{"start":{"line":792,"column":2},"end":{"line":792,"column":3}},"loc":{"start":{"line":792,"column":73},"end":{"line":815,"column":3}},"line":792},"24":{"name":"(anonymous_24)","decl":{"start":{"line":817,"column":2},"end":{"line":817,"column":3}},"loc":{"start":{"line":817,"column":75},"end":{"line":830,"column":3}},"line":817},"25":{"name":"(anonymous_25)","decl":{"start":{"line":821,"column":43},"end":{"line":821,"column":44}},"loc":{"start":{"line":821,"column":49},"end":{"line":821,"column":52}},"line":821},"26":{"name":"(anonymous_26)","decl":{"start":{"line":833,"column":2},"end":{"line":833,"column":3}},"loc":{"start":{"line":836,"column":23},"end":{"line":884,"column":3}},"line":836},"27":{"name":"(anonymous_27)","decl":{"start":{"line":887,"column":2},"end":{"line":887,"column":3}},"loc":{"start":{"line":887,"column":46},"end":{"line":892,"column":3}},"line":887}},"branchMap":{"0":{"loc":{"start":{"line":186,"column":4},"end":{"line":186,"column":62}},"type":"if","locations":[{"start":{"line":186,"column":4},"end":{"line":186,"column":62}},{"start":{},"end":{}}],"line":186},"1":{"loc":{"start":{"line":202,"column":29},"end":{"line":202,"column":68}},"type":"binary-expr","locations":[{"start":{"line":202,"column":29},"end":{"line":202,"column":63}},{"start":{"line":202,"column":67},"end":{"line":202,"column":68}}],"line":202},"2":{"loc":{"start":{"line":206,"column":8},"end":{"line":215,"column":9}},"type":"if","locations":[{"start":{"line":206,"column":8},"end":{"line":215,"column":9}},{"start":{},"end":{}}],"line":206},"3":{"loc":{"start":{"line":227,"column":4},"end":{"line":227,"column":62}},"type":"if","locations":[{"start":{"line":227,"column":4},"end":{"line":227,"column":62}},{"start":{},"end":{}}],"line":227},"4":{"loc":{"start":{"line":239,"column":8},"end":{"line":242,"column":9}},"type":"if","locations":[{"start":{"line":239,"column":8},"end":{"line":242,"column":9}},{"start":{},"end":{}}],"line":239},"5":{"loc":{"start":{"line":261,"column":4},"end":{"line":261,"column":62}},"type":"if","locations":[{"start":{"line":261,"column":4},"end":{"line":261,"column":62}},{"start":{},"end":{}}],"line":261},"6":{"loc":{"start":{"line":303,"column":4},"end":{"line":303,"column":62}},"type":"if","locations":[{"start":{"line":303,"column":4},"end":{"line":303,"column":62}},{"start":{},"end":{}}],"line":303},"7":{"loc":{"start":{"line":311,"column":6},"end":{"line":317,"column":7}},"type":"if","locations":[{"start":{"line":311,"column":6},"end":{"line":317,"column":7}},{"start":{},"end":{}}],"line":311},"8":{"loc":{"start":{"line":315,"column":35},"end":{"line":315,"column":59}},"type":"binary-expr","locations":[{"start":{"line":315,"column":35},"end":{"line":315,"column":51}},{"start":{"line":315,"column":55},"end":{"line":315,"column":59}}],"line":315},"9":{"loc":{"start":{"line":326,"column":4},"end":{"line":326,"column":62}},"type":"if","locations":[{"start":{"line":326,"column":4},"end":{"line":326,"column":62}},{"start":{},"end":{}}],"line":326},"10":{"loc":{"start":{"line":334,"column":6},"end":{"line":340,"column":7}},"type":"if","locations":[{"start":{"line":334,"column":6},"end":{"line":340,"column":7}},{"start":{},"end":{}}],"line":334},"11":{"loc":{"start":{"line":338,"column":35},"end":{"line":338,"column":59}},"type":"binary-expr","locations":[{"start":{"line":338,"column":35},"end":{"line":338,"column":51}},{"start":{"line":338,"column":55},"end":{"line":338,"column":59}}],"line":338},"12":{"loc":{"start":{"line":349,"column":4},"end":{"line":349,"column":62}},"type":"if","locations":[{"start":{"line":349,"column":4},"end":{"line":349,"column":62}},{"start":{},"end":{}}],"line":349},"13":{"loc":{"start":{"line":355,"column":4},"end":{"line":358,"column":5}},"type":"if","locations":[{"start":{"line":355,"column":4},"end":{"line":358,"column":5}},{"start":{},"end":{}}],"line":355},"14":{"loc":{"start":{"line":359,"column":4},"end":{"line":362,"column":5}},"type":"if","locations":[{"start":{"line":359,"column":4},"end":{"line":362,"column":5}},{"start":{},"end":{}}],"line":359},"15":{"loc":{"start":{"line":363,"column":4},"end":{"line":366,"column":5}},"type":"if","locations":[{"start":{"line":363,"column":4},"end":{"line":366,"column":5}},{"start":{},"end":{}}],"line":363},"16":{"loc":{"start":{"line":367,"column":4},"end":{"line":370,"column":5}},"type":"if","locations":[{"start":{"line":367,"column":4},"end":{"line":370,"column":5}},{"start":{},"end":{}}],"line":367},"17":{"loc":{"start":{"line":371,"column":4},"end":{"line":374,"column":5}},"type":"if","locations":[{"start":{"line":371,"column":4},"end":{"line":374,"column":5}},{"start":{},"end":{}}],"line":371},"18":{"loc":{"start":{"line":400,"column":4},"end":{"line":400,"column":62}},"type":"if","locations":[{"start":{"line":400,"column":4},"end":{"line":400,"column":62}},{"start":{},"end":{}}],"line":400},"19":{"loc":{"start":{"line":408,"column":49},"end":{"line":408,"column":66}},"type":"binary-expr","locations":[{"start":{"line":408,"column":49},"end":{"line":408,"column":58}},{"start":{"line":408,"column":62},"end":{"line":408,"column":66}}],"line":408},"20":{"loc":{"start":{"line":418,"column":4},"end":{"line":418,"column":23}},"type":"default-arg","locations":[{"start":{"line":418,"column":20},"end":{"line":418,"column":23}}],"line":418},"21":{"loc":{"start":{"line":420,"column":4},"end":{"line":420,"column":62}},"type":"if","locations":[{"start":{"line":420,"column":4},"end":{"line":420,"column":62}},{"start":{},"end":{}}],"line":420},"22":{"loc":{"start":{"line":451,"column":4},"end":{"line":451,"column":62}},"type":"if","locations":[{"start":{"line":451,"column":4},"end":{"line":451,"column":62}},{"start":{},"end":{}}],"line":451},"23":{"loc":{"start":{"line":465,"column":10},"end":{"line":465,"column":22}},"type":"binary-expr","locations":[{"start":{"line":465,"column":10},"end":{"line":465,"column":14}},{"start":{"line":465,"column":18},"end":{"line":465,"column":22}}],"line":465},"24":{"loc":{"start":{"line":466,"column":10},"end":{"line":466,"column":26}},"type":"binary-expr","locations":[{"start":{"line":466,"column":10},"end":{"line":466,"column":18}},{"start":{"line":466,"column":22},"end":{"line":466,"column":26}}],"line":466},"25":{"loc":{"start":{"line":467,"column":10},"end":{"line":467,"column":26}},"type":"binary-expr","locations":[{"start":{"line":467,"column":10},"end":{"line":467,"column":18}},{"start":{"line":467,"column":22},"end":{"line":467,"column":26}}],"line":467},"26":{"loc":{"start":{"line":468,"column":10},"end":{"line":468,"column":24}},"type":"binary-expr","locations":[{"start":{"line":468,"column":10},"end":{"line":468,"column":16}},{"start":{"line":468,"column":20},"end":{"line":468,"column":24}}],"line":468},"27":{"loc":{"start":{"line":469,"column":10},"end":{"line":469,"column":44}},"type":"cond-expr","locations":[{"start":{"line":469,"column":17},"end":{"line":469,"column":37}},{"start":{"line":469,"column":40},"end":{"line":469,"column":44}}],"line":469},"28":{"loc":{"start":{"line":470,"column":10},"end":{"line":470,"column":25}},"type":"binary-expr","locations":[{"start":{"line":470,"column":10},"end":{"line":470,"column":17}},{"start":{"line":470,"column":21},"end":{"line":470,"column":25}}],"line":470},"29":{"loc":{"start":{"line":490,"column":4},"end":{"line":490,"column":62}},"type":"if","locations":[{"start":{"line":490,"column":4},"end":{"line":490,"column":62}},{"start":{},"end":{}}],"line":490},"30":{"loc":{"start":{"line":503,"column":27},"end":{"line":503,"column":43}},"type":"binary-expr","locations":[{"start":{"line":503,"column":27},"end":{"line":503,"column":35}},{"start":{"line":503,"column":39},"end":{"line":503,"column":43}}],"line":503},"31":{"loc":{"start":{"line":517,"column":4},"end":{"line":517,"column":20}},"type":"default-arg","locations":[{"start":{"line":517,"column":19},"end":{"line":517,"column":20}}],"line":517},"32":{"loc":{"start":{"line":518,"column":4},"end":{"line":518,"column":25}},"type":"default-arg","locations":[{"start":{"line":518,"column":23},"end":{"line":518,"column":25}}],"line":518},"33":{"loc":{"start":{"line":520,"column":4},"end":{"line":520,"column":62}},"type":"if","locations":[{"start":{"line":520,"column":4},"end":{"line":520,"column":62}},{"start":{},"end":{}}],"line":520},"34":{"loc":{"start":{"line":542,"column":27},"end":{"line":542,"column":43}},"type":"binary-expr","locations":[{"start":{"line":542,"column":27},"end":{"line":542,"column":35}},{"start":{"line":542,"column":39},"end":{"line":542,"column":43}}],"line":542},"35":{"loc":{"start":{"line":560,"column":4},"end":{"line":560,"column":20}},"type":"default-arg","locations":[{"start":{"line":560,"column":19},"end":{"line":560,"column":20}}],"line":560},"36":{"loc":{"start":{"line":561,"column":4},"end":{"line":561,"column":25}},"type":"default-arg","locations":[{"start":{"line":561,"column":23},"end":{"line":561,"column":25}}],"line":561},"37":{"loc":{"start":{"line":563,"column":4},"end":{"line":563,"column":62}},"type":"if","locations":[{"start":{"line":563,"column":4},"end":{"line":563,"column":62}},{"start":{},"end":{}}],"line":563},"38":{"loc":{"start":{"line":596,"column":27},"end":{"line":596,"column":43}},"type":"binary-expr","locations":[{"start":{"line":596,"column":27},"end":{"line":596,"column":35}},{"start":{"line":596,"column":39},"end":{"line":596,"column":43}}],"line":596},"39":{"loc":{"start":{"line":614,"column":4},"end":{"line":614,"column":62}},"type":"if","locations":[{"start":{"line":614,"column":4},"end":{"line":614,"column":62}},{"start":{},"end":{}}],"line":614},"40":{"loc":{"start":{"line":620,"column":4},"end":{"line":623,"column":5}},"type":"if","locations":[{"start":{"line":620,"column":4},"end":{"line":623,"column":5}},{"start":{},"end":{}}],"line":620},"41":{"loc":{"start":{"line":624,"column":4},"end":{"line":627,"column":5}},"type":"if","locations":[{"start":{"line":624,"column":4},"end":{"line":627,"column":5}},{"start":{},"end":{}}],"line":624},"42":{"loc":{"start":{"line":628,"column":4},"end":{"line":631,"column":5}},"type":"if","locations":[{"start":{"line":628,"column":4},"end":{"line":631,"column":5}},{"start":{},"end":{}}],"line":628},"43":{"loc":{"start":{"line":632,"column":4},"end":{"line":635,"column":5}},"type":"if","locations":[{"start":{"line":632,"column":4},"end":{"line":635,"column":5}},{"start":{},"end":{}}],"line":632},"44":{"loc":{"start":{"line":636,"column":4},"end":{"line":639,"column":5}},"type":"if","locations":[{"start":{"line":636,"column":4},"end":{"line":639,"column":5}},{"start":{},"end":{}}],"line":636},"45":{"loc":{"start":{"line":640,"column":4},"end":{"line":643,"column":5}},"type":"if","locations":[{"start":{"line":640,"column":4},"end":{"line":643,"column":5}},{"start":{},"end":{}}],"line":640},"46":{"loc":{"start":{"line":644,"column":4},"end":{"line":647,"column":5}},"type":"if","locations":[{"start":{"line":644,"column":4},"end":{"line":647,"column":5}},{"start":{},"end":{}}],"line":644},"47":{"loc":{"start":{"line":648,"column":4},"end":{"line":651,"column":5}},"type":"if","locations":[{"start":{"line":648,"column":4},"end":{"line":651,"column":5}},{"start":{},"end":{}}],"line":648},"48":{"loc":{"start":{"line":652,"column":4},"end":{"line":655,"column":5}},"type":"if","locations":[{"start":{"line":652,"column":4},"end":{"line":655,"column":5}},{"start":{},"end":{}}],"line":652},"49":{"loc":{"start":{"line":654,"column":18},"end":{"line":654,"column":42}},"type":"cond-expr","locations":[{"start":{"line":654,"column":37},"end":{"line":654,"column":38}},{"start":{"line":654,"column":41},"end":{"line":654,"column":42}}],"line":654},"50":{"loc":{"start":{"line":668,"column":8},"end":{"line":668,"column":35}},"type":"binary-expr","locations":[{"start":{"line":668,"column":8},"end":{"line":668,"column":22}},{"start":{"line":668,"column":26},"end":{"line":668,"column":35}}],"line":668},"51":{"loc":{"start":{"line":679,"column":4},"end":{"line":679,"column":62}},"type":"if","locations":[{"start":{"line":679,"column":4},"end":{"line":679,"column":62}},{"start":{},"end":{}}],"line":679},"52":{"loc":{"start":{"line":697,"column":4},"end":{"line":697,"column":62}},"type":"if","locations":[{"start":{"line":697,"column":4},"end":{"line":697,"column":62}},{"start":{},"end":{}}],"line":697},"53":{"loc":{"start":{"line":722,"column":4},"end":{"line":722,"column":62}},"type":"if","locations":[{"start":{"line":722,"column":4},"end":{"line":722,"column":62}},{"start":{},"end":{}}],"line":722},"54":{"loc":{"start":{"line":746,"column":4},"end":{"line":746,"column":62}},"type":"if","locations":[{"start":{"line":746,"column":4},"end":{"line":746,"column":62}},{"start":{},"end":{}}],"line":746},"55":{"loc":{"start":{"line":752,"column":4},"end":{"line":755,"column":5}},"type":"if","locations":[{"start":{"line":752,"column":4},"end":{"line":755,"column":5}},{"start":{},"end":{}}],"line":752},"56":{"loc":{"start":{"line":756,"column":4},"end":{"line":759,"column":5}},"type":"if","locations":[{"start":{"line":756,"column":4},"end":{"line":759,"column":5}},{"start":{},"end":{}}],"line":756},"57":{"loc":{"start":{"line":779,"column":4},"end":{"line":779,"column":62}},"type":"if","locations":[{"start":{"line":779,"column":4},"end":{"line":779,"column":62}},{"start":{},"end":{}}],"line":779},"58":{"loc":{"start":{"line":793,"column":4},"end":{"line":793,"column":62}},"type":"if","locations":[{"start":{"line":793,"column":4},"end":{"line":793,"column":62}},{"start":{},"end":{}}],"line":793},"59":{"loc":{"start":{"line":806,"column":27},"end":{"line":806,"column":43}},"type":"binary-expr","locations":[{"start":{"line":806,"column":27},"end":{"line":806,"column":35}},{"start":{"line":806,"column":39},"end":{"line":806,"column":43}}],"line":806},"60":{"loc":{"start":{"line":818,"column":4},"end":{"line":818,"column":62}},"type":"if","locations":[{"start":{"line":818,"column":4},"end":{"line":818,"column":62}},{"start":{},"end":{}}],"line":818},"61":{"loc":{"start":{"line":837,"column":4},"end":{"line":837,"column":62}},"type"
[...]
,"C:\\Users\\Jayant\\Documents\\projects\\docsshelf\\src\\services\\storage\\index.ts": {"path":"C:\\Users\\Jayant\\Documents\\projects\\docsshelf\\src\\services\\storage\\index.ts","statementMap":{"0":{"start":{"line":9,"column":4},"end":{"line":9,"column":47}},"1":{"start":{"line":13,"column":4},"end":{"line":16,"column":5}},"2":{"start":{"line":15,"column":6},"end":{"line":15,"column":31}},"3":{"start":{"line":18,"column":4},"end":{"line":28,"column":5}},"4":{"start":{"line":19,"column":22},"end":{"line":19,"column":71}},"5":{"start":{"line":20,"column":6},"end":{"line":24,"column":7}},"6":{"start":{"line":21,"column":8},"end":{"line":23,"column":11}},"7":{"start":{"line":26,"column":6},"end":{"line":26,"column":60}},"8":{"start":{"line":27,"column":6},"end":{"line":27,"column":18}},"9":{"start":{"line":41,"column":4},"end":{"line":44,"column":5}},"10":{"start":{"line":43,"column":6},"end":{"line":43,"column":58}},"11":{"start":{"line":46,"column":4},"end":{"line":77,"column":5}},"12":{"start":{"line":48,"column":28},"end":{"line":51,"column":7}},"13":{"start":{"line":54,"column":23},"end":{"line":54,"column":81}},"14":{"start":{"line":57,"column":6},"end":{"line":59,"column":9}},"15":{"start":{"line":62,"column":23},"end":{"line":62,"column":62}},"16":{"start":{"line":63,"column":6},"end":{"line":71,"column":8}},"17":{"start":{"line":73,"column":6},"end":{"line":73,"column":22}},"18":{"start":{"line":75,"column":6},"end":{"line":75,"column":61}},"19":{"start":{"line":76,"column":6},"end":{"line":76,"column":18}},"20":{"start":{"line":85,"column":4},"end":{"line":101,"column":5}},"21":{"start":{"line":87,"column":28},"end":{"line":89,"column":8}},"22":{"start":{"line":92,"column":28},"end":{"line":95,"column":7}},"23":{"start":{"line":97,"column":6},"end":{"line":97,"column":27}},"24":{"start":{"line":99,"column":6},"end":{"line":99,"column":61}},"25":{"start":{"line":100,"column":6},"end":{"line":100,"column":18}},"26":{"start":{"line":106,"column":4},"end":{"line":119,"column":5}},"27":{"start":{"line":108,"column":6},"end":{"line":108,"column":45}},"28":{"start":{"line":111,"column":6},"end":{"line":115,"column":8}},"29":{"start":{"line":117,"column":6},"end":{"line":117,"column":53}},"30":{"start":{"line":118,"column":6},"end":{"line":118,"column":18}},"31":{"start":{"line":125,"column":4},"end":{"line":134,"column":5}},"32":{"start":{"line":126,"column":23},"end":{"line":126,"column":62}},"33":{"start":{"line":127,"column":6},"end":{"line":130,"column":8}},"34":{"start":{"line":132,"column":6},"end":{"line":132,"column":55}},"35":{"start":{"line":133,"column":6},"end":{"line":133,"column":18}},"36":{"start":{"line":139,"column":4},"end":{"line":147,"column":5}},"37":{"start":{"line":140,"column":20},"end":{"line":140,"column":75}},"38":{"start":{"line":141,"column":6},"end":{"line":143,"column":55}},"39":{"start":{"line":142,"column":26},"end":{"line":142,"column":55}},"40":{"start":{"line":143,"column":23},"end":{"line":143,"column":53}},"41":{"start":{"line":145,"column":6},"end":{"line":145,"column":57}},"42":{"start":{"line":146,"column":6},"end":{"line":146,"column":16}},"43":{"start":{"line":156,"column":4},"end":{"line":169,"column":5}},"44":{"start":{"line":157,"column":6},"end":{"line":160,"column":9}},"45":{"start":{"line":161,"column":6},"end":{"line":165,"column":8}},"46":{"start":{"line":167,"column":6},"end":{"line":167,"column":51}},"47":{"start":{"line":168,"column":6},"end":{"line":168,"column":18}},"48":{"start":{"line":178,"column":4},"end":{"line":191,"column":5}},"49":{"start":{"line":179,"column":6},"end":{"line":182,"column":9}},"50":{"start":{"line":183,"column":6},"end":{"line":187,"column":8}},"51":{"start":{"line":189,"column":6},"end":{"line":189,"column":51}},"52":{"start":{"line":190,"column":6},"end":{"line":190,"column":18}}},"fnMap":{"0":{"name":"(anonymous_0)","decl":{"start":{"line":12,"column":2},"end":{"line":12,"column":3}},"loc":{"start":{"line":12,"column":44},"end":{"line":29,"column":3}},"line":12},"1":{"name":"(anonymous_1)","decl":{"start":{"line":32,"column":2},"end":{"line":32,"column":3}},"loc":{"start":{"line":40,"column":21},"end":{"line":78,"column":3}},"line":40},"2":{"name":"(anonymous_2)","decl":{"start":{"line":81,"column":2},"end":{"line":81,"column":3}},"loc":{"start":{"line":84,"column":21},"end":{"line":102,"column":3}},"line":84},"3":{"name":"(anonymous_3)","decl":{"start":{"line":105,"column":2},"end":{"line":105,"column":3}},"loc":{"start":{"line":105,"column":75},"end":{"line":120,"column":3}},"line":105},"4":{"name":"(anonymous_4)","decl":{"start":{"line":122,"column":2},"end":{"line":122,"column":3}},"loc":{"start":{"line":124,"column":57},"end":{"line":135,"column":3}},"line":124},"5":{"name":"(anonymous_5)","decl":{"start":{"line":138,"column":2},"end":{"line":138,"column":3}},"loc":{"start":{"line":138,"column":64},"end":{"line":148,"column":3}},"line":138},"6":{"name":"(anonymous_6)","decl":{"start":{"line":142,"column":16},"end":{"line":142,"column":17}},"loc":{"start":{"line":142,"column":26},"end":{"line":142,"column":55}},"line":142},"7":{"name":"(anonymous_7)","decl":{"start":{"line":143,"column":13},"end":{"line":143,"column":14}},"loc":{"start":{"line":143,"column":23},"end":{"line":143,"column":53}},"line":143},"8":{"name":"(anonymous_8)","decl":{"start":{"line":151,"column":2},"end":{"line":151,"column":3}},"loc":{"start":{"line":155,"column":19},"end":{"line":170,"column":3}},"line":155},"9":{"name":"(anonymous_9)","decl":{"start":{"line":173,"column":2},"end":{"line":173,"column":3}},"loc":{"start":{"line":177,"column":19},"end":{"line":192,"column":3}},"line":177}},"branchMap":{"0":{"loc":{"start":{"line":13,"column":4},"end":{"line":16,"column":5}},"type":"if","locations":[{"start":{"line":13,"column":4},"end":{"line":16,"column":5}},{"start":{},"end":{}}],"line":13},"1":{"loc":{"start":{"line":20,"column":6},"end":{"line":24,"column":7}},"type":"if","locations":[{"start":{"line":20,"column":6},"end":{"line":24,"column":7}},{"start":{},"end":{}}],"line":20},"2":{"loc":{"start":{"line":41,"column":4},"end":{"line":44,"column":5}},"type":"if","locations":[{"start":{"line":41,"column":4},"end":{"line":44,"column":5}},{"start":{},"end":{}}],"line":41},"3":{"loc":{"start":{"line":67,"column":8},"end":{"line":67,"column":48}},"type":"cond-expr","locations":[{"start":{"line":67,"column":26},"end":{"line":67,"column":44}},{"start":{"line":67,"column":47},"end":{"line":67,"column":48}}],"line":67},"4":{"loc":{"start":{"line":67,"column":26},"end":{"line":67,"column":44}},"type":"binary-expr","locations":[{"start":{"line":67,"column":26},"end":{"line":67,"column":39}},{"start":{"line":67,"column":43},"end":{"line":67,"column":44}}],"line":67},"5":{"loc":{"start":{"line":128,"column":14},"end":{"line":128,"column":54}},"type":"cond-expr","locations":[{"start":{"line":128,"column":32},"end":{"line":128,"column":50}},{"start":{"line":128,"column":53},"end":{"line":128,"column":54}}],"line":128},"6":{"loc":{"start":{"line":128,"column":32},"end":{"line":128,"column":50}},"type":"binary-expr","locations":[{"start":{"line":128,"column":32},"end":{"line":128,"column":45}},{"start":{"line":128,"column":49},"end":{"line":128,"column":50}}],"line":128},"7":{"loc":{"start":{"line":129,"column":26},"end":{"line":129,"column":78}},"type":"cond-expr","locations":[{"start":{"line":129,"column":44},"end":{"line":129,"column":74}},{"start":{"line":129,"column":77},"end":{"line":129,"column":78}}],"line":129},"8":{"loc":{"start":{"line":129,"column":44},"end":{"line":129,"column":74}},"type":"binary-expr","locations":[{"start":{"line":129,"column":44},"end":{"line":129,"column":69}},{"start":{"line":129,"column":73},"end":{"line":129,"column":74}}],"line":129}},"s":{"0":1,"1":2,"2":0,"3":2,"4":2,"5":2,"6":1,"7":0,"8":0,"9":1,"10":0,"11":1,"12":1,"13":1,"14":1,"15":1,"16":1,"17":1,"18":0,"19":0,"20":1,"21":1,"22":1,"23":1,"24":0,"25":0,"26":1,"27":1,"28":1,"29":0,"30":0,"31":2,"32":2,"33":2,"34":0,"35":0,"36":2,"37":2,"38":2,"39":3,"40":2,"41":0,"42":0,"43":1,"44":1,"45":1,"46":0,"47":0,"48":1,"49":1,"50":1,"51":0,"52":0},"f":{"0":2,"1":1,"2":1,"3":1,"4":2,"5":2,"6":3,"7":2,"8":1,"9":1},"b":{"0":[0,2],"1":[1,1],"2":[0,1],"3":[1,0],"4":[1,0],"5":[1,1],"6":[1,0],"7":[1,1],"8":[1,0]},"_coverageSchema":"1a1c01bbd47fc00a2c39e90264f33305004495a9","hash":"1a7449a4b20a7797d73ece0be01bb13a576e2c7a"}
,"C:\\Users\\Jayant\\Documents\\projects\\docsshelf\\src\\store\\slices\\authSlice.ts": {"path":"C:\\Users\\Jayant\\Documents\\projects\\docsshelf\\src\\store\\slices\\authSlice.ts","statementMap":{"0":{"start":{"line":16,"column":32},"end":{"line":21,"column":1}},"1":{"start":{"line":23,"column":18},"end":{"line":50,"column":2}},"2":{"start":{"line":28,"column":6},"end":{"line":28,"column":29}},"3":{"start":{"line":29,"column":6},"end":{"line":29,"column":25}},"4":{"start":{"line":32,"column":6},"end":{"line":32,"column":34}},"5":{"start":{"line":33,"column":6},"end":{"line":33,"column":35}},"6":{"start":{"line":34,"column":6},"end":{"line":34,"column":30}},"7":{"start":{"line":37,"column":6},"end":{"line":37,"column":35}},"8":{"start":{"line":38,"column":6},"end":{"line":38,"column":30}},"9":{"start":{"line":41,"column":6},"end":{"line":41,"column":24}},"10":{"start":{"line":42,"column":6},"end":{"line":42,"column":36}},"11":{"start":{"line":45,"column":6},"end":{"line":47,"column":7}},"12":{"start":{"line":46,"column":8},"end":{"line":46,"column":58}},"13":{"start":{"line":53,"column":2},"end":{"line":53,"column":19}}},"fnMap":{"0":{"name":"(anonymous_0)","decl":{"start":{"line":27,"column":16},"end":{"line":27,"column":17}},"loc":{"start":{"line":27,"column":27},"end":{"line":30,"column":5}},"line":27},"1":{"name":"(anonymous_1)","decl":{"start":{"line":31,"column":18},"end":{"line":31,"column":19}},"loc":{"start":{"line":31,"column":71},"end":{"line":35,"column":5}},"line":31},"2":{"name":"(anonymous_2)","decl":{"start":{"line":36,"column":18},"end":{"line":36,"column":19}},"loc":{"start":{"line":36,"column":60},"end":{"line":39,"column":5}},"line":36},"3":{"name":"(anonymous_3)","decl":{"start":{"line":40,"column":12},"end":{"line":40,"column":13}},"loc":{"start":{"line":40,"column":23},"end":{"line":43,"column":5}},"line":40},"4":{"name":"(anonymous_4)","decl":{"start":{"line":44,"column":16},"end":{"line":44,"column":17}},"loc":{"start":{"line":44,"column":78},"end":{"line":48,"column":5}},"line":44}},"branchMap":{"0":{"loc":{"start":{"line":45,"column":6},"end":{"line":47,"column":7}},"type":"if","locations":[{"start":{"line":45,"column":6},"end":{"line":47,"column":7}},{"start":{},"end":{}}],"line":45}},"s":{"0":1,"1":1,"2":0,"3":0,"4":0,"5":0,"6":0,"7":0,"8":0,"9":0,"10":0,"11":0,"12":0,"13":1},"f":{"0":0,"1":0,"2":0,"3":0,"4":0},"b":{"0":[0,0]},"_coverageSchema":"1a1c01bbd47fc00a2c39e90264f33305004495a9","hash":"6fed7f3c745e20106ba0dc7ec038fbd916be0e43"}
,"C:\\Users\\Jayant\\Documents\\projects\\docsshelf\\src\\store\\slices\\documentsSlice.ts": {"path":"C:\\Users\\Jayant\\Documents\\projects\\docsshelf\\src\\store\\slices\\documentsSlice.ts","statementMap":{"0":{"start":{"line":35,"column":37},"end":{"line":40,"column":1}},"1":{"start":{"line":42,"column":23},"end":{"line":103,"column":2}},"2":{"start":{"line":47,"column":6},"end":{"line":47,"column":39}},"3":{"start":{"line":50,"column":6},"end":{"line":50,"column":35}},"4":{"start":{"line":53,"column":6},"end":{"line":53,"column":43}},"5":{"start":{"line":59,"column":20},"end":{"line":61,"column":7}},"6":{"start":{"line":60,"column":17},"end":{"line":60,"column":45}},"7":{"start":{"line":62,"column":6},"end":{"line":67,"column":7}},"8":{"start":{"line":63,"column":8},"end":{"line":66,"column":10}},"9":{"start":{"line":70,"column":6},"end":{"line":72,"column":8}},"10":{"start":{"line":71,"column":17},"end":{"line":71,"column":42}},"11":{"start":{"line":75,"column":6},"end":{"line":75,"column":39}},"12":{"start":{"line":78,"column":6},"end":{"line":78,"column":44}},"13":{"start":{"line":84,"column":20},"end":{"line":86,"column":7}},"14":{"start":{"line":85,"column":17},"end":{"line":85,"column":45}},"15":{"start":{"line":87,"column":6},"end":{"line":92,"column":7}},"16":{"start":{"line":88,"column":8},"end":{"line":91,"column":10}},"17":{"start":{"line":95,"column":6},"end":{"line":97,"column":8}},"18":{"start":{"line":96,"column":17},"end":{"line":96,"column":42}},"19":{"start":{"line":100,"column":6},"end":{"line":100,"column":40}},"20":{"start":{"line":116,"column":4},"end":{"line":116,"column":26}}},"fnMap":{"0":{"name":"(anonymous_0)","decl":{"start":{"line":46,"column":16},"end":{"line":46,"column":17}},"loc":{"start":{"line":46,"column":59},"end":{"line":48,"column":5}},"line":46},"1":{"name":"(anonymous_1)","decl":{"start":{"line":49,"column":14},"end":{"line":49,"column":15}},"loc":{"start":{"line":49,"column":63},"end":{"line":51,"column":5}},"line":49},"2":{"name":"(anonymous_2)","decl":{"start":{"line":52,"column":17},"end":{"line":52,"column":18}},"loc":{"start":{"line":52,"column":61},"end":{"line":54,"column":5}},"line":52},"3":{"name":"(anonymous_3)","decl":{"start":{"line":55,"column":20},"end":{"line":55,"column":21}},"loc":{"start":{"line":58,"column":9},"end":{"line":68,"column":5}},"line":58},"4":{"name":"(anonymous_4)","decl":{"start":{"line":60,"column":8},"end":{"line":60,"column":9}},"loc":{"start":{"line":60,"column":17},"end":{"line":60,"column":45}},"line":60},"5":{"name":"(anonymous_5)","decl":{"start":{"line":69,"column":20},"end":{"line":69,"column":21}},"loc":{"start":{"line":69,"column":62},"end":{"line":73,"column":5}},"line":69},"6":{"name":"(anonymous_6)","decl":{"start":{"line":71,"column":8},"end":{"line":71,"column":9}},"loc":{"start":{"line":71,"column":17},"end":{"line":71,"column":42}},"line":71},"7":{"name":"(anonymous_7)","decl":{"start":{"line":74,"column":18},"end":{"line":74,"column":19}},"loc":{"start":{"line":74,"column":64},"end":{"line":76,"column":5}},"line":74},"8":{"name":"(anonymous_8)","decl":{"start":{"line":77,"column":17},"end":{"line":77,"column":18}},"loc":{"start":{"line":77,"column":61},"end":{"line":79,"column":5}},"line":77},"9":{"name":"(anonymous_9)","decl":{"start":{"line":80,"column":20},"end":{"line":80,"column":21}},"loc":{"start":{"line":83,"column":9},"end":{"line":93,"column":5}},"line":83},"10":{"name":"(anonymous_10)","decl":{"start":{"line":85,"column":8},"end":{"line":85,"column":9}},"loc":{"start":{"line":85,"column":17},"end":{"line":85,"column":45}},"line":85},"11":{"name":"(anonymous_11)","decl":{"start":{"line":94,"column":20},"end":{"line":94,"column":21}},"loc":{"start":{"line":94,"column":62},"end":{"line":98,"column":5}},"line":94},"12":{"name":"(anonymous_12)","decl":{"start":{"line":96,"column":8},"end":{"line":96,"column":9}},"loc":{"start":{"line":96,"column":17},"end":{"line":96,"column":42}},"line":96},"13":{"name":"(anonymous_13)","decl":{"start":{"line":99,"column":19},"end":{"line":99,"column":20}},"loc":{"start":{"line":99,"column":65},"end":{"line":101,"column":5}},"line":99}},"branchMap":{"0":{"loc":{"start":{"line":62,"column":6},"end":{"line":67,"column":7}},"type":"if","locations":[{"start":{"line":62,"column":6},"end":{"line":67,"column":7}},{"start":{},"end":{}}],"line":62},"1":{"loc":{"start":{"line":87,"column":6},"end":{"line":92,"column":7}},"type":"if","locations":[{"start":{"line":87,"column":6},"end":{"line":92,"column":7}},{"start":{},"end":{}}],"line":87}},"s":{"0":1,"1":1,"2":0,"3":0,"4":0,"5":0,"6":0,"7":0,"8":0,"9":0,"10":0,"11":0,"12":0,"13":0,"14":0,"15":0,"16":0,"17":0,"18":0,"19":0,"20":1},"f":{"0":0,"1":0,"2":0,"3":0,"4":0,"5":0,"6":0,"7":0,"8":0,"9":0,"10":0,"11":0,"12":0,"13":0},"b":{"0":[0,0],"1":[0,0]},"_coverageSchema":"1a1c01bbd47fc00a2c39e90264f33305004495a9","hash":"8420541bda7f3875192ea7f4b17f716dcf4fc496"}
,"C:\\Users\\Jayant\\Documents\\projects\\docsshelf\\src\\utils\\performance.ts": {"path":"C:\\Users\\Jayant\\Documents\\projects\\docsshelf\\src\\utils\\performance.ts","statementMap":{"0":{"start":{"line":3,"column":51},"end":{"line":3,"column":60}},"1":{"start":{"line":7,"column":4},"end":{"line":7,"column":47}},"2":{"start":{"line":12,"column":22},"end":{"line":12,"column":52}},"3":{"start":{"line":13,"column":4},"end":{"line":27,"column":5}},"4":{"start":{"line":14,"column":23},"end":{"line":14,"column":45}},"5":{"start":{"line":15,"column":6},"end":{"line":15,"column":63}},"6":{"start":{"line":18,"column":6},"end":{"line":24,"column":7}},"7":{"start":{"line":26,"column":6},"end":{"line":26,"column":40}},"8":{"start":{"line":33,"column":4},"end":{"line":35,"column":5}},"9":{"start":{"line":34,"column":6},"end":{"line":34,"column":56}},"10":{"start":{"line":38,"column":34},"end":{"line":42,"column":5}},"11":{"start":{"line":44,"column":4},"end":{"line":51,"column":5}},"12":{"start":{"line":45,"column":22},"end":{"line":45,"column":62}},"13":{"start":{"line":46,"column":6},"end":{"line":50,"column":8}},"14":{"start":{"line":56,"column":4},"end":{"line":56,"column":34}},"15":{"start":{"line":61,"column":4},"end":{"line":61,"column":47}},"16":{"start":{"line":66,"column":4},"end":{"line":66,"column":40}}},"fnMap":{"0":{"name":"(anonymous_0)","decl":{"start":{"line":6,"column":2},"end":{"line":6,"column":3}},"loc":{"start":{"line":6,"column":45},"end":{"line":8,"column":3}},"line":6},"1":{"name":"(anonymous_1)","decl":{"start":{"line":11,"column":2},"end":{"line":11,"column":3}},"loc":{"start":{"line":11,"column":43},"end":{"line":28,"column":3}},"line":11},"2":{"name":"(anonymous_2)","decl":{"start":{"line":31,"column":2},"end":{"line":31,"column":3}},"loc":{"start":{"line":31,"column":62},"end":{"line":52,"column":3}},"line":31},"3":{"name":"(anonymous_3)","decl":{"start":{"line":55,"column":2},"end":{"line":55,"column":3}},"loc":{"start":{"line":55,"column":34},"end":{"line":57,"column":3}},"line":55},"4":{"name":"(anonymous_4)","decl":{"start":{"line":60,"column":2},"end":{"line":60,"column":3}},"loc":{"start":{"line":60,"column":50},"end":{"line":62,"column":3}},"line":60},"5":{"name":"(anonymous_5)","decl":{"start":{"line":65,"column":2},"end":{"line":65,"column":3}},"loc":{"start":{"line":65,"column":44},"end":{"line":67,"column":3}},"line":65}},"branchMap":{"0":{"loc":{"start":{"line":13,"column":4},"end":{"line":27,"column":5}},"type":"if","locations":[{"start":{"line":13,"column":4},"end":{"line":27,"column":5}},{"start":{},"end":{}}],"line":13},"1":{"loc":{"start":{"line":18,"column":6},"end":{"line":24,"column":7}},"type":"if","locations":[{"start":{"line":18,"column":6},"end":{"line":24,"column":7}},{"start":{},"end":{}}],"line":18},"2":{"loc":{"start":{"line":19,"column":8},"end":{"line":20,"column":60}},"type":"binary-expr","locations":[{"start":{"line":19,"column":8},"end":{"line":19,"column":46}},{"start":{"line":20,"column":8},"end":{"line":20,"column":60}}],"line":19},"3":{"loc":{"start":{"line":31,"column":24},"end":{"line":31,"column":54}},"type":"default-arg","locations":[{"start":{"line":31,"column":40},"end":{"line":31,"column":54}}],"line":31},"4":{"loc":{"start":{"line":33,"column":4},"end":{"line":35,"column":5}},"type":"if","locations":[{"start":{"line":33,"column":4},"end":{"line":35,"column":5}},{"start":{},"end":{}}],"line":33},"5":{"loc":{"start":{"line":44,"column":4},"end":{"line":51,"column":5}},"type":"if","locations":[{"start":{"line":44,"column":4},"end":{"line":51,"column":5}},{"start":{},"end":{}}],"line":44}},"s":{"0":1,"1":0,"2":0,"3":0,"4":0,"5":0,"6":0,"7":0,"8":0,"9":0,"10":0,"11":0,"12":0,"13":0,"14":0,"15":0,"16":0},"f":{"0":0,"1":0,"2":0,"3":0,"4":0,"5":0},"b":{"0":[0,0],"1":[0,0],"2":[0,0],"3":[0],"4":[0,0],"5":[0,0]},"_coverageSchema":"1a1c01bbd47fc00a2c39e90264f33305004495a9","hash":"fa815cc0c2a96bcf71b73a07fd04a7bec147784d"}
}
