TN:
SF:src\services\auth\index.ts
FN:23,(anonymous_0)
FN:28,(anonymous_1)
FN:56,(anonymous_2)
FN:92,(anonymous_3)
FN:113,(anonymous_4)
FN:132,(anonymous_5)
FN:142,(anonymous_6)
FN:160,(anonymous_7)
FN:169,(anonymous_8)
FN:214,(anonymous_9)
FNF:10
FNH:6
FNDA:0,(anonymous_0)
FNDA:2,(anonymous_1)
FNDA:3,(anonymous_2)
FNDA:2,(anonymous_3)
FNDA:0,(anonymous_4)
FNDA:2,(anonymous_5)
FNDA:3,(anonymous_6)
FNDA:0,(anonymous_7)
FNDA:2,(anonymous_8)
FNDA:0,(anonymous_9)
DA:20,3
DA:24,0
DA:29,2
DA:31,2
DA:34,1
DA:35,1
DA:38,1
DA:45,1
DA:46,1
DA:48,1
DA:50,1
DA:51,1
DA:57,3
DA:58,3
DA:59,3
DA:60,1
DA:64,2
DA:68,2
DA:69,1
DA:74,1
DA:78,1
DA:84,1
DA:86,2
DA:87,2
DA:93,2
DA:94,2
DA:96,2
DA:97,1
DA:100,1
DA:105,1
DA:107,1
DA:108,1
DA:114,0
DA:115,0
DA:116,0
DA:117,0
DA:122,0
DA:124,0
DA:126,0
DA:127,0
DA:133,2
DA:134,2
DA:136,0
DA:137,0
DA:143,3
DA:144,1
DA:147,2
DA:148,2
DA:149,2
DA:150,2
DA:152,2
DA:153,0
DA:161,0
DA:162,0
DA:164,0
DA:174,2
DA:175,2
DA:176,2
DA:177,0
DA:181,2
DA:185,2
DA:186,1
DA:190,1
DA:193,1
DA:194,1
DA:197,1
DA:202,1
DA:208,1
DA:209,1
DA:218,0
DA:219,0
DA:221,0
DA:222,0
LF:73
LH:53
BRDA:59,0,0,1
BRDA:59,0,1,2
BRDA:68,1,0,1
BRDA:68,1,1,1
BRDA:96,2,0,1
BRDA:96,2,1,1
BRDA:116,3,0,0
BRDA:116,3,1,0
BRDA:143,4,0,1
BRDA:143,4,1,2
BRDA:152,5,0,0
BRDA:152,5,1,2
BRDA:152,6,0,2
BRDA:152,6,1,2
BRDA:152,6,2,2
BRDA:152,6,3,2
BRDA:176,7,0,0
BRDA:176,7,1,2
BRDA:176,8,0,2
BRDA:176,8,1,2
BRDA:185,9,0,1
BRDA:185,9,1,1
BRDA:216,10,0,0
BRF:23
BRH:18
end_of_record
TN:
SF:src\services\database\index.ts
FN:67,(anonymous_0)
FN:127,(anonymous_1)
FN:150,(anonymous_2)
FN:169,(anonymous_3)
FN:185,(anonymous_4)
FN:226,(anonymous_5)
FN:237,(anonymous_6)
FN:258,(anonymous_7)
FN:302,(anonymous_8)
FN:325,(anonymous_9)
FN:371,(anonymous_10)
FN:393,(anonymous_11)
FN:417,(anonymous_12)
FN:466,(anonymous_13)
FN:492,(anonymous_14)
FN:534,(anonymous_15)
FN:587,(anonymous_16)
FN:655,(anonymous_17)
FN:669,(anonymous_18)
FN:698,(anonymous_19)
FN:718,(anonymous_20)
FN:755,(anonymous_21)
FN:769,(anonymous_22)
FN:794,(anonymous_23)
FN:798,(anonymous_24)
FN:810,(anonymous_25)
FN:864,(anonymous_26)
FNF:27
FNH:17
FNDA:1,(anonymous_0)
FNDA:1,(anonymous_1)
FNDA:0,(anonymous_2)
FNDA:1,(anonymous_3)
FNDA:1,(anonymous_4)
FNDA:0,(anonymous_5)
FNDA:0,(anonymous_6)
FNDA:1,(anonymous_7)
FNDA:2,(anonymous_8)
FNDA:0,(anonymous_9)
FNDA:7,(anonymous_10)
FNDA:1,(anonymous_11)
FNDA:1,(anonymous_12)
FNDA:1,(anonymous_13)
FNDA:1,(anonymous_14)
FNDA:1,(anonymous_15)
FNDA:1,(anonymous_16)
FNDA:1,(anonymous_17)
FNDA:1,(anonymous_18)
FNDA:1,(anonymous_19)
FNDA:0,(anonymous_20)
FNDA:0,(anonymous_21)
FNDA:0,(anonymous_22)
FNDA:0,(anonymous_23)
FNDA:0,(anonymous_24)
FNDA:2,(anonymous_25)
FNDA:0,(anonymous_26)
DA:58,6
DA:59,6
DA:60,6
DA:63,6
DA:69,1
DA:84,1
DA:97,1
DA:115,1
DA:129,1
DA:142,1
DA:146,1
DA:152,0
DA:156,0
DA:161,0
DA:170,1
DA:171,1
DA:176,1
DA:177,1
DA:179,0
DA:180,0
DA:186,1
DA:188,1
DA:190,1
DA:199,1
DA:202,1
DA:205,1
DA:206,2
DA:207,2
DA:208,2
DA:211,2
DA:218,1
DA:220,0
DA:221,0
DA:227,0
DA:229,0
DA:230,0
DA:235,0
DA:236,0
DA:237,0
DA:239,0
DA:240,0
DA:241,0
DA:245,0
DA:250,0
DA:252,0
DA:253,0
DA:261,1
DA:263,1
DA:264,1
DA:266,1
DA:273,1
DA:274,1
DA:290,1
DA:295,1
DA:297,0
DA:298,0
DA:303,2
DA:305,2
DA:306,2
DA:311,2
DA:312,1
DA:313,1
DA:318,1
DA:320,0
DA:321,0
DA:326,0
DA:328,0
DA:329,0
DA:330,0
DA:332,0
DA:333,0
DA:334,0
DA:336,0
DA:337,0
DA:338,0
DA:340,0
DA:341,0
DA:342,0
DA:344,0
DA:345,0
DA:346,0
DA:348,0
DA:349,0
DA:350,0
DA:353,0
DA:354,0
DA:355,0
DA:357,0
DA:358,0
DA:363,0
DA:365,0
DA:366,0
DA:377,7
DA:379,7
DA:380,7
DA:382,7
DA:383,7
DA:388,0
DA:397,1
DA:399,1
DA:400,1
DA:405,1
DA:406,1
DA:407,1
DA:409,1
DA:411,0
DA:412,0
DA:428,1
DA:430,1
DA:431,1
DA:433,1
DA:434,1
DA:454,1
DA:459,1
DA:461,0
DA:462,0
DA:467,1
DA:469,1
DA:470,1
DA:475,1
DA:476,1
DA:477,1
DA:478,1
DA:484,1
DA:486,0
DA:487,0
DA:497,1
DA:499,1
DA:501,1
DA:505,1
DA:508,1
DA:509,1
DA:514,1
DA:515,1
DA:516,1
DA:517,1
DA:524,1
DA:526,1
DA:528,0
DA:529,0
DA:540,1
DA:542,1
DA:543,1
DA:544,1
DA:547,1
DA:555,1
DA:558,1
DA:559,1
DA:568,1
DA:569,1
DA:570,1
DA:571,1
DA:578,1
DA:580,1
DA:582,0
DA:583,0
DA:591,1
DA:593,1
DA:594,1
DA:595,1
DA:597,1
DA:598,1
DA:599,1
DA:601,1
DA:602,0
DA:603,0
DA:605,1
DA:606,0
DA:607,0
DA:609,1
DA:610,0
DA:611,0
DA:613,1
DA:614,1
DA:615,1
DA:617,1
DA:618,0
DA:619,0
DA:621,1
DA:622,0
DA:623,0
DA:625,1
DA:626,0
DA:627,0
DA:629,1
DA:630,0
DA:631,0
DA:634,1
DA:635,1
DA:636,1
DA:638,1
DA:639,1
DA:644,1
DA:650,0
DA:651,0
DA:656,1
DA:658,1
DA:659,1
DA:661,1
DA:663,0
DA:664,0
DA:674,1
DA:676,1
DA:677,1
DA:679,1
DA:680,1
DA:686,1
DA:691,1
DA:693,0
DA:694,0
DA:699,1
DA:701,1
DA:702,1
DA:707,1
DA:708,1
DA:709,1
DA:711,1
DA:713,0
DA:714,0
DA:723,0
DA:725,0
DA:726,0
DA:727,0
DA:729,0
DA:730,0
DA:731,0
DA:733,0
DA:734,0
DA:735,0
DA:738,0
DA:739,0
DA:740,0
DA:742,0
DA:743,0
DA:748,0
DA:750,0
DA:751,0
DA:756,0
DA:758,0
DA:759,0
DA:761,0
DA:763,0
DA:764,0
DA:770,0
DA:772,0
DA:773,0
DA:778,0
DA:779,0
DA:780,0
DA:781,0
DA:787,0
DA:789,0
DA:790,0
DA:795,0
DA:797,0
DA:798,0
DA:799,0
DA:804,0
DA:805,0
DA:814,2
DA:816,2
DA:817,2
DA:819,2
DA:820,2
DA:822,2
DA:824,3
DA:825,3
DA:827,3
DA:848,1
DA:849,1
DA:855,1
DA:857,1
DA:858,1
DA:859,1
DA:865,0
DA:866,0
DA:867,0
LF:277
LH:150
BRDA:186,0,0,0
BRDA:186,0,1,1
BRDA:202,1,0,1
BRDA:202,1,1,1
BRDA:206,2,0,2
BRDA:206,2,1,0
BRDA:227,3,0,0
BRDA:227,3,1,0
BRDA:239,4,0,0
BRDA:239,4,1,0
BRDA:261,5,0,0
BRDA:261,5,1,1
BRDA:303,6,0,0
BRDA:303,6,1,2
BRDA:311,7,0,1
BRDA:311,7,1,1
BRDA:315,8,0,1
BRDA:315,8,1,0
BRDA:326,9,0,0
BRDA:326,9,1,0
BRDA:332,10,0,0
BRDA:332,10,1,0
BRDA:336,11,0,0
BRDA:336,11,1,0
BRDA:340,12,0,0
BRDA:340,12,1,0
BRDA:344,13,0,0
BRDA:344,13,1,0
BRDA:348,14,0,0
BRDA:348,14,1,0
BRDA:377,15,0,0
BRDA:377,15,1,7
BRDA:385,16,0,7
BRDA:385,16,1,7
BRDA:395,17,0,0
BRDA:397,18,0,0
BRDA:397,18,1,1
BRDA:428,19,0,0
BRDA:428,19,1,1
BRDA:442,20,0,1
BRDA:442,20,1,0
BRDA:443,21,0,1
BRDA:443,21,1,0
BRDA:444,22,0,1
BRDA:444,22,1,0
BRDA:445,23,0,1
BRDA:445,23,1,0
BRDA:446,24,0,1
BRDA:446,24,1,0
BRDA:447,25,0,1
BRDA:447,25,1,0
BRDA:467,26,0,0
BRDA:467,26,1,1
BRDA:480,27,0,1
BRDA:480,27,1,0
BRDA:494,28,0,0
BRDA:495,29,0,0
BRDA:497,30,0,0
BRDA:497,30,1,1
BRDA:519,31,0,1
BRDA:519,31,1,0
BRDA:537,32,0,0
BRDA:538,33,0,0
BRDA:540,34,0,0
BRDA:540,34,1,1
BRDA:573,35,0,1
BRDA:573,35,1,0
BRDA:591,36,0,0
BRDA:591,36,1,1
BRDA:597,37,0,1
BRDA:597,37,1,0
BRDA:601,38,0,0
BRDA:601,38,1,1
BRDA:605,39,0,0
BRDA:605,39,1,1
BRDA:609,40,0,0
BRDA:609,40,1,1
BRDA:613,41,0,1
BRDA:613,41,1,0
BRDA:617,42,0,0
BRDA:617,42,1,1
BRDA:621,43,0,0
BRDA:621,43,1,1
BRDA:625,44,0,0
BRDA:625,44,1,1
BRDA:629,45,0,0
BRDA:629,45,1,1
BRDA:631,46,0,0
BRDA:631,46,1,0
BRDA:645,47,0,1
BRDA:645,47,1,1
BRDA:656,48,0,0
BRDA:656,48,1,1
BRDA:674,49,0,0
BRDA:674,49,1,1
BRDA:699,50,0,0
BRDA:699,50,1,1
BRDA:723,51,0,0
BRDA:723,51,1,0
BRDA:729,52,0,0
BRDA:729,52,1,0
BRDA:733,53,0,0
BRDA:733,53,1,0
BRDA:756,54,0,0
BRDA:756,54,1,0
BRDA:770,55,0,0
BRDA:770,55,1,0
BRDA:783,56,0,0
BRDA:783,56,1,0
BRDA:795,57,0,0
BRDA:795,57,1,0
BRDA:814,58,0,0
BRDA:814,58,1,2
BRDA:835,59,0,3
BRDA:835,59,1,0
BRDA:836,60,0,3
BRDA:836,60,1,3
BRDA:837,61,0,3
BRDA:837,61,1,3
BRDA:838,62,0,3
BRDA:838,62,1,3
BRDA:839,63,0,3
BRDA:839,63,1,0
BRDA:840,64,0,3
BRDA:840,64,1,3
BRDA:865,65,0,0
BRDA:865,65,1,0
BRF:127
BRH:52
end_of_record
TN:
SF:src\services\documents\index.ts
FN:18,(anonymous_0)
FN:33,(anonymous_1)
FN:88,(anonymous_2)
FN:140,(anonymous_3)
FN:147,(anonymous_4)
FN:157,(anonymous_5)
FN:175,(anonymous_6)
FN:183,(anonymous_7)
FN:187,(anonymous_8)
FN:198,(anonymous_9)
FN:218,(anonymous_10)
FN:235,(anonymous_11)
FNF:12
FNH:11
FNDA:2,(anonymous_0)
FNDA:2,(anonymous_1)
FNDA:1,(anonymous_2)
FNDA:2,(anonymous_3)
FNDA:3,(anonymous_4)
FNDA:1,(anonymous_5)
FNDA:2,(anonymous_6)
FNDA:4,(anonymous_7)
FNDA:0,(anonymous_8)
FNDA:1,(anonymous_9)
FNDA:1,(anonymous_10)
FNDA:1,(anonymous_11)
DA:22,2
DA:24,2
DA:26,2
DA:37,2
DA:38,2
DA:44,2
DA:45,1
DA:48,1
DA:49,1
DA:51,1
DA:56,1
DA:61,1
DA:72,1
DA:74,1
DA:82,0
DA:83,0
DA:92,1
DA:93,1
DA:99,1
DA:100,0
DA:103,1
DA:104,1
DA:105,1
DA:108,1
DA:113,1
DA:124,1
DA:126,1
DA:134,0
DA:135,0
DA:144,2
DA:145,2
DA:146,2
DA:147,3
DA:149,1
DA:151,0
DA:152,0
DA:162,1
DA:163,1
DA:169,0
DA:170,0
DA:179,2
DA:180,2
DA:181,2
DA:182,2
DA:184,4
DA:188,0
DA:192,0
DA:193,0
DA:204,1
DA:205,1
DA:212,0
DA:213,0
DA:223,1
DA:226,1
DA:227,1
DA:229,0
DA:230,0
DA:240,1
DA:242,1
DA:248,0
DA:249,0
LF:61
LH:43
BRDA:44,0,0,1
BRDA:44,0,1,1
BRDA:49,1,0,1
BRDA:49,1,1,0
BRDA:51,2,0,0
BRDA:51,2,1,1
BRDA:53,3,0,1
BRDA:53,3,1,0
BRDA:75,4,0,1
BRDA:75,4,1,0
BRDA:99,5,0,0
BRDA:99,5,1,1
BRDA:127,6,0,1
BRDA:127,6,1,0
BRDA:146,7,0,1
BRDA:146,7,1,1
BRDA:159,8,0,0
BRDA:160,9,0,0
BRDA:184,10,0,4
BRDA:184,10,1,3
BRDA:184,10,2,3
BRDA:184,10,3,2
BRDA:184,10,4,0
BRDA:201,11,0,0
BRDA:202,12,0,0
BRDA:221,13,0,0
BRF:26
BRH:14
end_of_record
TN:
SF:src\services\encryption\index.ts
FN:11,(anonymous_0)
FN:16,(anonymous_1)
FN:39,(anonymous_2)
FN:56,(anonymous_3)
FN:79,(anonymous_4)
FN:96,(anonymous_5)
FN:107,(anonymous_6)
FN:117,(anonymous_7)
FN:122,(anonymous_8)
FNF:9
FNH:9
FNDA:3,(anonymous_0)
FNDA:13,(anonymous_1)
FNDA:8,(anonymous_2)
FNDA:6,(anonymous_3)
FNDA:1,(anonymous_4)
FNDA:2,(anonymous_5)
FNDA:1,(anonymous_6)
FNDA:2,(anonymous_7)
FNDA:2,(anonymous_8)
DA:6,7
DA:7,7
DA:8,7
DA:12,3
DA:18,13
DA:20,11
DA:21,0
DA:24,11
DA:28,2
DA:31,13
DA:35,13
DA:40,8
DA:41,8
DA:48,8
DA:52,8
DA:60,6
DA:61,6
DA:62,6
DA:64,6
DA:70,6
DA:72,6
DA:74,0
DA:83,1
DA:84,1
DA:90,0
DA:91,0
DA:97,2
DA:98,2
DA:99,2
DA:101,0
DA:102,0
DA:108,1
DA:109,1
DA:111,0
DA:112,0
DA:118,2
DA:126,2
LF:37
LH:29
BRDA:18,0,0,11
BRDA:18,0,1,2
BRDA:20,1,0,0
BRDA:20,1,1,11
BRDA:81,2,0,0
BRDA:96,3,0,0
BRDA:99,4,0,1
BRDA:99,4,1,1
BRDA:107,5,0,0
BRF:9
BRH:5
end_of_record
TN:
SF:src\services\storage\index.ts
FN:11,(anonymous_0)
FN:26,(anonymous_1)
FN:70,(anonymous_2)
FN:94,(anonymous_3)
FN:111,(anonymous_4)
FN:127,(anonymous_5)
FN:131,(anonymous_6)
FN:132,(anonymous_7)
FN:140,(anonymous_8)
FN:162,(anonymous_9)
FNF:10
FNH:10
FNDA:2,(anonymous_0)
FNDA:1,(anonymous_1)
FNDA:1,(anonymous_2)
FNDA:1,(anonymous_3)
FNDA:2,(anonymous_4)
FNDA:2,(anonymous_5)
FNDA:3,(anonymous_6)
FNDA:2,(anonymous_7)
FNDA:1,(anonymous_8)
FNDA:1,(anonymous_9)
DA:8,4
DA:12,2
DA:13,2
DA:14,2
DA:15,1
DA:20,0
DA:21,0
DA:35,1
DA:37,1
DA:43,1
DA:46,1
DA:51,1
DA:52,1
DA:62,1
DA:64,0
DA:65,0
DA:74,1
DA:76,1
DA:81,1
DA:86,1
DA:88,0
DA:89,0
DA:95,1
DA:97,1
DA:100,1
DA:106,0
DA:107,0
DA:114,2
DA:115,2
DA:116,2
DA:121,0
DA:122,0
DA:128,2
DA:129,2
DA:130,2
DA:131,3
DA:132,2
DA:134,0
DA:135,0
DA:145,1
DA:146,1
DA:150,1
DA:156,0
DA:157,0
DA:167,1
DA:168,1
DA:172,1
DA:178,0
DA:179,0
LF:49
LH:33
BRDA:14,0,0,1
BRDA:14,0,1,1
BRDA:56,1,0,1
BRDA:56,1,1,0
BRDA:56,2,0,1
BRDA:56,2,1,0
BRDA:117,3,0,1
BRDA:117,3,1,1
BRDA:117,4,0,1
BRDA:117,4,1,0
BRDA:118,5,0,1
BRDA:118,5,1,1
BRDA:118,6,0,1
BRDA:118,6,1,0
BRF:14
BRH:10
end_of_record
TN:
SF:src\utils\performance.ts
FN:6,(anonymous_0)
FN:11,(anonymous_1)
FN:31,(anonymous_2)
FN:55,(anonymous_3)
FN:60,(anonymous_4)
FN:65,(anonymous_5)
FNF:6
FNH:3
FNDA:26,(anonymous_0)
FNDA:26,(anonymous_1)
FNDA:6,(anonymous_2)
FNDA:0,(anonymous_3)
FNDA:0,(anonymous_4)
FNDA:0,(anonymous_5)
DA:3,1
DA:7,26
DA:12,26
DA:13,26
DA:14,26
DA:15,26
DA:18,26
DA:26,26
DA:33,6
DA:34,0
DA:38,6
DA:44,6
DA:45,0
DA:46,0
DA:56,0
DA:61,0
DA:66,0
LF:17
LH:11
BRDA:13,0,0,26
BRDA:13,0,1,0
BRDA:18,1,0,0
BRDA:18,1,1,26
BRDA:19,2,0,26
BRDA:19,2,1,0
BRDA:31,3,0,0
BRDA:33,4,0,0
BRDA:33,4,1,6
BRDA:44,5,0,0
BRDA:44,5,1,6
BRF:11
BRH:5
end_of_record
