TN:
SF:src\screens\Auth\Login.tsx
FN:26,LoginScreen
FN:36,(anonymous_1)
FN:40,(anonymous_2)
FN:49,(anonymous_3)
FN:54,(anonymous_4)
FN:70,(anonymous_5)
FN:163,(anonymous_6)
FN:179,(anonymous_7)
FNF:8
FNH:0
FNDA:0,LoginScreen
FNDA:0,(anonymous_1)
FNDA:0,(anonymous_2)
FNDA:0,(anonymous_3)
FNDA:0,(anonymous_4)
FNDA:0,(anonymous_5)
FNDA:0,(anonymous_6)
FNDA:0,(anonymous_7)
DA:27,0
DA:28,0
DA:29,0
DA:30,0
DA:31,0
DA:32,0
DA:33,0
DA:34,0
DA:36,0
DA:37,0
DA:40,0
DA:41,0
DA:42,0
DA:43,0
DA:45,0
DA:49,0
DA:50,0
DA:51,0
DA:54,0
DA:55,0
DA:56,0
DA:57,0
DA:58,0
DA:59,0
DA:62,0
DA:65,0
DA:66,0
DA:70,0
DA:71,0
DA:72,0
DA:73,0
DA:74,0
DA:77,0
DA:78,0
DA:79,0
DA:81,0
DA:82,0
DA:83,0
DA:84,0
DA:85,0
DA:86,0
DA:88,0
DA:89,0
DA:90,0
DA:93,0
DA:94,0
DA:95,0
DA:97,0
DA:101,0
DA:164,0
DA:165,0
DA:179,0
DA:190,1
LF:53
LH:1
BRDA:58,0,0,0
BRDA:58,0,1,0
BRDA:71,1,0,0
BRDA:71,1,1,0
BRDA:71,2,0,0
BRDA:71,2,1,0
BRDA:83,3,0,0
BRDA:83,3,1,0
BRDA:146,4,0,0
BRDA:146,4,1,0
BRDA:148,5,0,0
BRDA:148,5,1,0
BRF:12
BRH:0
end_of_record
TN:
SF:src\screens\Documents\DocumentsList.tsx
FN:24,DocumentsListScreen
FN:42,(anonymous_1)
FN:48,(anonymous_2)
FN:66,(anonymous_3)
FN:87,(anonymous_4)
FN:95,(anonymous_5)
FN:116,(anonymous_6)
FN:137,(anonymous_7)
FN:138,(anonymous_8)
FN:146,(anonymous_9)
FN:150,(anonymous_10)
FN:156,(anonymous_11)
FN:165,(anonymous_12)
FN:216,(anonymous_13)
FN:267,(anonymous_14)
FN:367,(anonymous_15)
FN:393,(anonymous_16)
FN:408,(anonymous_17)
FNF:18
FNH:0
FNDA:0,DocumentsListScreen
FNDA:0,(anonymous_1)
FNDA:0,(anonymous_2)
FNDA:0,(anonymous_3)
FNDA:0,(anonymous_4)
FNDA:0,(anonymous_5)
FNDA:0,(anonymous_6)
FNDA:0,(anonymous_7)
FNDA:0,(anonymous_8)
FNDA:0,(anonymous_9)
FNDA:0,(anonymous_10)
FNDA:0,(anonymous_11)
FNDA:0,(anonymous_12)
FNDA:0,(anonymous_13)
FNDA:0,(anonymous_14)
FNDA:0,(anonymous_15)
FNDA:0,(anonymous_16)
FNDA:0,(anonymous_17)
DA:25,0
DA:26,0
DA:27,0
DA:28,0
DA:29,0
DA:30,0
DA:31,0
DA:36,0
DA:37,0
DA:38,0
DA:39,0
DA:40,0
DA:42,0
DA:43,0
DA:44,0
DA:47,0
DA:49,0
DA:51,0
DA:52,0
DA:53,0
DA:55,0
DA:56,0
DA:59,0
DA:65,0
DA:66,0
DA:68,0
DA:69,0
DA:70,0
DA:73,0
DA:74,0
DA:76,0
DA:77,0
DA:79,0
DA:80,0
DA:87,0
DA:88,0
DA:89,0
DA:94,0
DA:96,0
DA:98,0
DA:99,0
DA:100,0
DA:102,0
DA:103,0
DA:106,0
DA:107,0
DA:108,0
DA:109,0
DA:115,0
DA:116,0
DA:118,0
DA:119,0
DA:120,0
DA:123,0
DA:124,0
DA:126,0
DA:127,0
DA:129,0
DA:130,0
DA:137,0
DA:138,0
DA:139,0
DA:140,0
DA:142,0
DA:146,0
DA:150,0
DA:151,0
DA:152,0
DA:156,0
DA:160,0
DA:161,0
DA:162,0
DA:165,0
DA:166,0
DA:167,0
DA:168,0
DA:171,0
DA:172,0
DA:174,0
DA:176,0
DA:177,0
DA:178,0
DA:179,0
DA:183,0
DA:185,0
DA:189,0
DA:191,0
DA:203,0
DA:204,0
DA:205,0
DA:208,0
DA:209,0
DA:210,0
DA:212,0
DA:216,0
DA:217,0
DA:218,0
DA:219,0
DA:222,0
DA:223,0
DA:225,0
DA:227,0
DA:228,0
DA:229,0
DA:230,0
DA:234,0
DA:236,0
DA:240,0
DA:242,0
DA:254,0
DA:255,0
DA:256,0
DA:259,0
DA:260,0
DA:261,0
DA:263,0
DA:267,0
DA:268,0
DA:288,0
DA:367,0
DA:394,0
DA:395,0
DA:408,0
DA:425,1
LF:124
LH:1
BRDA:48,0,0,0
BRDA:48,1,0,0
BRDA:49,2,0,0
BRDA:49,2,1,0
BRDA:52,3,0,0
BRDA:52,3,1,0
BRDA:65,4,0,0
BRDA:65,4,1,0
BRDA:88,5,0,0
BRDA:88,5,1,0
BRDA:88,6,0,0
BRDA:88,6,1,0
BRDA:88,6,2,0
BRDA:95,7,0,0
BRDA:95,8,0,0
BRDA:96,9,0,0
BRDA:96,9,1,0
BRDA:99,10,0,0
BRDA:99,10,1,0
BRDA:115,11,0,0
BRDA:115,11,1,0
BRDA:139,12,0,0
BRDA:139,12,1,0
BRDA:151,13,0,0
BRDA:151,13,1,0
BRDA:158,14,0,0
BRDA:166,15,0,0
BRDA:166,15,1,0
BRDA:177,16,0,0
BRDA:177,16,1,0
BRDA:189,17,0,0
BRDA:189,17,1,0
BRDA:217,18,0,0
BRDA:217,18,1,0
BRDA:228,19,0,0
BRDA:228,19,1,0
BRDA:240,20,0,0
BRDA:240,20,1,0
BRDA:271,21,0,0
BRDA:271,21,1,0
BRDA:271,22,0,0
BRDA:271,22,1,0
BRDA:276,23,0,0
BRDA:276,23,1,0
BRDA:279,24,0,0
BRDA:279,24,1,0
BRDA:282,25,0,0
BRDA:282,25,1,0
BRDA:320,26,0,0
BRDA:320,26,1,0
BRDA:331,27,0,0
BRDA:331,27,1,0
BRDA:335,28,0,0
BRDA:335,28,1,0
BRDA:336,29,0,0
BRDA:336,29,1,0
BRDA:353,30,0,0
BRDA:353,30,1,0
BRDA:358,31,0,0
BRDA:358,31,1,0
BRDA:371,32,0,0
BRDA:371,32,1,0
BRDA:412,33,0,0
BRDA:412,33,1,0
BRF:64
BRH:0
end_of_record
TN:
SF:src\services\auth\index.ts
FN:23,(anonymous_0)
FN:28,(anonymous_1)
FN:56,(anonymous_2)
FN:92,(anonymous_3)
FN:113,(anonymous_4)
FN:132,(anonymous_5)
FN:142,(anonymous_6)
FN:160,(anonymous_7)
FN:169,(anonymous_8)
FN:214,(anonymous_9)
FNF:10
FNH:6
FNDA:0,(anonymous_0)
FNDA:2,(anonymous_1)
FNDA:3,(anonymous_2)
FNDA:2,(anonymous_3)
FNDA:0,(anonymous_4)
FNDA:2,(anonymous_5)
FNDA:2,(anonymous_6)
FNDA:0,(anonymous_7)
FNDA:2,(anonymous_8)
FNDA:0,(anonymous_9)
DA:20,1
DA:24,0
DA:29,2
DA:31,2
DA:34,1
DA:35,1
DA:38,1
DA:45,1
DA:46,1
DA:48,1
DA:50,1
DA:51,1
DA:57,3
DA:58,3
DA:59,3
DA:60,1
DA:64,2
DA:68,2
DA:69,1
DA:74,1
DA:78,1
DA:84,1
DA:86,2
DA:87,2
DA:93,2
DA:94,2
DA:96,2
DA:97,1
DA:100,1
DA:105,1
DA:107,1
DA:108,1
DA:114,0
DA:115,0
DA:116,0
DA:117,0
DA:122,0
DA:124,0
DA:126,0
DA:127,0
DA:133,2
DA:134,2
DA:136,0
DA:137,0
DA:143,2
DA:144,1
DA:147,1
DA:148,1
DA:149,1
DA:150,1
DA:152,1
DA:153,0
DA:161,0
DA:162,0
DA:164,0
DA:174,2
DA:175,2
DA:176,2
DA:177,2
DA:181,0
DA:185,0
DA:186,0
DA:190,0
DA:193,0
DA:194,0
DA:197,0
DA:202,0
DA:208,2
DA:209,2
DA:218,0
DA:219,0
DA:221,0
DA:222,0
LF:73
LH:46
BRDA:59,0,0,1
BRDA:59,0,1,2
BRDA:68,1,0,1
BRDA:68,1,1,1
BRDA:96,2,0,1
BRDA:96,2,1,1
BRDA:116,3,0,0
BRDA:116,3,1,0
BRDA:143,4,0,1
BRDA:143,4,1,1
BRDA:152,5,0,0
BRDA:152,5,1,1
BRDA:152,6,0,1
BRDA:152,6,1,1
BRDA:152,6,2,1
BRDA:152,6,3,1
BRDA:176,7,0,2
BRDA:176,7,1,0
BRDA:185,8,0,0
BRDA:185,8,1,0
BRDA:216,9,0,0
BRF:21
BRH:14
end_of_record
TN:
SF:src\services\database\index.ts
FN:67,(anonymous_0)
FN:127,(anonymous_1)
FN:150,(anonymous_2)
FN:169,(anonymous_3)
FN:185,(anonymous_4)
FN:226,(anonymous_5)
FN:237,(anonymous_6)
FN:258,(anonymous_7)
FN:302,(anonymous_8)
FN:325,(anonymous_9)
FN:348,(anonymous_10)
FN:394,(anonymous_11)
FN:416,(anonymous_12)
FN:440,(anonymous_13)
FN:489,(anonymous_14)
FN:515,(anonymous_15)
FN:557,(anonymous_16)
FN:610,(anonymous_17)
FN:678,(anonymous_18)
FN:692,(anonymous_19)
FN:721,(anonymous_20)
FN:741,(anonymous_21)
FN:778,(anonymous_22)
FN:792,(anonymous_23)
FN:817,(anonymous_24)
FN:821,(anonymous_25)
FN:833,(anonymous_26)
FN:887,(anonymous_27)
FNF:28
FNH:17
FNDA:1,(anonymous_0)
FNDA:1,(anonymous_1)
FNDA:0,(anonymous_2)
FNDA:1,(anonymous_3)
FNDA:1,(anonymous_4)
FNDA:0,(anonymous_5)
FNDA:0,(anonymous_6)
FNDA:1,(anonymous_7)
FNDA:2,(anonymous_8)
FNDA:0,(anonymous_9)
FNDA:0,(anonymous_10)
FNDA:7,(anonymous_11)
FNDA:1,(anonymous_12)
FNDA:1,(anonymous_13)
FNDA:1,(anonymous_14)
FNDA:1,(anonymous_15)
FNDA:1,(anonymous_16)
FNDA:1,(anonymous_17)
FNDA:1,(anonymous_18)
FNDA:1,(anonymous_19)
FNDA:1,(anonymous_20)
FNDA:0,(anonymous_21)
FNDA:0,(anonymous_22)
FNDA:0,(anonymous_23)
FNDA:0,(anonymous_24)
FNDA:0,(anonymous_25)
FNDA:2,(anonymous_26)
FNDA:0,(anonymous_27)
DA:58,3
DA:59,3
DA:60,3
DA:63,3
DA:69,1
DA:84,1
DA:97,1
DA:115,1
DA:129,1
DA:142,1
DA:146,1
DA:152,0
DA:156,0
DA:161,0
DA:170,1
DA:171,1
DA:176,1
DA:177,1
DA:179,0
DA:180,0
DA:186,1
DA:188,1
DA:190,1
DA:199,1
DA:202,1
DA:205,1
DA:206,2
DA:207,2
DA:208,2
DA:211,2
DA:218,1
DA:220,0
DA:221,0
DA:227,0
DA:229,0
DA:230,0
DA:235,0
DA:236,0
DA:237,0
DA:239,0
DA:240,0
DA:241,0
DA:245,0
DA:250,0
DA:252,0
DA:253,0
DA:261,1
DA:263,1
DA:264,1
DA:266,1
DA:273,1
DA:274,1
DA:290,1
DA:295,1
DA:297,0
DA:298,0
DA:303,2
DA:305,2
DA:306,2
DA:311,2
DA:312,1
DA:313,1
DA:318,1
DA:320,0
DA:321,0
DA:326,0
DA:328,0
DA:329,0
DA:334,0
DA:335,0
DA:336,0
DA:341,0
DA:343,0
DA:344,0
DA:349,0
DA:351,0
DA:352,0
DA:353,0
DA:355,0
DA:356,0
DA:357,0
DA:359,0
DA:360,0
DA:361,0
DA:363,0
DA:364,0
DA:365,0
DA:367,0
DA:368,0
DA:369,0
DA:371,0
DA:372,0
DA:373,0
DA:376,0
DA:377,0
DA:378,0
DA:380,0
DA:381,0
DA:386,0
DA:388,0
DA:389,0
DA:400,7
DA:402,7
DA:403,7
DA:405,7
DA:406,7
DA:411,0
DA:420,1
DA:422,1
DA:423,1
DA:428,1
DA:429,1
DA:430,1
DA:432,1
DA:434,0
DA:435,0
DA:451,1
DA:453,1
DA:454,1
DA:456,1
DA:457,1
DA:477,1
DA:482,1
DA:484,0
DA:485,0
DA:490,1
DA:492,1
DA:493,1
DA:498,1
DA:499,1
DA:500,1
DA:501,1
DA:507,1
DA:509,0
DA:510,0
DA:520,1
DA:522,1
DA:524,1
DA:528,1
DA:531,1
DA:532,1
DA:537,1
DA:538,1
DA:539,1
DA:540,1
DA:547,1
DA:549,1
DA:551,0
DA:552,0
DA:563,1
DA:565,1
DA:566,1
DA:567,1
DA:570,1
DA:578,1
DA:581,1
DA:582,1
DA:591,1
DA:592,1
DA:593,1
DA:594,1
DA:601,1
DA:603,1
DA:605,0
DA:606,0
DA:614,1
DA:616,1
DA:617,1
DA:618,1
DA:620,1
DA:621,1
DA:622,1
DA:624,1
DA:625,0
DA:626,0
DA:628,1
DA:629,0
DA:630,0
DA:632,1
DA:633,0
DA:634,0
DA:636,1
DA:637,1
DA:638,1
DA:640,1
DA:641,0
DA:642,0
DA:644,1
DA:645,0
DA:646,0
DA:648,1
DA:649,0
DA:650,0
DA:652,1
DA:653,0
DA:654,0
DA:657,1
DA:658,1
DA:659,1
DA:661,1
DA:662,1
DA:667,1
DA:673,0
DA:674,0
DA:679,1
DA:681,1
DA:682,1
DA:684,1
DA:686,0
DA:687,0
DA:697,1
DA:699,1
DA:700,1
DA:702,1
DA:703,1
DA:709,1
DA:714,1
DA:716,0
DA:717,0
DA:722,1
DA:724,1
DA:725,1
DA:730,1
DA:731,1
DA:732,1
DA:734,1
DA:736,0
DA:737,0
DA:746,0
DA:748,0
DA:749,0
DA:750,0
DA:752,0
DA:753,0
DA:754,0
DA:756,0
DA:757,0
DA:758,0
DA:761,0
DA:762,0
DA:763,0
DA:765,0
DA:766,0
DA:771,0
DA:773,0
DA:774,0
DA:779,0
DA:781,0
DA:782,0
DA:784,0
DA:786,0
DA:787,0
DA:793,0
DA:795,0
DA:796,0
DA:801,0
DA:802,0
DA:803,0
DA:804,0
DA:810,0
DA:812,0
DA:813,0
DA:818,0
DA:820,0
DA:821,0
DA:822,0
DA:827,0
DA:828,0
DA:837,2
DA:839,2
DA:840,2
DA:842,2
DA:843,2
DA:845,2
DA:847,3
DA:848,3
DA:850,3
DA:871,1
DA:872,1
DA:878,1
DA:880,1
DA:881,1
DA:882,1
DA:888,0
DA:889,0
DA:890,0
LF:286
LH:150
BRDA:186,0,0,0
BRDA:186,0,1,1
BRDA:202,1,0,1
BRDA:202,1,1,1
BRDA:206,2,0,2
BRDA:206,2,1,0
BRDA:227,3,0,0
BRDA:227,3,1,0
BRDA:239,4,0,0
BRDA:239,4,1,0
BRDA:261,5,0,0
BRDA:261,5,1,1
BRDA:303,6,0,0
BRDA:303,6,1,2
BRDA:311,7,0,1
BRDA:311,7,1,1
BRDA:315,8,0,1
BRDA:315,8,1,0
BRDA:326,9,0,0
BRDA:326,9,1,0
BRDA:334,10,0,0
BRDA:334,10,1,0
BRDA:338,11,0,0
BRDA:338,11,1,0
BRDA:349,12,0,0
BRDA:349,12,1,0
BRDA:355,13,0,0
BRDA:355,13,1,0
BRDA:359,14,0,0
BRDA:359,14,1,0
BRDA:363,15,0,0
BRDA:363,15,1,0
BRDA:367,16,0,0
BRDA:367,16,1,0
BRDA:371,17,0,0
BRDA:371,17,1,0
BRDA:400,18,0,0
BRDA:400,18,1,7
BRDA:408,19,0,7
BRDA:408,19,1,7
BRDA:418,20,0,0
BRDA:420,21,0,0
BRDA:420,21,1,1
BRDA:451,22,0,0
BRDA:451,22,1,1
BRDA:465,23,0,1
BRDA:465,23,1,0
BRDA:466,24,0,1
BRDA:466,24,1,0
BRDA:467,25,0,1
BRDA:467,25,1,0
BRDA:468,26,0,1
BRDA:468,26,1,0
BRDA:469,27,0,1
BRDA:469,27,1,0
BRDA:470,28,0,1
BRDA:470,28,1,0
BRDA:490,29,0,0
BRDA:490,29,1,1
BRDA:503,30,0,1
BRDA:503,30,1,0
BRDA:517,31,0,0
BRDA:518,32,0,0
BRDA:520,33,0,0
BRDA:520,33,1,1
BRDA:542,34,0,1
BRDA:542,34,1,0
BRDA:560,35,0,0
BRDA:561,36,0,0
BRDA:563,37,0,0
BRDA:563,37,1,1
BRDA:596,38,0,1
BRDA:596,38,1,0
BRDA:614,39,0,0
BRDA:614,39,1,1
BRDA:620,40,0,1
BRDA:620,40,1,0
BRDA:624,41,0,0
BRDA:624,41,1,1
BRDA:628,42,0,0
BRDA:628,42,1,1
BRDA:632,43,0,0
BRDA:632,43,1,1
BRDA:636,44,0,1
BRDA:636,44,1,0
BRDA:640,45,0,0
BRDA:640,45,1,1
BRDA:644,46,0,0
BRDA:644,46,1,1
BRDA:648,47,0,0
BRDA:648,47,1,1
BRDA:652,48,0,0
BRDA:652,48,1,1
BRDA:654,49,0,0
BRDA:654,49,1,0
BRDA:668,50,0,1
BRDA:668,50,1,1
BRDA:679,51,0,0
BRDA:679,51,1,1
BRDA:697,52,0,0
BRDA:697,52,1,1
BRDA:722,53,0,0
BRDA:722,53,1,1
BRDA:746,54,0,0
BRDA:746,54,1,0
BRDA:752,55,0,0
BRDA:752,55,1,0
BRDA:756,56,0,0
BRDA:756,56,1,0
BRDA:779,57,0,0
BRDA:779,57,1,0
BRDA:793,58,0,0
BRDA:793,58,1,0
BRDA:806,59,0,0
BRDA:806,59,1,0
BRDA:818,60,0,0
BRDA:818,60,1,0
BRDA:837,61,0,0
BRDA:837,61,1,2
BRDA:858,62,0,3
BRDA:858,62,1,0
BRDA:859,63,0,3
BRDA:859,63,1,3
BRDA:860,64,0,3
BRDA:860,64,1,3
BRDA:861,65,0,3
BRDA:861,65,1,3
BRDA:862,66,0,3
BRDA:862,66,1,0
BRDA:863,67,0,3
BRDA:863,67,1,3
BRDA:888,68,0,0
BRDA:888,68,1,0
BRF:133
BRH:52
end_of_record
TN:
SF:src\services\encryption\index.ts
FN:11,(anonymous_0)
FN:16,(anonymous_1)
FN:44,(anonymous_2)
FN:61,(anonymous_3)
FN:84,(anonymous_4)
FN:101,(anonymous_5)
FN:112,(anonymous_6)
FN:122,(anonymous_7)
FN:127,(anonymous_8)
FNF:9
FNH:9
FNDA:3,(anonymous_0)
FNDA:13,(anonymous_1)
FNDA:8,(anonymous_2)
FNDA:6,(anonymous_3)
FNDA:1,(anonymous_4)
FNDA:2,(anonymous_5)
FNDA:1,(anonymous_6)
FNDA:2,(anonymous_7)
FNDA:2,(anonymous_8)
DA:6,3
DA:7,3
DA:8,3
DA:12,3
DA:18,13
DA:21,11
DA:24,0
DA:28,11
DA:33,2
DA:36,13
DA:40,13
DA:45,8
DA:46,8
DA:53,8
DA:57,8
DA:65,6
DA:66,6
DA:67,6
DA:69,6
DA:75,6
DA:77,6
DA:79,0
DA:88,1
DA:89,1
DA:95,0
DA:96,0
DA:102,2
DA:103,2
DA:104,2
DA:106,0
DA:107,0
DA:113,1
DA:114,1
DA:116,0
DA:117,0
DA:123,2
DA:131,2
LF:37
LH:29
BRDA:18,0,0,11
BRDA:18,0,1,2
BRDA:21,1,0,0
BRDA:21,1,1,11
BRDA:86,2,0,0
BRDA:101,3,0,0
BRDA:104,4,0,1
BRDA:104,4,1,1
BRDA:112,5,0,0
BRF:9
BRH:5
end_of_record
TN:
SF:src\services\storage\index.ts
FN:12,(anonymous_0)
FN:32,(anonymous_1)
FN:81,(anonymous_2)
FN:105,(anonymous_3)
FN:122,(anonymous_4)
FN:138,(anonymous_5)
FN:142,(anonymous_6)
FN:143,(anonymous_7)
FN:151,(anonymous_8)
FN:173,(anonymous_9)
FNF:10
FNH:10
FNDA:2,(anonymous_0)
FNDA:1,(anonymous_1)
FNDA:1,(anonymous_2)
FNDA:1,(anonymous_3)
FNDA:2,(anonymous_4)
FNDA:2,(anonymous_5)
FNDA:3,(anonymous_6)
FNDA:2,(anonymous_7)
FNDA:1,(anonymous_8)
FNDA:1,(anonymous_9)
DA:9,1
DA:13,2
DA:15,0
DA:18,2
DA:19,2
DA:20,2
DA:21,1
DA:26,0
DA:27,0
DA:41,1
DA:43,0
DA:46,1
DA:48,1
DA:54,1
DA:57,1
DA:62,1
DA:63,1
DA:73,1
DA:75,0
DA:76,0
DA:85,1
DA:87,1
DA:92,1
DA:97,1
DA:99,0
DA:100,0
DA:106,1
DA:108,1
DA:111,1
DA:117,0
DA:118,0
DA:125,2
DA:126,2
DA:127,2
DA:132,0
DA:133,0
DA:139,2
DA:140,2
DA:141,2
DA:142,3
DA:143,2
DA:145,0
DA:146,0
DA:156,1
DA:157,1
DA:161,1
DA:167,0
DA:168,0
DA:178,1
DA:179,1
DA:183,1
DA:189,0
DA:190,0
LF:53
LH:35
BRDA:13,0,0,0
BRDA:13,0,1,2
BRDA:20,1,0,1
BRDA:20,1,1,1
BRDA:41,2,0,0
BRDA:41,2,1,1
BRDA:67,3,0,1
BRDA:67,3,1,0
BRDA:67,4,0,1
BRDA:67,4,1,0
BRDA:128,5,0,1
BRDA:128,5,1,1
BRDA:128,6,0,1
BRDA:128,6,1,0
BRDA:129,7,0,1
BRDA:129,7,1,1
BRDA:129,8,0,1
BRDA:129,8,1,0
BRF:18
BRH:12
end_of_record
TN:
SF:src\store\slices\authSlice.ts
FN:27,(anonymous_0)
FN:31,(anonymous_1)
FN:36,(anonymous_2)
FN:40,(anonymous_3)
FN:44,(anonymous_4)
FNF:5
FNH:0
FNDA:0,(anonymous_0)
FNDA:0,(anonymous_1)
FNDA:0,(anonymous_2)
FNDA:0,(anonymous_3)
FNDA:0,(anonymous_4)
DA:16,1
DA:23,1
DA:28,0
DA:29,0
DA:32,0
DA:33,0
DA:34,0
DA:37,0
DA:38,0
DA:41,0
DA:42,0
DA:45,0
DA:46,0
DA:53,1
LF:14
LH:3
BRDA:45,0,0,0
BRDA:45,0,1,0
BRF:2
BRH:0
end_of_record
TN:
SF:src\store\slices\documentsSlice.ts
FN:46,(anonymous_0)
FN:49,(anonymous_1)
FN:52,(anonymous_2)
FN:55,(anonymous_3)
FN:60,(anonymous_4)
FN:69,(anonymous_5)
FN:71,(anonymous_6)
FN:74,(anonymous_7)
FN:77,(anonymous_8)
FN:80,(anonymous_9)
FN:85,(anonymous_10)
FN:94,(anonymous_11)
FN:96,(anonymous_12)
FN:99,(anonymous_13)
FNF:14
FNH:0
FNDA:0,(anonymous_0)
FNDA:0,(anonymous_1)
FNDA:0,(anonymous_2)
FNDA:0,(anonymous_3)
FNDA:0,(anonymous_4)
FNDA:0,(anonymous_5)
FNDA:0,(anonymous_6)
FNDA:0,(anonymous_7)
FNDA:0,(anonymous_8)
FNDA:0,(anonymous_9)
FNDA:0,(anonymous_10)
FNDA:0,(anonymous_11)
FNDA:0,(anonymous_12)
FNDA:0,(anonymous_13)
DA:35,1
DA:42,1
DA:47,0
DA:50,0
DA:53,0
DA:59,0
DA:60,0
DA:62,0
DA:63,0
DA:70,0
DA:71,0
DA:75,0
DA:78,0
DA:84,0
DA:85,0
DA:87,0
DA:88,0
DA:95,0
DA:96,0
DA:100,0
DA:116,1
LF:21
LH:3
BRDA:62,0,0,0
BRDA:62,0,1,0
BRDA:87,1,0,0
BRDA:87,1,1,0
BRF:4
BRH:0
end_of_record
TN:
SF:src\utils\performance.ts
FN:6,(anonymous_0)
FN:11,(anonymous_1)
FN:31,(anonymous_2)
FN:55,(anonymous_3)
FN:60,(anonymous_4)
FN:65,(anonymous_5)
FNF:6
FNH:0
FNDA:0,(anonymous_0)
FNDA:0,(anonymous_1)
FNDA:0,(anonymous_2)
FNDA:0,(anonymous_3)
FNDA:0,(anonymous_4)
FNDA:0,(anonymous_5)
DA:3,1
DA:7,0
DA:12,0
DA:13,0
DA:14,0
DA:15,0
DA:18,0
DA:26,0
DA:33,0
DA:34,0
DA:38,0
DA:44,0
DA:45,0
DA:46,0
DA:56,0
DA:61,0
DA:66,0
LF:17
LH:1
BRDA:13,0,0,0
BRDA:13,0,1,0
BRDA:18,1,0,0
BRDA:18,1,1,0
BRDA:19,2,0,0
BRDA:19,2,1,0
BRDA:31,3,0,0
BRDA:33,4,0,0
BRDA:33,4,1,0
BRDA:44,5,0,0
BRDA:44,5,1,0
BRF:11
BRH:0
end_of_record
