<?xml version="1.0" encoding="UTF-8"?>
<coverage generated="1756619305418" clover="3.2.0">
  <project timestamp="1756619305418" name="All files">
    <metrics statements="17" coveredstatements="11" conditionals="11" coveredconditionals="5" methods="6" coveredmethods="3" elements="34" coveredelements="19" complexity="0" loc="17" ncloc="17" packages="1" files="1" classes="1"/>
    <file name="performance.ts" path="C:\Users\Jayant\Documents\projects\docsshelf\src\utils\performance.ts">
      <metrics statements="17" coveredstatements="11" conditionals="11" coveredconditionals="5" methods="6" coveredmethods="3"/>
      <line num="3" count="1" type="stmt"/>
      <line num="7" count="3" type="stmt"/>
      <line num="12" count="3" type="stmt"/>
      <line num="13" count="3" type="cond" truecount="1" falsecount="1"/>
      <line num="14" count="3" type="stmt"/>
      <line num="15" count="3" type="stmt"/>
      <line num="18" count="3" type="cond" truecount="1" falsecount="1"/>
      <line num="26" count="3" type="stmt"/>
      <line num="33" count="1" type="cond" truecount="1" falsecount="1"/>
      <line num="34" count="0" type="stmt"/>
      <line num="38" count="1" type="stmt"/>
      <line num="44" count="1" type="cond" truecount="1" falsecount="1"/>
      <line num="45" count="0" type="stmt"/>
      <line num="46" count="0" type="stmt"/>
      <line num="56" count="0" type="stmt"/>
      <line num="61" count="0" type="stmt"/>
      <line num="66" count="0" type="stmt"/>
    </file>
  </project>
</coverage>
