{
  "C:\\Users\\Jayant\\Documents\\projects\\docsshelf\\src\\utils\\performance.ts": {
    "path": "C:\\Users\\Jayant\\Documents\\projects\\docsshelf\\src\\utils\\performance.ts",
    "statementMap": {
      "0": {
        "start": { "line": 3, "column": 51 },
        "end": { "line": 3, "column": 60 }
      },
      "1": {
        "start": { "line": 7, "column": 4 },
        "end": { "line": 7, "column": 47 }
      },
      "2": {
        "start": { "line": 12, "column": 22 },
        "end": { "line": 12, "column": 52 }
      },
      "3": {
        "start": { "line": 13, "column": 4 },
        "end": { "line": 27, "column": 5 }
      },
      "4": {
        "start": { "line": 14, "column": 23 },
        "end": { "line": 14, "column": 45 }
      },
      "5": {
        "start": { "line": 15, "column": 6 },
        "end": { "line": 15, "column": 63 }
      },
      "6": {
        "start": { "line": 18, "column": 6 },
        "end": { "line": 24, "column": 7 }
      },
      "7": {
        "start": { "line": 26, "column": 6 },
        "end": { "line": 26, "column": 40 }
      },
      "8": {
        "start": { "line": 33, "column": 4 },
        "end": { "line": 35, "column": 5 }
      },
      "9": {
        "start": { "line": 34, "column": 6 },
        "end": { "line": 34, "column": 56 }
      },
      "10": {
        "start": { "line": 38, "column": 34 },
        "end": { "line": 42, "column": 5 }
      },
      "11": {
        "start": { "line": 44, "column": 4 },
        "end": { "line": 51, "column": 5 }
      },
      "12": {
        "start": { "line": 45, "column": 22 },
        "end": { "line": 45, "column": 62 }
      },
      "13": {
        "start": { "line": 46, "column": 6 },
        "end": { "line": 50, "column": 8 }
      },
      "14": {
        "start": { "line": 56, "column": 4 },
        "end": { "line": 56, "column": 34 }
      },
      "15": {
        "start": { "line": 61, "column": 4 },
        "end": { "line": 61, "column": 47 }
      },
      "16": {
        "start": { "line": 66, "column": 4 },
        "end": { "line": 66, "column": 40 }
      }
    },
    "fnMap": {
      "0": {
        "name": "(anonymous_0)",
        "decl": {
          "start": { "line": 6, "column": 2 },
          "end": { "line": 6, "column": 3 }
        },
        "loc": {
          "start": { "line": 6, "column": 45 },
          "end": { "line": 8, "column": 3 }
        },
        "line": 6
      },
      "1": {
        "name": "(anonymous_1)",
        "decl": {
          "start": { "line": 11, "column": 2 },
          "end": { "line": 11, "column": 3 }
        },
        "loc": {
          "start": { "line": 11, "column": 43 },
          "end": { "line": 28, "column": 3 }
        },
        "line": 11
      },
      "2": {
        "name": "(anonymous_2)",
        "decl": {
          "start": { "line": 31, "column": 2 },
          "end": { "line": 31, "column": 3 }
        },
        "loc": {
          "start": { "line": 31, "column": 62 },
          "end": { "line": 52, "column": 3 }
        },
        "line": 31
      },
      "3": {
        "name": "(anonymous_3)",
        "decl": {
          "start": { "line": 55, "column": 2 },
          "end": { "line": 55, "column": 3 }
        },
        "loc": {
          "start": { "line": 55, "column": 34 },
          "end": { "line": 57, "column": 3 }
        },
        "line": 55
      },
      "4": {
        "name": "(anonymous_4)",
        "decl": {
          "start": { "line": 60, "column": 2 },
          "end": { "line": 60, "column": 3 }
        },
        "loc": {
          "start": { "line": 60, "column": 50 },
          "end": { "line": 62, "column": 3 }
        },
        "line": 60
      },
      "5": {
        "name": "(anonymous_5)",
        "decl": {
          "start": { "line": 65, "column": 2 },
          "end": { "line": 65, "column": 3 }
        },
        "loc": {
          "start": { "line": 65, "column": 44 },
          "end": { "line": 67, "column": 3 }
        },
        "line": 65
      }
    },
    "branchMap": {
      "0": {
        "loc": {
          "start": { "line": 13, "column": 4 },
          "end": { "line": 27, "column": 5 }
        },
        "type": "if",
        "locations": [
          {
            "start": { "line": 13, "column": 4 },
            "end": { "line": 27, "column": 5 }
          },
          { "start": {}, "end": {} }
        ],
        "line": 13
      },
      "1": {
        "loc": {
          "start": { "line": 18, "column": 6 },
          "end": { "line": 24, "column": 7 }
        },
        "type": "if",
        "locations": [
          {
            "start": { "line": 18, "column": 6 },
            "end": { "line": 24, "column": 7 }
          },
          { "start": {}, "end": {} }
        ],
        "line": 18
      },
      "2": {
        "loc": {
          "start": { "line": 19, "column": 8 },
          "end": { "line": 20, "column": 60 }
        },
        "type": "binary-expr",
        "locations": [
          {
            "start": { "line": 19, "column": 8 },
            "end": { "line": 19, "column": 46 }
          },
          {
            "start": { "line": 20, "column": 8 },
            "end": { "line": 20, "column": 60 }
          }
        ],
        "line": 19
      },
      "3": {
        "loc": {
          "start": { "line": 31, "column": 24 },
          "end": { "line": 31, "column": 54 }
        },
        "type": "default-arg",
        "locations": [
          {
            "start": { "line": 31, "column": 40 },
            "end": { "line": 31, "column": 54 }
          }
        ],
        "line": 31
      },
      "4": {
        "loc": {
          "start": { "line": 33, "column": 4 },
          "end": { "line": 35, "column": 5 }
        },
        "type": "if",
        "locations": [
          {
            "start": { "line": 33, "column": 4 },
            "end": { "line": 35, "column": 5 }
          },
          { "start": {}, "end": {} }
        ],
        "line": 33
      },
      "5": {
        "loc": {
          "start": { "line": 44, "column": 4 },
          "end": { "line": 51, "column": 5 }
        },
        "type": "if",
        "locations": [
          {
            "start": { "line": 44, "column": 4 },
            "end": { "line": 51, "column": 5 }
          },
          { "start": {}, "end": {} }
        ],
        "line": 44
      }
    },
    "s": {
      "0": 1,
      "1": 3,
      "2": 3,
      "3": 3,
      "4": 3,
      "5": 3,
      "6": 3,
      "7": 3,
      "8": 1,
      "9": 0,
      "10": 1,
      "11": 1,
      "12": 0,
      "13": 0,
      "14": 0,
      "15": 0,
      "16": 0
    },
    "f": { "0": 3, "1": 3, "2": 1, "3": 0, "4": 0, "5": 0 },
    "b": {
      "0": [3, 0],
      "1": [0, 3],
      "2": [3, 0],
      "3": [0],
      "4": [0, 1],
      "5": [0, 1]
    },
    "_coverageSchema": "1a1c01bbd47fc00a2c39e90264f33305004495a9",
    "hash": "fa815cc0c2a96bcf71b73a07fd04a7bec147784d"
  }
}
