TN:
SF:src\utils\performance.ts
FN:6,(anonymous_0)
FN:11,(anonymous_1)
FN:31,(anonymous_2)
FN:55,(anonymous_3)
FN:60,(anonymous_4)
FN:65,(anonymous_5)
FNF:6
FNH:3
FNDA:3,(anonymous_0)
FNDA:3,(anonymous_1)
FNDA:1,(anonymous_2)
FNDA:0,(anonymous_3)
FNDA:0,(anonymous_4)
FNDA:0,(anonymous_5)
DA:3,1
DA:7,3
DA:12,3
DA:13,3
DA:14,3
DA:15,3
DA:18,3
DA:26,3
DA:33,1
DA:34,0
DA:38,1
DA:44,1
DA:45,0
DA:46,0
DA:56,0
DA:61,0
DA:66,0
LF:17
LH:11
BRDA:13,0,0,3
BRDA:13,0,1,0
BRDA:18,1,0,0
BRDA:18,1,1,3
BRDA:19,2,0,3
BRDA:19,2,1,0
BRDA:31,3,0,0
BRDA:33,4,0,0
BRDA:33,4,1,1
BRDA:44,5,0,0
BRDA:44,5,1,1
BRF:11
BRH:5
end_of_record
